make[1]: Entering directory '/home/marius/GolandProjects/hlabgen'
\033[34mğŸš€ Generating ApprovalAPI in ml mode...\033[0m

ğŸš€ Starting generation for app: ApprovalAPI (mode=ml)
2025/11/11 19:35:54 ğŸ¤– Starting PURE ML-based generation (no rules)...
ğŸ¤– Trying model: gpt-4o
â±ï¸  Model call took 29.187628622s (model: gpt-4o, attempt: 1)
âœ… Parsed 6 files

ğŸ“Š Generation Summary:
  â€¢ Duration: 29.1880211s
  â€¢ Primary Success: true
  â€¢ Repair Attempts: 0
  â€¢ Final Success: true
  â€¢ Error: 
âœ… ApprovalAPI generation completed successfully
ğŸ§¾ Saved ML metrics â†’ experiments/ApprovalAPI/gen_metrics.json
ğŸ“ Processing: internal/models/approval.go
âœ… Written: experiments/out/ApprovalAPI/internal/models/approval.go
ğŸ“ Processing: internal/handlers/approval.go
ğŸ”§ Fixed handler signature for CreateApprovalRequest
ğŸ”§ Fixed handler signature for GetPendingApprovals
âœ… Written: experiments/out/ApprovalAPI/internal/handlers/approval.go
ğŸ“ Processing: internal/handlers/approval_test.go
ğŸ”§ Fixed test signature for TestCreateApprovalRequest
ğŸ”§ Fixed test signature for TestApproveApprovalRequest
ğŸ”§ Fixed test signature for TestRejectApprovalRequest
ğŸ”§ Fixed test signature for TestGetPendingApprovals
âœ… Auto-fixed test signatures in internal/handlers/approval_test.go
âœ… Written: experiments/out/ApprovalAPI/internal/handlers/approval_test.go
ğŸ“ Processing: internal/routes/routes.go
ğŸ”§ Fixed Register function parameter
âœ… Written: experiments/out/ApprovalAPI/internal/routes/routes.go
ğŸ“ Processing: cmd/main.go
âœ… Written: experiments/out/ApprovalAPI/cmd/main.go
ğŸ“ Processing: tasks.md
âš ï¸  Syntax validation failed for tasks.md: temp.go:1:1: illegal character U+0023 '#'
ğŸ”§ Attempting additional fixes...
âŒ Could not auto-fix syntax errors in tasks.md
âœ… Written: experiments/out/ApprovalAPI/tasks.md

ğŸ”§ Total rule-based fixes applied: 13
ğŸ”§ Fixing parseID type mismatches...
ğŸ”§ Running rule-based auto-fix on ML-generated files...

ğŸ”§ Auto-fixing all files in: experiments/out/ApprovalAPI

ğŸ“ Fixing test function signatures...
  âœ… Fixed test signatures in approval_test.go

ğŸ“ Fixing handler function signatures...

ğŸ“ Fixing routes Register function...

âœ… Applied 1 auto-fixes
âœ… Rule-based fixes applied successfully
ğŸ” Validating Go syntax (ML-only)...
âœ… All ML-generated files have valid Go syntax
2025/11/11 19:36:23 ğŸ”§ Detected module name: github.com/eif-courses/hlabgen/experiments/out/ApprovalAPI â€” fixing imports...
2025/11/11 19:36:23   âœ… Updated imports in: cmd/main.go
2025/11/11 19:36:23   âœ… Updated imports in: internal/handlers/approval.go
2025/11/11 19:36:23   âœ… Updated imports in: internal/handlers/approval_test.go
2025/11/11 19:36:23   âœ… Updated imports in: internal/routes/routes.go
2025/11/11 19:36:23 âœ… Fixed imports in 4 file(s)
ğŸ”§ Running go mod tidy...
âœ… Dependencies tidied
âœ… ML-only generation completed (29.22s)
ğŸ”§ Injected mux import â†’ experiments/out/ApprovalAPI/internal/handlers/approval.go
ğŸ”§ Verified mux dependency and tidied module
ğŸ“ Saved per-package coverage â†’ experiments/out/ApprovalAPI/coverage.json
ğŸ§¾ Added summary row (with ML metrics) â†’ experiments/logs/coverage.csv

--- go test summary ---

--- experiments/out/ApprovalAPI/internal/handlers ---
# github.com/eif-courses/hlabgen/experiments/out/ApprovalAPI/internal/models
../models/approvalrequest.go:6:6: ApprovalRequest redeclared in this block
	../models/approval.go:3:6: other declaration of ApprovalRequest
../models/approvalrequest.go:19:9: undefined: fmt
FAIL	github.com/eif-courses/hlabgen/experiments/out/ApprovalAPI/internal/handlers [build failed]

------------------------
âœ… Validation completed in 0.79s

ğŸ“Š Summary for ApprovalAPI (mode: ml):
  â€¢ BuildSuccess = false
  â€¢ LintWarnings = 29
  â€¢ TestsPass    = false
  â€¢ Coverage     = 0.0%
  â€¢ Generation Duration = 29.221435732s
  â€¢ Repair Attempts = 0
  â€¢ Rule Fixes   = 13
ğŸ§¾ Wrote 10 unique experiments to experiments/logs/summary.csv

ğŸ§¾ Generating Markdown summary from JSON metrics...
ğŸ“Š Markdown results saved â†’ experiments/logs/results.md
âœ… Summary successfully written to experiments/logs/results.md

âœ… Experiment complete..
\033[32mâœ… Finished generating ApprovalAPI\033[0m
make[1]: Leaving directory '/home/marius/GolandProjects/hlabgen'
make[1]: Entering directory '/home/marius/GolandProjects/hlabgen'
\033[34mğŸ“Š Generating standard Markdown report...\033[0m
ğŸ“Š Generating reports (mode: standard)...
âœ… Standard report with lint/vet warnings: experiments/logs/results.md

============================================================
ğŸ“Š REPORT GENERATION SUMMARY
============================================================
âœ… 10/10 experiments succeeded (100.0%)
ğŸ“ Reports saved in: experiments/logs/
============================================================
\033[32mâœ… Report ready: experiments/logs/results.md\033[0m
make[1]: Leaving directory '/home/marius/GolandProjects/hlabgen'
make[1]: Entering directory '/home/marius/GolandProjects/hlabgen'
\033[34mğŸš€ Generating AuthAPI in ml mode...\033[0m

ğŸš€ Starting generation for app: AuthAPI (mode=ml)
2025/11/11 19:36:24 ğŸ¤– Starting PURE ML-based generation (no rules)...
ğŸ¤– Trying model: gpt-4o
â±ï¸  Model call took 27.106542441s (model: gpt-4o, attempt: 1)
âœ… Parsed 9 files

ğŸ“Š Generation Summary:
  â€¢ Duration: 27.107198971s
  â€¢ Primary Success: true
  â€¢ Repair Attempts: 0
  â€¢ Final Success: true
  â€¢ Error: 
âœ… AuthAPI generation completed successfully
ğŸ§¾ Saved ML metrics â†’ experiments/AuthAPI/gen_metrics.json
ğŸ“ Processing: internal/models/user.go
âœ… Written: experiments/out/AuthAPI/internal/models/user.go
ğŸ“ Processing: internal/models/session.go
âœ… Written: experiments/out/AuthAPI/internal/models/session.go
ğŸ“ Processing: internal/handlers/user.go
âœ… Written: experiments/out/AuthAPI/internal/handlers/user.go
ğŸ“ Processing: internal/handlers/session.go
âœ… Written: experiments/out/AuthAPI/internal/handlers/session.go
ğŸ“ Processing: internal/handlers/user_test.go
ğŸ”§ Fixed test signature for TestRegisterUser
ğŸ”§ Fixed test signature for TestLoginUser
âœ… Auto-fixed test signatures in internal/handlers/user_test.go
âœ… Written: experiments/out/AuthAPI/internal/handlers/user_test.go
ğŸ“ Processing: internal/handlers/session_test.go
ğŸ”§ Fixed test signature for TestLogoutUser
âœ… Auto-fixed test signatures in internal/handlers/session_test.go
âœ… Written: experiments/out/AuthAPI/internal/handlers/session_test.go
ğŸ“ Processing: internal/routes/routes.go
ğŸ”§ Fixed Register function parameter
âœ… Written: experiments/out/AuthAPI/internal/routes/routes.go
ğŸ“ Processing: cmd/main.go
âœ… Written: experiments/out/AuthAPI/cmd/main.go
ğŸ“ Processing: tasks.md
âš ï¸  Syntax validation failed for tasks.md: temp.go:1:1: illegal character U+0023 '#'
ğŸ”§ Attempting additional fixes...
âŒ Could not auto-fix syntax errors in tasks.md
âœ… Written: experiments/out/AuthAPI/tasks.md

ğŸ”§ Total rule-based fixes applied: 16
ğŸ”§ Fixing parseID type mismatches...
ğŸ”§ Running rule-based auto-fix on ML-generated files...

ğŸ”§ Auto-fixing all files in: experiments/out/AuthAPI

ğŸ“ Fixing test function signatures...
  âœ… Fixed test signatures in session_test.go
  âœ… Fixed test signatures in user_test.go

ğŸ“ Fixing handler function signatures...

ğŸ“ Fixing routes Register function...

âœ… Applied 2 auto-fixes
âœ… Rule-based fixes applied successfully
ğŸ” Validating Go syntax (ML-only)...
âœ… All ML-generated files have valid Go syntax
2025/11/11 19:36:51 ğŸ”§ Detected module name: github.com/eif-courses/hlabgen/experiments/out/AuthAPI â€” fixing imports...
2025/11/11 19:36:51   âœ… Updated imports in: cmd/main.go
2025/11/11 19:36:51   âœ… Updated imports in: internal/handlers/session.go
2025/11/11 19:36:51   âœ… Updated imports in: internal/handlers/session_test.go
2025/11/11 19:36:51   âœ… Updated imports in: internal/handlers/user.go
2025/11/11 19:36:51   âœ… Updated imports in: internal/handlers/user_test.go
2025/11/11 19:36:51   âœ… Updated imports in: internal/routes/routes.go
2025/11/11 19:36:51 âœ… Fixed imports in 6 file(s)
ğŸ”§ Running go mod tidy...
âœ… Dependencies tidied
âœ… ML-only generation completed (27.14s)
ğŸ”§ Injected mux import â†’ experiments/out/AuthAPI/internal/handlers/session.go
ğŸ”§ Verified mux dependency and tidied module
ğŸ“ Saved per-package coverage â†’ experiments/out/AuthAPI/coverage.json
ğŸ§¾ Added summary row (with ML metrics) â†’ experiments/logs/coverage.csv

--- go test summary ---

--- experiments/out/AuthAPI/internal/handlers ---
# github.com/eif-courses/hlabgen/experiments/out/AuthAPI/internal/handlers [github.com/eif-courses/hlabgen/experiments/out/AuthAPI/internal/handlers.test]
./session.go:15:19: undefined: r
./session.go:18:14: undefined: w
./session.go:24:4: undefined: w
./session.go:28:44: undefined: w
./user.go:19:5: undefined: r
./user.go:20:14: undefined: w
./user.go:23:59: undefined: r
./user.go:24:14: undefined: w
./user.go:28:14: undefined: w
./user.go:34:2: undefined: w
./user.go:34:2: too many errors
FAIL	github.com/eif-courses/hlabgen/experiments/out/AuthAPI/internal/handlers [build failed]

------------------------
âœ… Validation completed in 0.73s

ğŸ“Š Summary for AuthAPI (mode: ml):
  â€¢ BuildSuccess = false
  â€¢ LintWarnings = 36
  â€¢ TestsPass    = false
  â€¢ Coverage     = 0.0%
  â€¢ Generation Duration = 27.135024646s
  â€¢ Repair Attempts = 0
  â€¢ Rule Fixes   = 16
ğŸ§¾ Wrote 10 unique experiments to experiments/logs/summary.csv

ğŸ§¾ Generating Markdown summary from JSON metrics...
ğŸ“Š Markdown results saved â†’ experiments/logs/results.md
âœ… Summary successfully written to experiments/logs/results.md

âœ… Experiment complete..
\033[32mâœ… Finished generating AuthAPI\033[0m
make[1]: Leaving directory '/home/marius/GolandProjects/hlabgen'
make[1]: Entering directory '/home/marius/GolandProjects/hlabgen'
\033[34mğŸ“Š Generating standard Markdown report...\033[0m
ğŸ“Š Generating reports (mode: standard)...
âœ… Standard report with lint/vet warnings: experiments/logs/results.md

============================================================
ğŸ“Š REPORT GENERATION SUMMARY
============================================================
âœ… 10/10 experiments succeeded (100.0%)
ğŸ“ Reports saved in: experiments/logs/
============================================================
\033[32mâœ… Report ready: experiments/logs/results.md\033[0m
make[1]: Leaving directory '/home/marius/GolandProjects/hlabgen'
make[1]: Entering directory '/home/marius/GolandProjects/hlabgen'
\033[34mğŸš€ Generating InventoryAPI in ml mode...\033[0m

ğŸš€ Starting generation for app: InventoryAPI (mode=ml)
2025/11/11 19:36:52 ğŸ¤– Starting PURE ML-based generation (no rules)...
ğŸ¤– Trying model: gpt-4o
â±ï¸  Model call took 20.804763569s (model: gpt-4o, attempt: 1)
âœ… Parsed 7 files

ğŸ“Š Generation Summary:
  â€¢ Duration: 20.80527299s
  â€¢ Primary Success: true
  â€¢ Repair Attempts: 0
  â€¢ Final Success: true
  â€¢ Error: 
âœ… InventoryAPI generation completed successfully
ğŸ§¾ Saved ML metrics â†’ experiments/InventoryAPI/gen_metrics.json
ğŸ“ Processing: internal/models/inventoryitem.go
âœ… Written: experiments/out/InventoryAPI/internal/models/inventoryitem.go
ğŸ“ Processing: internal/models/reservation.go
âœ… Written: experiments/out/InventoryAPI/internal/models/reservation.go
ğŸ“ Processing: internal/handlers/inventoryitem.go
ğŸ”§ Fixed handler signature for GetInventoryItem
âœ… Written: experiments/out/InventoryAPI/internal/handlers/inventoryitem.go
ğŸ“ Processing: internal/handlers/inventoryitem_test.go
ğŸ”§ Fixed test signature for TestReserveStock
ğŸ”§ Fixed test signature for TestReleaseReservation
ğŸ”§ Fixed test signature for TestConfirmReservation
ğŸ”§ Fixed test signature for TestGetInventoryItem
âœ… Auto-fixed test signatures in internal/handlers/inventoryitem_test.go
âœ… Written: experiments/out/InventoryAPI/internal/handlers/inventoryitem_test.go
ğŸ“ Processing: internal/routes/routes.go
ğŸ”§ Fixed Register function parameter
âœ… Written: experiments/out/InventoryAPI/internal/routes/routes.go
ğŸ“ Processing: cmd/main.go
âœ… Written: experiments/out/InventoryAPI/cmd/main.go
ğŸ“ Processing: tasks.md
âš ï¸  Syntax validation failed for tasks.md: temp.go:1:1: illegal character U+0023 '#'
ğŸ”§ Attempting additional fixes...
âŒ Could not auto-fix syntax errors in tasks.md
âœ… Written: experiments/out/InventoryAPI/tasks.md

ğŸ”§ Total rule-based fixes applied: 12
ğŸ”§ Fixing parseID type mismatches...
ğŸ”§ Running rule-based auto-fix on ML-generated files...

ğŸ”§ Auto-fixing all files in: experiments/out/InventoryAPI

ğŸ“ Fixing test function signatures...
  âœ… Fixed test signatures in inventoryitem_test.go

ğŸ“ Fixing handler function signatures...

ğŸ“ Fixing routes Register function...

âœ… Applied 1 auto-fixes
âœ… Rule-based fixes applied successfully
ğŸ” Validating Go syntax (ML-only)...
âœ… All ML-generated files have valid Go syntax
2025/11/11 19:37:13 ğŸ”§ Detected module name: github.com/eif-courses/hlabgen/experiments/out/InventoryAPI â€” fixing imports...
2025/11/11 19:37:13   âœ… Updated imports in: cmd/main.go
2025/11/11 19:37:13   âœ… Updated imports in: internal/handlers/inventoryitem.go
2025/11/11 19:37:13   âœ… Updated imports in: internal/handlers/inventoryitem_test.go
2025/11/11 19:37:13   âœ… Updated imports in: internal/routes/routes.go
2025/11/11 19:37:13 âœ… Fixed imports in 4 file(s)
ğŸ”§ Running go mod tidy...
âœ… Dependencies tidied
âœ… ML-only generation completed (20.84s)
ğŸ”§ Injected mux import â†’ experiments/out/InventoryAPI/internal/handlers/inventoryitem.go
ğŸ”§ Verified mux dependency and tidied module
ğŸ“ Saved per-package coverage â†’ experiments/out/InventoryAPI/coverage.json
ğŸ§¾ Added summary row (with ML metrics) â†’ experiments/logs/coverage.csv

--- go test summary ---

--- experiments/out/InventoryAPI/internal/handlers ---
# github.com/eif-courses/hlabgen/experiments/out/InventoryAPI/internal/handlers [github.com/eif-courses/hlabgen/experiments/out/InventoryAPI/internal/handlers.test]
./inventoryitem.go:19:5: undefined: r
./inventoryitem.go:20:14: undefined: w
./inventoryitem.go:23:59: undefined: r
./inventoryitem.go:24:14: undefined: w
./inventoryitem.go:31:16: undefined: w
./inventoryitem.go:39:4: undefined: w
./inventoryitem.go:40:20: undefined: w
./inventoryitem.go:44:44: undefined: w
./inventoryitem.go:49:5: undefined: r
./inventoryitem.go:50:14: undefined: w
./inventoryitem.go:50:14: too many errors
FAIL	github.com/eif-courses/hlabgen/experiments/out/InventoryAPI/internal/handlers [build failed]

------------------------
âœ… Validation completed in 0.86s

ğŸ“Š Summary for InventoryAPI (mode: ml):
  â€¢ BuildSuccess = false
  â€¢ LintWarnings = 40
  â€¢ TestsPass    = false
  â€¢ Coverage     = 0.0%
  â€¢ Generation Duration = 20.83785101s
  â€¢ Repair Attempts = 0
  â€¢ Rule Fixes   = 12
ğŸ§¾ Wrote 10 unique experiments to experiments/logs/summary.csv

ğŸ§¾ Generating Markdown summary from JSON metrics...
ğŸ“Š Markdown results saved â†’ experiments/logs/results.md
âœ… Summary successfully written to experiments/logs/results.md

âœ… Experiment complete..
\033[32mâœ… Finished generating InventoryAPI\033[0m
make[1]: Leaving directory '/home/marius/GolandProjects/hlabgen'
make[1]: Entering directory '/home/marius/GolandProjects/hlabgen'
\033[34mğŸ“Š Generating standard Markdown report...\033[0m
ğŸ“Š Generating reports (mode: standard)...
âœ… Standard report with lint/vet warnings: experiments/logs/results.md

============================================================
ğŸ“Š REPORT GENERATION SUMMARY
============================================================
âœ… 10/10 experiments succeeded (100.0%)
ğŸ“ Reports saved in: experiments/logs/
============================================================
\033[32mâœ… Report ready: experiments/logs/results.md\033[0m
make[1]: Leaving directory '/home/marius/GolandProjects/hlabgen'
make[1]: Entering directory '/home/marius/GolandProjects/hlabgen'
\033[34mğŸš€ Generating NotificationAPI in ml mode...\033[0m

ğŸš€ Starting generation for app: NotificationAPI (mode=ml)
2025/11/11 19:37:14 ğŸ¤– Starting PURE ML-based generation (no rules)...
ğŸ¤– Trying model: gpt-4o
â±ï¸  Model call took 11.264720188s (model: gpt-4o, attempt: 1)
âœ… Parsed 6 files

ğŸ“Š Generation Summary:
  â€¢ Duration: 11.265145191s
  â€¢ Primary Success: true
  â€¢ Repair Attempts: 0
  â€¢ Final Success: true
  â€¢ Error: 
âœ… NotificationAPI generation completed successfully
ğŸ§¾ Saved ML metrics â†’ experiments/NotificationAPI/gen_metrics.json
ğŸ“ Processing: internal/models/notification.go
âœ… Written: experiments/out/NotificationAPI/internal/models/notification.go
ğŸ“ Processing: internal/handlers/notification.go
ğŸ”§ Fixed handler signature for CreateNotification
ğŸ”§ Fixed handler signature for GetNotificationStatus
âœ… Written: experiments/out/NotificationAPI/internal/handlers/notification.go
ğŸ“ Processing: internal/handlers/notification_test.go
ğŸ”§ Fixed test signature for TestCreateNotification
ğŸ”§ Fixed test signature for TestGetNotificationStatus
ğŸ”§ Fixed test signature for TestRetryNotification
âœ… Auto-fixed test signatures in internal/handlers/notification_test.go
âœ… Written: experiments/out/NotificationAPI/internal/handlers/notification_test.go
ğŸ“ Processing: internal/routes/routes.go
ğŸ”§ Fixed Register function parameter
âœ… Written: experiments/out/NotificationAPI/internal/routes/routes.go
ğŸ“ Processing: cmd/main.go
âœ… Written: experiments/out/NotificationAPI/cmd/main.go
ğŸ“ Processing: tasks.md
âš ï¸  Syntax validation failed for tasks.md: temp.go:1:1: illegal character U+0023 '#'
ğŸ”§ Attempting additional fixes...
âŒ Could not auto-fix syntax errors in tasks.md
âœ… Written: experiments/out/NotificationAPI/tasks.md

ğŸ”§ Total rule-based fixes applied: 11
ğŸ”§ Fixing parseID type mismatches...
ğŸ”§ Running rule-based auto-fix on ML-generated files...

ğŸ”§ Auto-fixing all files in: experiments/out/NotificationAPI

ğŸ“ Fixing test function signatures...
  âœ… Fixed test signatures in notification_test.go

ğŸ“ Fixing handler function signatures...

ğŸ“ Fixing routes Register function...

âœ… Applied 1 auto-fixes
âœ… Rule-based fixes applied successfully
ğŸ” Validating Go syntax (ML-only)...
âœ… All ML-generated files have valid Go syntax
2025/11/11 19:37:25 ğŸ”§ Detected module name: github.com/eif-courses/hlabgen/experiments/out/NotificationAPI â€” fixing imports...
2025/11/11 19:37:25   âœ… Updated imports in: cmd/main.go
2025/11/11 19:37:25   âœ… Updated imports in: internal/handlers/notification.go
2025/11/11 19:37:25   âœ… Updated imports in: internal/handlers/notification_test.go
2025/11/11 19:37:25   âœ… Updated imports in: internal/routes/routes.go
2025/11/11 19:37:25 âœ… Fixed imports in 4 file(s)
ğŸ”§ Running go mod tidy...
âœ… Dependencies tidied
âœ… ML-only generation completed (11.29s)
ğŸ”§ Injected mux import â†’ experiments/out/NotificationAPI/internal/handlers/notification.go
ğŸ”§ Verified mux dependency and tidied module
ğŸ“ Saved per-package coverage â†’ experiments/out/NotificationAPI/coverage.json
ğŸ§¾ Added summary row (with ML metrics) â†’ experiments/logs/coverage.csv

--- go test summary ---

--- experiments/out/NotificationAPI/internal/handlers ---
# github.com/eif-courses/hlabgen/experiments/out/NotificationAPI/internal/handlers [github.com/eif-courses/hlabgen/experiments/out/NotificationAPI/internal/handlers.test]
./notification.go:56:19: undefined: r
./notification.go:59:14: undefined: w
./notification.go:67:5: undefined: w
./notification.go:70:46: undefined: w
./notification.go:74:44: undefined: w
FAIL	github.com/eif-courses/hlabgen/experiments/out/NotificationAPI/internal/handlers [build failed]

------------------------
âœ… Validation completed in 0.82s

ğŸ“Š Summary for NotificationAPI (mode: ml):
  â€¢ BuildSuccess = false
  â€¢ LintWarnings = 18
  â€¢ TestsPass    = false
  â€¢ Coverage     = 0.0%
  â€¢ Generation Duration = 11.290433164s
  â€¢ Repair Attempts = 0
  â€¢ Rule Fixes   = 11
ğŸ§¾ Wrote 10 unique experiments to experiments/logs/summary.csv

ğŸ§¾ Generating Markdown summary from JSON metrics...
ğŸ“Š Markdown results saved â†’ experiments/logs/results.md
âœ… Summary successfully written to experiments/logs/results.md

âœ… Experiment complete..
\033[32mâœ… Finished generating NotificationAPI\033[0m
make[1]: Leaving directory '/home/marius/GolandProjects/hlabgen'
make[1]: Entering directory '/home/marius/GolandProjects/hlabgen'
\033[34mğŸ“Š Generating standard Markdown report...\033[0m
ğŸ“Š Generating reports (mode: standard)...
âœ… Standard report with lint/vet warnings: experiments/logs/results.md

============================================================
ğŸ“Š REPORT GENERATION SUMMARY
============================================================
âœ… 10/10 experiments succeeded (100.0%)
ğŸ“ Reports saved in: experiments/logs/
============================================================
\033[32mâœ… Report ready: experiments/logs/results.md\033[0m
make[1]: Leaving directory '/home/marius/GolandProjects/hlabgen'
make[1]: Entering directory '/home/marius/GolandProjects/hlabgen'
\033[34mğŸš€ Generating OrderAPI in ml mode...\033[0m

ğŸš€ Starting generation for app: OrderAPI (mode=ml)
2025/11/11 19:37:26 ğŸ¤– Starting PURE ML-based generation (no rules)...
ğŸ¤– Trying model: gpt-4o
â±ï¸  Model call took 33.905272577s (model: gpt-4o, attempt: 1)
âœ… Parsed 6 files

ğŸ“Š Generation Summary:
  â€¢ Duration: 33.905749474s
  â€¢ Primary Success: true
  â€¢ Repair Attempts: 0
  â€¢ Final Success: true
  â€¢ Error: 
âœ… OrderAPI generation completed successfully
ğŸ§¾ Saved ML metrics â†’ experiments/OrderAPI/gen_metrics.json
ğŸ“ Processing: internal/models/order.go
âœ… Written: experiments/out/OrderAPI/internal/models/order.go
ğŸ“ Processing: internal/handlers/order.go
ğŸ”§ Fixed handler signature for CreateOrder
ğŸ”§ Fixed handler signature for GetOrders
ğŸ”§ Fixed handler signature for GetOrder
ğŸ”§ Fixed handler signature for UpdateOrder
ğŸ”§ Fixed handler signature for DeleteOrder
âœ… Written: experiments/out/OrderAPI/internal/handlers/order.go
ğŸ“ Processing: internal/handlers/order_test.go
ğŸ”§ Fixed test signature for TestCreateOrder
ğŸ”§ Fixed test signature for TestGetOrders
ğŸ”§ Fixed test signature for TestGetOrder
ğŸ”§ Fixed test signature for TestUpdateOrder
ğŸ”§ Fixed test signature for TestDeleteOrder
âœ… Auto-fixed test signatures in internal/handlers/order_test.go
âœ… Written: experiments/out/OrderAPI/internal/handlers/order_test.go
ğŸ“ Processing: internal/routes/routes.go
ğŸ”§ Fixed Register function parameter
âœ… Written: experiments/out/OrderAPI/internal/routes/routes.go
ğŸ“ Processing: cmd/main.go
âœ… Written: experiments/out/OrderAPI/cmd/main.go
ğŸ“ Processing: tasks.md
âš ï¸  Syntax validation failed for tasks.md: temp.go:1:1: illegal character U+0023 '#'
ğŸ”§ Attempting additional fixes...
âŒ Could not auto-fix syntax errors in tasks.md
âœ… Written: experiments/out/OrderAPI/tasks.md

ğŸ”§ Total rule-based fixes applied: 14
ğŸ”§ Fixing parseID type mismatches...
ğŸ”§ Running rule-based auto-fix on ML-generated files...

ğŸ”§ Auto-fixing all files in: experiments/out/OrderAPI

ğŸ“ Fixing test function signatures...
  âœ… Fixed test signatures in order_test.go

ğŸ“ Fixing handler function signatures...

ğŸ“ Fixing routes Register function...

âœ… Applied 1 auto-fixes
âœ… Rule-based fixes applied successfully
ğŸ” Validating Go syntax (ML-only)...
âœ… All ML-generated files have valid Go syntax
2025/11/11 19:38:00 ğŸ”§ Detected module name: github.com/eif-courses/hlabgen/experiments/out/OrderAPI â€” fixing imports...
2025/11/11 19:38:00   âœ… Updated imports in: cmd/main.go
2025/11/11 19:38:00   âœ… Updated imports in: internal/handlers/order.go
2025/11/11 19:38:00   âœ… Updated imports in: internal/handlers/order_test.go
2025/11/11 19:38:00   âœ… Updated imports in: internal/routes/routes.go
2025/11/11 19:38:00 âœ… Fixed imports in 4 file(s)
ğŸ”§ Running go mod tidy...
âœ… Dependencies tidied
âœ… ML-only generation completed (33.94s)
ğŸ”§ Injected mux import â†’ experiments/out/OrderAPI/internal/handlers/order.go
ğŸ”§ Verified mux dependency and tidied module
ğŸ“ Saved per-package coverage â†’ experiments/out/OrderAPI/coverage.json
ğŸ§¾ Added summary row (with ML metrics) â†’ experiments/logs/coverage.csv

--- go test summary ---

--- experiments/out/OrderAPI/internal/handlers ---
# github.com/eif-courses/hlabgen/experiments/out/OrderAPI/internal/models
../models/orderitem.go:6:6: OrderItem redeclared in this block
	../models/order.go:13:6: other declaration of OrderItem
../models/orderitem.go:25:9: undefined: fmt
FAIL	github.com/eif-courses/hlabgen/experiments/out/OrderAPI/internal/handlers [build failed]

------------------------
âœ… Validation completed in 0.97s

ğŸ“Š Summary for OrderAPI (mode: ml):
  â€¢ BuildSuccess = false
  â€¢ LintWarnings = 18
  â€¢ TestsPass    = false
  â€¢ Coverage     = 0.0%
  â€¢ Generation Duration = 33.938778806s
  â€¢ Repair Attempts = 0
  â€¢ Rule Fixes   = 14
ğŸ§¾ Wrote 10 unique experiments to experiments/logs/summary.csv

ğŸ§¾ Generating Markdown summary from JSON metrics...
ğŸ“Š Markdown results saved â†’ experiments/logs/results.md
âœ… Summary successfully written to experiments/logs/results.md

âœ… Experiment complete..
\033[32mâœ… Finished generating OrderAPI\033[0m
make[1]: Leaving directory '/home/marius/GolandProjects/hlabgen'
make[1]: Entering directory '/home/marius/GolandProjects/hlabgen'
\033[34mğŸ“Š Generating standard Markdown report...\033[0m
ğŸ“Š Generating reports (mode: standard)...
âœ… Standard report with lint/vet warnings: experiments/logs/results.md

============================================================
ğŸ“Š REPORT GENERATION SUMMARY
============================================================
âœ… 10/10 experiments succeeded (100.0%)
ğŸ“ Reports saved in: experiments/logs/
============================================================
\033[32mâœ… Report ready: experiments/logs/results.md\033[0m
make[1]: Leaving directory '/home/marius/GolandProjects/hlabgen'
make[1]: Entering directory '/home/marius/GolandProjects/hlabgen'
\033[34mğŸš€ Generating PaymentAPI in ml mode...\033[0m

ğŸš€ Starting generation for app: PaymentAPI (mode=ml)
2025/11/11 19:38:01 ğŸ¤– Starting PURE ML-based generation (no rules)...
ğŸ¤– Trying model: gpt-4o
â±ï¸  Model call took 19.585756772s (model: gpt-4o, attempt: 1)
âœ… Parsed 6 files

ğŸ“Š Generation Summary:
  â€¢ Duration: 19.58652876s
  â€¢ Primary Success: true
  â€¢ Repair Attempts: 0
  â€¢ Final Success: true
  â€¢ Error: 
âœ… PaymentAPI generation completed successfully
ğŸ§¾ Saved ML metrics â†’ experiments/PaymentAPI/gen_metrics.json
ğŸ“ Processing: internal/models/payment.go
âœ… Written: experiments/out/PaymentAPI/internal/models/payment.go
ğŸ“ Processing: internal/handlers/payment.go
âœ… Written: experiments/out/PaymentAPI/internal/handlers/payment.go
ğŸ“ Processing: internal/handlers/payment_test.go
ğŸ”§ Fixed test signature for TestProcessPayment
ğŸ”§ Fixed test signature for TestRefundPayment
âœ… Auto-fixed test signatures in internal/handlers/payment_test.go
âœ… Written: experiments/out/PaymentAPI/internal/handlers/payment_test.go
ğŸ“ Processing: internal/routes/routes.go
ğŸ”§ Fixed Register function parameter
âœ… Written: experiments/out/PaymentAPI/internal/routes/routes.go
ğŸ“ Processing: cmd/main.go
âœ… Written: experiments/out/PaymentAPI/cmd/main.go
ğŸ“ Processing: tasks.md
âš ï¸  Syntax validation failed for tasks.md: temp.go:1:1: illegal character U+0023 '#'
ğŸ”§ Attempting additional fixes...
âŒ Could not auto-fix syntax errors in tasks.md
âœ… Written: experiments/out/PaymentAPI/tasks.md

ğŸ”§ Total rule-based fixes applied: 10
ğŸ”§ Fixing parseID type mismatches...
ğŸ”§ Running rule-based auto-fix on ML-generated files...

ğŸ”§ Auto-fixing all files in: experiments/out/PaymentAPI

ğŸ“ Fixing test function signatures...
  âœ… Fixed test signatures in payment_test.go

ğŸ“ Fixing handler function signatures...

ğŸ“ Fixing routes Register function...

âœ… Applied 1 auto-fixes
âœ… Rule-based fixes applied successfully
ğŸ” Validating Go syntax (ML-only)...
âœ… All ML-generated files have valid Go syntax
2025/11/11 19:38:21 ğŸ”§ Detected module name: github.com/eif-courses/hlabgen/experiments/out/PaymentAPI â€” fixing imports...
2025/11/11 19:38:21   âœ… Updated imports in: cmd/main.go
2025/11/11 19:38:21   âœ… Updated imports in: internal/handlers/payment.go
2025/11/11 19:38:21   âœ… Updated imports in: internal/handlers/payment_test.go
2025/11/11 19:38:21   âœ… Updated imports in: internal/routes/routes.go
2025/11/11 19:38:21 âœ… Fixed imports in 4 file(s)
ğŸ”§ Running go mod tidy...
âœ… Dependencies tidied
âœ… ML-only generation completed (19.62s)
ğŸ”§ Injected mux import â†’ experiments/out/PaymentAPI/internal/handlers/payment.go
ğŸ”§ Verified mux dependency and tidied module
ğŸ“ Saved per-package coverage â†’ experiments/out/PaymentAPI/coverage.json
ğŸ§¾ Added summary row (with ML metrics) â†’ experiments/logs/coverage.csv

--- go test summary ---

--- experiments/out/PaymentAPI/internal/handlers ---
# github.com/eif-courses/hlabgen/experiments/out/PaymentAPI/internal/handlers [github.com/eif-courses/hlabgen/experiments/out/PaymentAPI/internal/handlers.test]
./payment.go:16:5: undefined: r
./payment.go:17:14: undefined: w
./payment.go:20:59: undefined: r
./payment.go:21:14: undefined: w
./payment.go:26:14: undefined: w
./payment.go:31:14: undefined: w
./payment.go:37:4: undefined: w
./payment.go:38:20: undefined: w
./payment.go:49:2: undefined: w
./payment.go:50:2: undefined: w
./payment.go:50:2: too many errors
FAIL	github.com/eif-courses/hlabgen/experiments/out/PaymentAPI/internal/handlers [build failed]

------------------------
âœ… Validation completed in 0.80s

ğŸ“Š Summary for PaymentAPI (mode: ml):
  â€¢ BuildSuccess = false
  â€¢ LintWarnings = 36
  â€¢ TestsPass    = false
  â€¢ Coverage     = 0.0%
  â€¢ Generation Duration = 19.619973091s
  â€¢ Repair Attempts = 0
  â€¢ Rule Fixes   = 10
ğŸ§¾ Wrote 10 unique experiments to experiments/logs/summary.csv

ğŸ§¾ Generating Markdown summary from JSON metrics...
ğŸ“Š Markdown results saved â†’ experiments/logs/results.md
âœ… Summary successfully written to experiments/logs/results.md

âœ… Experiment complete..
\033[32mâœ… Finished generating PaymentAPI\033[0m
make[1]: Leaving directory '/home/marius/GolandProjects/hlabgen'
make[1]: Entering directory '/home/marius/GolandProjects/hlabgen'
\033[34mğŸ“Š Generating standard Markdown report...\033[0m
ğŸ“Š Generating reports (mode: standard)...
âœ… Standard report with lint/vet warnings: experiments/logs/results.md

============================================================
ğŸ“Š REPORT GENERATION SUMMARY
============================================================
âœ… 10/10 experiments succeeded (100.0%)
ğŸ“ Reports saved in: experiments/logs/
============================================================
\033[32mâœ… Report ready: experiments/logs/results.md\033[0m
make[1]: Leaving directory '/home/marius/GolandProjects/hlabgen'
make[1]: Entering directory '/home/marius/GolandProjects/hlabgen'
\033[34mğŸš€ Generating PermissionAPI in ml mode...\033[0m

ğŸš€ Starting generation for app: PermissionAPI (mode=ml)
2025/11/11 19:38:21 ğŸ¤– Starting PURE ML-based generation (no rules)...
ğŸ¤– Trying model: gpt-4o
â±ï¸  Model call took 34.016024914s (model: gpt-4o, attempt: 1)
âŒ JSON error: invalid character 'b' after object key:value pair
âš ï¸ Primary parse failed, retrying with JSON repair prompt...
ğŸ¤– Trying model: gpt-4o
â±ï¸  Model call took 22.601475997s (model: gpt-4o, attempt: 1)
ğŸ” Repair call took 22.60149576s
âŒ JSON error: invalid character 'b' after object key:value pair
--- CLEANED JSON ---
[
  {
    "filename": "internal/models/role.go",
    "code": "package models\n\ntype Role struct {\n\tID          int      `json:\"id\"`\n\tName        string   `json:\"name\"`\n\tPermissions []string `json:\"permissions\"`\n\tParentID    *int     `json:\"parent_id,omitempty\"`\n}\n"
  },
  {
    "filename": "internal/models/userrole.go",
    "code": "package models\n\ntype UserRole struct {\n\tUserID int `json:\"user_id\"`\n\tRoleID int `json:\"role_id\"`\n}\n"
  },
  {
    "filename": "internal/handlers/role.go",
    "code": "package handlers\n\nimport (\n\t\"encoding/json\"\n\t\"net/http\"\n\t\"strconv\"\n\t\"github.com/gorilla/mux\"\n\t\"PermissionAPI/internal/models\"\n)\n\nvar roles []models.Role\nvar userRoles []models.UserRole\nvar nextRoleID = 1\n\nfunc CreateRole(w http.ResponseWriter, r *http.Request) {\n\tvar role models.Role\n\tif r.Body == nil {\n\t\thttp.Error(w, \"missing body\", http.StatusBadRequest)\n\t\treturn\n\t}\n\tif err := json.NewDecoder(r.Body).Decode(&role); err != nil {\n\t\thttp.Error(w, err.Error(), http.StatusBadRequest)\n\t\treturn\n\t}\n\trole.ID = nextRoleID\n\tnextRoleID++\n\troles = append(roles, role)\n\tw.WriteHeader(http.StatusCreated)\n\tw.Header().Set(\"Content-Type\", \"application/json\")\n\tjson.NewEncoder(w).Encode(role)\n}\n\nfunc DeleteRole(w http.ResponseWriter, r *http.Request) {\n\tvars := mux.Vars(r)\n\tid, err := strconv.Atoi(vars[\"id\"])\n\tif err != nil {\n\t\thttp.Error(w, \"Invalid ID\", http.StatusBadRequest)\n\t\treturn\n\t}\n\tfor _, ur := range userRoles {\n\t\tif ur.RoleID == id {\n\t\t\thttp.Error(w, \"Cannot delete role with assigned users\", http.StatusForbidden)\n\t\t\treturn\n\t\t}\n\t}\n\tfor i, role := range roles {\n\t\tif role.ID == id {\n\t\t\troles = append(roles[:i], roles[i+1:]...)\n\t\t\tw.WriteHeader(http.StatusNoContent)\n\t\t\treturn\n\t\t}\n\t}\n\thttp.Error(w, \"Role not found\", http.StatusNotFound)\n}\n"
  },
  {
    "filename": "internal/handlers/userrole.go",
    "code": "package handlers\n\nimport (\n\t\"encoding/json\"\n\t\"net/http\"\n\t\"strconv\"\n\t\"github.com/gorilla/mux\"\n\t\"PermissionAPI/internal/models\"\n)\n\nfunc GetUserPermissions(w http.ResponseWriter, r *http.Request) {\n\tvars := mux.Vars(r)\n\tuserID, err := strconv.Atoi(vars[\"id\"])\n\tif err != nil {\n\t\thttp.Error(w, \"Invalid user ID\", http.StatusBadRequest)\n\t\treturn\n\t}\n\teffectivePermissions := computeEffectivePermissions(userID)\n\tw.Header().Set(\"Content-Type\", \"application/json\")\n\tjson.NewEncoder(w).Encode(effectivePermissions)\n}\n\nfunc CheckPermission(w http.ResponseWriter, r *http.Request) {\n\tvar req struct {\n\t\tUserID     int    `json:\"user_id\"`\n\t\tPermission string `json:\"permission\"`\n\t}\n\tif r.Body == nil {\n\t\thttp.Error(w, \"missing body\", http.StatusBadRequest)\n\t\treturn\n\t}\n\tif err := json.NewDecoder(r.Body).Decode(&req); err != nil {\n\t\thttp.Error(w, err.Error(), http.StatusBadRequest)\n\t\treturn\n\t}\n\teffectivePermissions := computeEffectivePermissions(req.UserID)\n\tfor _, perm := range effectivePermissions {\n\t\tif perm == req.Permission || perm == \"*:*\" {\n\t\t\tw.WriteHeader(http.StatusOK)\n\t\t\treturn\n\t\t}\n\t}\n\thttp.Error(w, \"Permission denied\", http.StatusForbidden)\n}\n\nfunc computeEffectivePermissions(userID int) []string {\n\tvar effectivePermissions []string\n\troleMap := make(map[int]models.Role)\n\tfor _, role := range roles {\n\t\troleMap[role.ID] = role\n\t}\n\tfor _, ur := range userRoles {\n\t\tif ur.UserID == userID {\n\t\t\trole := roleMap[ur.RoleID]\n\t\t\teffectivePermissions = append(effectivePermissions, role.Permissions...)\n\t\t\tparentID := role.ParentID\n\t\t\tfor parentID != nil {\n\t\t\t\tparentRole := roleMap[*parentID]\n\t\t\t\teffectivePermissions = append(effectivePermissions, parentRole.Permissions...)\n\t\t\t\tparentID = parentRole.ParentID\n\t\t\t}\n\t\t}\n\t}\n\treturn effectivePermissions\n}\n"
  },
  {
    "filename": "internal/handlers/role_test.go",
    "code": "package handlers_test\n\nimport (\n\t"bytes\"\n\t\"encoding/json\"\n\t\"net/http\"\n\t\"net/http/httptest\"\n\t"testing\"\n\t\"github.com/gorilla/mux\"\n\t\"PermissionAPI/internal/handlers\"\n\t\"PermissionAPI/internal/models\"\n)\n\nfunc TestCreateRole(t *testing.T) {\n\trole := models.Role{\n\t\tName:        \"Test Role\",\n\t\tPermissions: []string{\"resource:action\"},\n\t}\n\tbody, _ := json.Marshal(role)\n\treq := httptest.NewRequest(\"POST\", \"/roles\", bytes.NewBuffer(body))\n\treq.Header.Set(\"Content-Type\", \"application/json\")\n\tw := httptest.NewRecorder()\n\thandlers.CreateRole(w, req)\n\tif w.Code != http.StatusCreated {\n\t\tt.Errorf(\"Expected 201, got %d\", w.Code)\n\t}\n}\n\nfunc TestDeleteRole(t *testing.T) {\n\treq := httptest.NewRequest(\"DELETE\", \"/roles/1\", nil)\n\treq = mux.SetURLVars(req, map[string]string{\"id\": \"1\"})\n\tw := httptest.NewRecorder()\n\thandlers.DeleteRole(w, req)\n\tif w.Code != http.StatusNoContent && w.Code != http.StatusNotFound {\n\t\tt.Errorf(\"Expected 204 or 404, got %d\", w.Code)\n\t}\n}\n"
  },
  {
    "filename": "internal/handlers/userrole_test.go",
    "code": "package handlers_test\n\nimport (\n\t"bytes\"\n\t\"encoding/json\"\n\t\"net/http\"\n\t\"net/http/httptest\"\n\t"testing\"\n\t\"github.com/gorilla/mux\"\n\t\"PermissionAPI/internal/handlers\"\n)\n\nfunc TestGetUserPermissions(t *testing.T) {\n\treq := httptest.NewRequest(\"GET\", \"/users/1/permissions\", nil)\n\treq = mux.SetURLVars(req, map[string]string{\"id\": \"1\"})\n\tw := httptest.NewRecorder()\n\thandlers.GetUserPermissions(w, req)\n\tif w.Code != http.StatusOK {\n\t\tt.Errorf(\"Expected 200, got %d\", w.Code)\n\t}\n}\n\nfunc TestCheckPermission(t *testing.T) {\n\tcheckReq := struct {\n\t\tUserID     int    `json:\"user_id\"`\n\t\tPermission string `json:\"permission\"`\n\t}{\n\t\tUserID:     1,\n\t\tPermission: \"resource:action\",\n\t}\n\tbody, _ := json.Marshal(checkReq)\n\treq := httptest.NewRequest(\"POST\", \"/check-permission\", bytes.NewBuffer(body))\n\treq.Header.Set(\"Content-Type\", \"application/json\")\n\tw := httptest.NewRecorder()\n\thandlers.CheckPermission(w, req)\n\tif w.Code != http.StatusOK && w.Code != http.StatusForbidden {\n\t\tt.Errorf(\"Expected 200 or 403, got %d\", w.Code)\n\t}\n}\n"
  },
  {
    "filename": "internal/routes/routes.go",
    "code": "package routes\n\nimport (\n\t\"github.com/gorilla/mux\"\n\t\"PermissionAPI/internal/handlers\"\n)\n\nfunc Register(r *mux.Router) {\n\tr.HandleFunc(\"/roles\", handlers.CreateRole).Methods(\"POST\")\n\tr.HandleFunc(\"/roles/{id}\", handlers.DeleteRole).Methods(\"DELETE\")\n\tr.HandleFunc(\"/users/{id}/permissions\", handlers.GetUserPermissions).Methods(\"GET\")\n\tr.HandleFunc(\"/check-permission\", handlers.CheckPermission).Methods(\"POST\")\n}\n"
  },
  {
    "filename": "cmd/main.go",
    "code": "package main\n\nimport (\n\t\"log\"\n\t\"net/http\"\n\t\"github.com/gorilla/mux\"\n\t\"PermissionAPI/internal/routes\"\n)\n\nfunc main() {\n\tr := mux.NewRouter()\n\troutes.Register(r)\n\tlog.Println(\"Server listening on :8080\")\n\tlog.Fatal(http.ListenAndServe(\":8080\", r))\n}\n"
  },
  {
    "filename": "tasks.md",
    "code": "# Lab Tasks - Advanced Features\n\n## Completed Implementation\nâœ… All CRUD operations are fully implemented\nâœ… Complete test suite for all handlers\nâœ… Proper error handling and status codes\n\n## Optional Enhancements (Student Tasks)\n1. Add database persistence using SQLite or PostgreSQL\n2. Implement authentication and authorization middleware\n3. Add request validation using a validation library\n4. Implement pagination for GetBooks endpoint\n5. Add filtering and sorting capabilities\n6. Create OpenAPI/Swagger documentation\n7. Implement rate limiting middleware\n8. Add logging middleware for all requests\n"
  }
]
--- END ---
ğŸ§¾ Saved ML metrics â†’ experiments/PermissionAPI/gen_metrics.json
2025/11/11 19:39:18 âš ï¸  ML generation failed once: failed to parse repaired output: json parse error: invalid character 'b' after object key:value pair
2025/11/11 19:39:18 ğŸ” Retrying with relaxed mode...
2025/11/11 19:39:18 ğŸª„ Using relaxed ML generation mode (cleaning JSON output)...
ğŸ¤– Trying model: gpt-4o
â±ï¸  Model call took 22.322697107s (model: gpt-4o, attempt: 1)
âŒ JSON error: invalid character 'b' after object key:value pair
âš ï¸ Primary parse failed, retrying with JSON repair prompt...
ğŸ¤– Trying model: gpt-4o
â±ï¸  Model call took 23.454633514s (model: gpt-4o, attempt: 1)
ğŸ” Repair call took 23.454659655s
âŒ JSON error: invalid character 'b' after object key:value pair
--- CLEANED JSON ---
[
  {
    "filename": "internal/models/role.go",
    "code": "package models\n\ntype Role struct {\n\tID          int      `json:\"id\"`\n\tName        string   `json:\"name\"`\n\tPermissions []string `json:\"permissions\"`\n\tParentID    *int     `json:\"parent_id,omitempty\"`\n}\n"
  },
  {
    "filename": "internal/models/user_role.go",
    "code": "package models\n\ntype UserRole struct {\n\tUserID int `json:\"user_id\"`\n\tRoleID int `json:\"role_id\"`\n}\n"
  },
  {
    "filename": "internal/handlers/role.go",
    "code": "package handlers\n\nimport (\n\t\"encoding/json\"\n\t\"net/http\"\n\t\"strconv\"\n\t\"github.com/gorilla/mux\"\n\t\"PermissionAPI/internal/models\"\n)\n\nvar roles []models.Role\nvar nextRoleID = 1\n\nfunc CreateRole(w http.ResponseWriter, r *http.Request) {\n\tvar role models.Role\n\tif r.Body == nil {\n\t\thttp.Error(w, \"missing body\", http.StatusBadRequest)\n\t\treturn\n\t}\n\tif err := json.NewDecoder(r.Body).Decode(&role); err != nil {\n\t\thttp.Error(w, err.Error(), http.StatusBadRequest)\n\t\treturn\n\t}\n\trole.ID = nextRoleID\n\tnextRoleID++\n\troles = append(roles, role)\n\tw.WriteHeader(http.StatusCreated)\n\tw.Header().Set(\"Content-Type\", \"application/json\")\n\tjson.NewEncoder(w).Encode(role)\n}\n\nfunc DeleteRole(w http.ResponseWriter, r *http.Request) {\n\tvars := mux.Vars(r)\n\tid, err := strconv.Atoi(vars[\"id\"])\n\tif err != nil {\n\t\thttp.Error(w, \"Invalid ID\", http.StatusBadRequest)\n\t\treturn\n\t}\n\tfor i, role := range roles {\n\t\tif role.ID == id {\n\t\t\t// Check if any users are assigned to this role\n\t\t\tfor _, userRole := range userRoles {\n\t\t\t\tif userRole.RoleID == id {\n\t\t\t\t\thttp.Error(w, \"Cannot delete role with assigned users\", http.StatusBadRequest)\n\t\t\t\t\treturn\n\t\t\t\t}\n\t\t\t}\n\t\t\troles = append(roles[:i], roles[i+1:]...)\n\t\t\tw.WriteHeader(http.StatusNoContent)\n\t\t\treturn\n\t\t}\n\t}\n\thttp.Error(w, \"Role not found\", http.StatusNotFound)\n}\n"
  },
  {
    "filename": "internal/handlers/user_role.go",
    "code": "package handlers\n\nimport (\n\t\"encoding/json\"\n\t\"net/http\"\n\t\"strconv\"\n\t\"github.com/gorilla/mux\"\n\t\"PermissionAPI/internal/models\"\n)\n\nvar userRoles []models.UserRole\n\nfunc GetUserPermissions(w http.ResponseWriter, r *http.Request) {\n\tvars := mux.Vars(r)\n\tuserID, err := strconv.Atoi(vars[\"id\"])\n\tif err != nil {\n\t\thttp.Error(w, \"Invalid user ID\", http.StatusBadRequest)\n\t\treturn\n\t}\n\teffectivePermissions := computeEffectivePermissions(userID)\n\tw.Header().Set(\"Content-Type\", \"application/json\")\n\tjson.NewEncoder(w).Encode(effectivePermissions)\n}\n\nfunc CheckPermission(w http.ResponseWriter, r *http.Request) {\n\tvar request struct {\n\t\tUserID     int    `json:\"user_id\"`\n\t\tPermission string `json:\"permission\"`\n\t}\n\tif r.Body == nil {\n\t\thttp.Error(w, \"missing body\", http.StatusBadRequest)\n\t\treturn\n\t}\n\tif err := json.NewDecoder(r.Body).Decode(&request); err != nil {\n\t\thttp.Error(w, err.Error(), http.StatusBadRequest)\n\t\treturn\n\t}\n\teffectivePermissions := computeEffectivePermissions(request.UserID)\n\tfor _, perm := range effectivePermissions {\n\t\tif perm == request.Permission || perm == \"*:*\" {\n\t\t\tw.WriteHeader(http.StatusOK)\n\t\t\treturn\n\t\t}\n\t}\n\thttp.Error(w, \"Permission denied\", http.StatusForbidden)\n}\n\nfunc computeEffectivePermissions(userID int) []string {\n\tvar effectivePermissions []string\n\troleMap := make(map[int]models.Role)\n\tfor _, role := range roles {\n\t\troleMap[role.ID] = role\n\t}\n\tfor _, userRole := range userRoles {\n\t\tif userRole.UserID == userID {\n\t\t\trole := roleMap[userRole.RoleID]\n\t\t\tinheritPermissions(&effectivePermissions, role, roleMap)\n\t\t}\n\t}\n\treturn effectivePermissions\n}\n\nfunc inheritPermissions(effectivePermissions *[]string, role models.Role, roleMap map[int]models.Role) {\n\t*effectivePermissions = append(*effectivePermissions, role.Permissions...)\n\tif role.ParentID != nil {\n\t\tparentRole, exists := roleMap[*role.ParentID]\n\t\tif exists {\n\t\t\tinheritPermissions(effectivePermissions, parentRole, roleMap)\n\t\t}\n\t}\n}\n"
  },
  {
    "filename": "internal/handlers/role_test.go",
    "code": "package handlers_test\n\nimport (\n\t"bytes\"\n\t"encoding/json\"\n\t"net/http\"\n\t"net/http/httptest\"\n\t"testing\"\n\t\"github.com/gorilla/mux\"\n\t\"PermissionAPI/internal/handlers\"\n\t\"PermissionAPI/internal/models\"\n)\n\nfunc TestCreateRole(t *testing.T) {\n\trole := models.Role{\n\t\tName:        \"Test Role\",\n\t\tPermissions: []string{\"resource:action\"},\n\t}\n\tbody, _ := json.Marshal(role)\n\treq := httptest.NewRequest(\"POST\", \"/roles\", bytes.NewBuffer(body))\n\treq.Header.Set(\"Content-Type\", \"application/json\")\n\tw := httptest.NewRecorder()\n\thandlers.CreateRole(w, req)\n\tif w.Code != http.StatusCreated {\n\t\tt.Errorf(\"Expected 201, got %d\", w.Code)\n\t}\n}\n\nfunc TestDeleteRole(t *testing.T) {\n\treq := httptest.NewRequest(\"DELETE\", \"/roles/1\", nil)\n\treq = mux.SetURLVars(req, map[string]string{\"id\": \"1\"})\n\tw := httptest.NewRecorder()\n\thandlers.DeleteRole(w, req)\n\tif w.Code != http.StatusNoContent && w.Code != http.StatusBadRequest {\n\t\tt.Errorf(\"Expected 204 or 400, got %d\", w.Code)\n\t}\n}\n"
  },
  {
    "filename": "internal/handlers/user_role_test.go",
    "code": "package handlers_test\n\nimport (\n\t"bytes\"\n\t"encoding/json\"\n\t"net/http\"\n\t"net/http/httptest\"\n\t"testing\"\n\t\"github.com/gorilla/mux\"\n\t\"PermissionAPI/internal/handlers\"\n)\n\nfunc TestGetUserPermissions(t *testing.T) {\n\treq := httptest.NewRequest(\"GET\", \"/users/1/permissions\", nil)\n\treq = mux.SetURLVars(req, map[string]string{\"id\": \"1\"})\n\tw := httptest.NewRecorder()\n\thandlers.GetUserPermissions(w, req)\n\tif w.Code != http.StatusOK {\n\t\tt.Errorf(\"Expected 200, got %d\", w.Code)\n\t}\n}\n\nfunc TestCheckPermission(t *testing.T) {\n\trequest := struct {\n\t\tUserID     int    `json:\"user_id\"`\n\t\tPermission string `json:\"permission\"`\n\t}{\n\t\tUserID:     1,\n\t\tPermission: \"resource:action\",\n\t}\n\tbody, _ := json.Marshal(request)\n\treq := httptest.NewRequest(\"POST\", \"/check-permission\", bytes.NewBuffer(body))\n\treq.Header.Set(\"Content-Type\", \"application/json\")\n\tw := httptest.NewRecorder()\n\thandlers.CheckPermission(w, req)\n\tif w.Code != http.StatusOK && w.Code != http.StatusForbidden {\n\t\tt.Errorf(\"Expected 200 or 403, got %d\", w.Code)\n\t}\n}\n"
  },
  {
    "filename": "internal/routes/routes.go",
    "code": "package routes\n\nimport (\n\t\"github.com/gorilla/mux\"\n\t\"PermissionAPI/internal/handlers\"\n)\n\nfunc Register(r *mux.Router) {\n\tr.HandleFunc(\"/roles\", handlers.CreateRole).Methods(\"POST\")\n\tr.HandleFunc(\"/roles/{id}\", handlers.DeleteRole).Methods(\"DELETE\")\n\tr.HandleFunc(\"/users/{id}/permissions\", handlers.GetUserPermissions).Methods(\"GET\")\n\tr.HandleFunc(\"/check-permission\", handlers.CheckPermission).Methods(\"POST\")\n}\n"
  },
  {
    "filename": "cmd/main.go",
    "code": "package main\n\nimport (\n\t\"log\"\n\t\"net/http\"\n\t\"github.com/gorilla/mux\"\n\t\"PermissionAPI/internal/routes\"\n)\n\nfunc main() {\n\tr := mux.NewRouter()\n\troutes.Register(r)\n\tlog.Println(\"Server listening on :8080\")\n\tlog.Fatal(http.ListenAndServe(\":8080\", r))\n}\n"
  },
  {
    "filename": "tasks.md",
    "code": "# Lab Tasks - Advanced Features\n\n## Completed Implementation\nâœ… All CRUD operations are fully implemented\nâœ… Complete test suite for all handlers\nâœ… Proper error handling and status codes\n\n## Optional Enhancements (Student Tasks)\n1. Add database persistence using PostgreSQL\n2. Implement authentication and authorization middleware\n3. Add request validation using a validation library\n4. Implement pagination for GetRoles endpoint\n5. Add filtering and sorting capabilities\n6. Create OpenAPI/Swagger documentation\n7. Implement rate limiting middleware\n8. Add logging middleware for all requests\n"
  }
]
--- END ---
ğŸ§¾ Saved ML metrics â†’ experiments/PermissionAPI/gen_metrics.json
2025/11/11 19:40:04 ğŸ§¹ Cleaning malformed JSON output after error: failed to parse repaired output: json parse error: invalid character 'b' after object key:value pair
2025/11/11 19:40:04 ğŸ” Retrying ML generation in relaxed mode (second API call)...
ğŸ¤– Trying model: gpt-4o
â±ï¸  Model call took 25.185018093s (model: gpt-4o, attempt: 1)
âŒ JSON error: invalid character 'b' after object key:value pair
âš ï¸ Primary parse failed, retrying with JSON repair prompt...
ğŸ¤– Trying model: gpt-4o
â±ï¸  Model call took 32.36003749s (model: gpt-4o, attempt: 1)
ğŸ” Repair call took 32.36008643s
âŒ JSON error: invalid character 'b' after object key:value pair
--- CLEANED JSON ---
[
  {
    "filename": "internal/models/role.go",
    "code": "package models\n\ntype Role struct {\n\tID          int      `json:\"id\"`\n\tName        string   `json:\"name\"`\n\tPermissions []string `json:\"permissions\"`\n\tParentID    *int     `json:\"parent_id,omitempty\"`\n}\n"
  },
  {
    "filename": "internal/models/userrole.go",
    "code": "package models\n\ntype UserRole struct {\n\tUserID int `json:\"user_id\"`\n\tRoleID int `json:\"role_id\"`\n}\n"
  },
  {
    "filename": "internal/handlers/role.go",
    "code": "package handlers\n\nimport (\n\t\"encoding/json\"\n\t\"net/http\"\n\t\"strconv\"\n\t\"github.com/gorilla/mux\"\n\t\"PermissionAPI/internal/models\"\n)\n\nvar roles []models.Role\nvar nextRoleID = 1\n\nfunc CreateRole(w http.ResponseWriter, r *http.Request) {\n\tvar role models.Role\n\tif r.Body == nil {\n\t\thttp.Error(w, \"missing body\", http.StatusBadRequest)\n\t\treturn\n\t}\n\tif err := json.NewDecoder(r.Body).Decode(&role); err != nil {\n\t\thttp.Error(w, err.Error(), http.StatusBadRequest)\n\t\treturn\n\t}\n\trole.ID = nextRoleID\n\tnextRoleID++\n\troles = append(roles, role)\n\tw.WriteHeader(http.StatusCreated)\n\tw.Header().Set(\"Content-Type\", \"application/json\")\n\tjson.NewEncoder(w).Encode(role)\n}\n\nfunc DeleteRole(w http.ResponseWriter, r *http.Request) {\n\tvars := mux.Vars(r)\n\tid, err := strconv.Atoi(vars[\"id\"])\n\tif err != nil {\n\t\thttp.Error(w, \"Invalid ID\", http.StatusBadRequest)\n\t\treturn\n\t}\n\tfor i, role := range roles {\n\t\tif role.ID == id {\n\t\t\t// Check if any users are assigned to this role\n\t\t\tfor _, userRole := range userRoles {\n\t\t\t\tif userRole.RoleID == id {\n\t\t\t\t\thttp.Error(w, \"Cannot delete role with assigned users\", http.StatusForbidden)\n\t\t\t\t\treturn\n\t\t\t\t}\n\t\t\t}\n\t\t\troles = append(roles[:i], roles[i+1:]...)\n\t\t\tw.WriteHeader(http.StatusNoContent)\n\t\t\treturn\n\t\t}\n\t}\n\thttp.Error(w, \"Role not found\", http.StatusNotFound)\n}\n"
  },
  {
    "filename": "internal/handlers/userrole.go",
    "code": "package handlers\n\nimport (\n\t\"encoding/json\"\n\t\"net/http\"\n\t\"strconv\"\n\t\"github.com/gorilla/mux\"\n\t\"PermissionAPI/internal/models\"\n)\n\nvar userRoles []models.UserRole\n\nfunc GetUserPermissions(w http.ResponseWriter, r *http.Request) {\n\tvars := mux.Vars(r)\n\tuserID, err := strconv.Atoi(vars[\"id\"])\n\tif err != nil {\n\t\thttp.Error(w, \"Invalid user ID\", http.StatusBadRequest)\n\t\treturn\n\t}\n\teffectivePermissions := computeEffectivePermissions(userID)\n\tw.Header().Set(\"Content-Type\", \"application/json\")\n\tjson.NewEncoder(w).Encode(effectivePermissions)\n}\n\nfunc CheckPermission(w http.ResponseWriter, r *http.Request) {\n\tvar request struct {\n\t\tUserID     int    `json:\"user_id\"`\n\t\tPermission string `json:\"permission\"`\n\t}\n\tif r.Body == nil {\n\t\thttp.Error(w, \"missing body\", http.StatusBadRequest)\n\t\treturn\n\t}\n\tif err := json.NewDecoder(r.Body).Decode(&request); err != nil {\n\t\thttp.Error(w, err.Error(), http.StatusBadRequest)\n\t\treturn\n\t}\n\teffectivePermissions := computeEffectivePermissions(request.UserID)\n\tfor _, perm := range effectivePermissions {\n\t\tif perm == request.Permission || perm == \"*:*\" {\n\t\t\tw.WriteHeader(http.StatusOK)\n\t\t\treturn\n\t\t}\n\t}\n\thttp.Error(w, \"Permission denied\", http.StatusForbidden)\n}\n\nfunc computeEffectivePermissions(userID int) []string {\n\tvar effectivePermissions []string\n\trolePermissions := make(map[string]bool)\n\tfor _, userRole := range userRoles {\n\t\tif userRole.UserID == userID {\n\t\t\tfor _, role := range roles {\n\t\t\t\tif role.ID == userRole.RoleID {\n\t\t\t\t\tfor _, perm := range role.Permissions {\n\t\t\t\t\t\trolePermissions[perm] = true\n\t\t\t\t\t}\n\t\t\t\t\tif role.ParentID != nil {\n\t\t\t\t\t\tparentPermissions := getParentPermissions(*role.ParentID)\n\t\t\t\t\t\tfor _, perm := range parentPermissions {\n\t\t\t\t\t\t\trolePermissions[perm] = true\n\t\t\t\t\t\t}\n\t\t\t\t\t}\n\t\t\t\t}\n\t\t\t}\n\t\t}\n\t}\n\tfor perm := range rolePermissions {\n\t\teffectivePermissions = append(effectivePermissions, perm)\n\t}\n\treturn effectivePermissions\n}\n\nfunc getParentPermissions(parentID int) []string {\n\tfor _, role := range roles {\n\t\tif role.ID == parentID {\n\t\t\treturn role.Permissions\n\t\t}\n\t}\n\treturn nil\n}\n"
  },
  {
    "filename": "internal/handlers/role_test.go",
    "code": "package handlers_test\n\nimport (\n\t"bytes\"\n\t\"encoding/json\"\n\t"net/http\"\n\t"net/http/httptest\"\n\t"testing\"\n\t\"github.com/gorilla/mux\"\n\t\"PermissionAPI/internal/handlers\"\n\t\"PermissionAPI/internal/models\"\n)\n\nfunc TestCreateRole(t *testing.T) {\n\trole := models.Role{\n\t\tName:        \"Test Role\",\n\t\tPermissions: []string{\"resource:action\"},\n\t}\n\tbody, _ := json.Marshal(role)\n\treq := httptest.NewRequest(\"POST\", \"/roles\", bytes.NewBuffer(body))\n\treq.Header.Set(\"Content-Type\", \"application/json\")\n\tw := httptest.NewRecorder()\n\thandlers.CreateRole(w, req)\n\tif w.Code != http.StatusCreated {\n\t\tt.Errorf(\"Expected 201, got %d\", w.Code)\n\t}\n}\n\nfunc TestDeleteRole(t *testing.T) {\n\treq := httptest.NewRequest(\"DELETE\", \"/roles/1\", nil)\n\treq = mux.SetURLVars(req, map[string]string{\"id\": \"1\"})\n\tw := httptest.NewRecorder()\n\thandlers.DeleteRole(w, req)\n\tif w.Code != http.StatusNoContent && w.Code != http.StatusNotFound {\n\t\tt.Errorf(\"Expected 204 or 404, got %d\", w.Code)\n\t}\n}\n"
  },
  {
    "filename": "internal/handlers/userrole_test.go",
    "code": "package handlers_test\n\nimport (\n\t"bytes\"\n\t\"encoding/json\"\n\t"net/http\"\n\t"net/http/httptest\"\n\t"testing\"\n\t\"github.com/gorilla/mux\"\n\t\"PermissionAPI/internal/handlers\"\n\t\"PermissionAPI/internal/models\"\n)\n\nfunc TestGetUserPermissions(t *testing.T) {\n\treq := httptest.NewRequest(\"GET\", \"/users/1/permissions\", nil)\n\treq = mux.SetURLVars(req, map[string]string{\"id\": \"1\"})\n\tw := httptest.NewRecorder()\n\thandlers.GetUserPermissions(w, req)\n\tif w.Code != http.StatusOK {\n\t\tt.Errorf(\"Expected 200, got %d\", w.Code)\n\t}\n}\n\nfunc TestCheckPermission(t *testing.T) {\n\trequest := struct {\n\t\tUserID     int    `json:\"user_id\"`\n\t\tPermission string `json:\"permission\"`\n\t}{\n\t\tUserID:     1,\n\t\tPermission: \"resource:action\",\n\t}\n\tbody, _ := json.Marshal(request)\n\treq := httptest.NewRequest(\"POST\", \"/check-permission\", bytes.NewBuffer(body))\n\treq.Header.Set(\"Content-Type\", \"application/json\")\n\tw := httptest.NewRecorder()\n\thandlers.CheckPermission(w, req)\n\tif w.Code != http.StatusOK && w.Code != http.StatusForbidden {\n\t\tt.Errorf(\"Expected 200 or 403, got %d\", w.Code)\n\t}\n}\n"
  },
  {
    "filename": "internal/routes/routes.go",
    "code": "package routes\n\nimport (\n\t\"github.com/gorilla/mux\"\n\t\"PermissionAPI/internal/handlers\"\n)\n\nfunc Register(r *mux.Router) {\n\t// Role routes\n\tr.HandleFunc(\"/roles\", handlers.CreateRole).Methods(\"POST\")\n\tr.HandleFunc(\"/roles/{id}\", handlers.DeleteRole).Methods(\"DELETE\")\n\n\t// UserRole routes\n\tr.HandleFunc(\"/users/{id}/permissions\", handlers.GetUserPermissions).Methods(\"GET\")\n\tr.HandleFunc(\"/check-permission\", handlers.CheckPermission).Methods(\"POST\")\n}\n"
  },
  {
    "filename": "cmd/main.go",
    "code": "package main\n\nimport (\n\t\"log\"\n\t\"net/http\"\n\t\"github.com/gorilla/mux\"\n\t\"PermissionAPI/internal/routes\"\n)\n\nfunc main() {\n\tr := mux.NewRouter()\n\troutes.Register(r)\n\tlog.Println(\"Server listening on :8080\")\n\tlog.Fatal(http.ListenAndServe(\":8080\", r))\n}\n"
  },
  {
    "filename": "tasks.md",
    "code": "# Lab Tasks - Advanced Features\n\n## Completed Implementation\nâœ… All CRUD operations are fully implemented\nâœ… Complete test suite for all handlers\nâœ… Proper error handling and status codes\n\n## Optional Enhancements (Student Tasks)\n1. Add database persistence using SQLite or PostgreSQL\n2. Implement authentication and authorization middleware\n3. Add request validation using a validation library\n4. Implement pagination for GetBooks endpoint\n5. Add filtering and sorting capabilities\n6. Create OpenAPI/Swagger documentation\n7. Implement rate limiting middleware\n8. Add logging middleware for all requests\n"
  }
]
--- END ---
ğŸ§¾ Saved ML metrics â†’ experiments/PermissionAPI/gen_metrics.json
2025/11/11 19:41:01 âŒ Relaxed ML generation still failed: failed to parse repaired output: json parse error: invalid character 'b' after object key:value pair
ğŸ§¾ Saved ML metrics â†’ experiments/PermissionAPI/gen_metrics_relaxed.json
2025/11/11 19:41:01 âŒ ML generation failed completely: failed to parse repaired output: json parse error: invalid character 'b' after object key:value pair
ğŸ”§ Verified mux dependency and tidied module
ğŸ“ Saved per-package coverage â†’ experiments/out/PermissionAPI/coverage.json
ğŸ§¾ Added summary row (with ML metrics) â†’ experiments/logs/coverage.csv

--- go test summary ---

--- experiments/out/PermissionAPI/internal/handlers ---
# github.com/eif-courses/hlabgen/experiments/out/PermissionAPI/internal/models
../models/userrole.go:18:6: generateID redeclared in this block
	../models/role.go:18:6: other declaration of generateID
../models/userrole.go:19:9: undefined: fmt
../models/role.go:19:9: undefined: fmt
FAIL	github.com/eif-courses/hlabgen/experiments/out/PermissionAPI/internal/handlers [build failed]

------------------------
âœ… Validation completed in 0.90s

ğŸ“Š Summary for PermissionAPI (mode: ml):
  â€¢ BuildSuccess = false
  â€¢ LintWarnings = 27
  â€¢ TestsPass    = false
  â€¢ Coverage     = 0.0%
  â€¢ Generation Duration = 57.545936512s
  â€¢ Repair Attempts = 1
  â€¢ Rule Fixes   = 0
ğŸ§¾ Wrote 10 unique experiments to experiments/logs/summary.csv

ğŸ§¾ Generating Markdown summary from JSON metrics...
ğŸ“Š Markdown results saved â†’ experiments/logs/results.md
âœ… Summary successfully written to experiments/logs/results.md

âœ… Experiment complete..
\033[32mâœ… Finished generating PermissionAPI\033[0m
make[1]: Leaving directory '/home/marius/GolandProjects/hlabgen'
make[1]: Entering directory '/home/marius/GolandProjects/hlabgen'
\033[34mğŸ“Š Generating standard Markdown report...\033[0m
ğŸ“Š Generating reports (mode: standard)...
âœ… Standard report with lint/vet warnings: experiments/logs/results.md

============================================================
ğŸ“Š REPORT GENERATION SUMMARY
============================================================
âœ… 10/10 experiments succeeded (100.0%)
ğŸ“ Reports saved in: experiments/logs/
============================================================
\033[32mâœ… Report ready: experiments/logs/results.md\033[0m
make[1]: Leaving directory '/home/marius/GolandProjects/hlabgen'
make[1]: Entering directory '/home/marius/GolandProjects/hlabgen'
\033[34mğŸš€ Generating SchedulerAPI in ml mode...\033[0m

ğŸš€ Starting generation for app: SchedulerAPI (mode=ml)
2025/11/11 19:41:02 ğŸ¤– Starting PURE ML-based generation (no rules)...
ğŸ¤– Trying model: gpt-4o
â±ï¸  Model call took 16.342452409s (model: gpt-4o, attempt: 1)
âœ… Parsed 8 files

ğŸ“Š Generation Summary:
  â€¢ Duration: 16.342703271s
  â€¢ Primary Success: true
  â€¢ Repair Attempts: 0
  â€¢ Final Success: true
  â€¢ Error: 
âœ… SchedulerAPI generation completed successfully
ğŸ§¾ Saved ML metrics â†’ experiments/SchedulerAPI/gen_metrics.json
ğŸ“ Processing: internal/models/scheduledjob.go
âœ… Written: experiments/out/SchedulerAPI/internal/models/scheduledjob.go
ğŸ“ Processing: internal/models/executionlog.go
âœ… Written: experiments/out/SchedulerAPI/internal/models/executionlog.go
ğŸ“ Processing: internal/handlers/scheduledjob.go
ğŸ”§ Fixed handler signature for CreateScheduledJob
ğŸ”§ Fixed handler signature for GetUpcomingJobs
âœ… Written: experiments/out/SchedulerAPI/internal/handlers/scheduledjob.go
ğŸ“ Processing: internal/handlers/scheduledjob_test.go
ğŸ”§ Fixed test signature for TestCreateScheduledJob
ğŸ”§ Fixed test signature for TestExecuteScheduledJob
ğŸ”§ Fixed test signature for TestGetUpcomingJobs
âœ… Auto-fixed test signatures in internal/handlers/scheduledjob_test.go
âœ… Written: experiments/out/SchedulerAPI/internal/handlers/scheduledjob_test.go
ğŸ“ Processing: internal/routes/routes.go
ğŸ”§ Fixed Register function parameter
âœ… Written: experiments/out/SchedulerAPI/internal/routes/routes.go
ğŸ“ Processing: cmd/main.go
âœ… Written: experiments/out/SchedulerAPI/cmd/main.go
ğŸ“ Processing: internal/utils/cron.go
âœ… Written: experiments/out/SchedulerAPI/internal/utils/cron.go
ğŸ“ Processing: tasks.md
âš ï¸  Syntax validation failed for tasks.md: temp.go:1:1: illegal character U+0023 '#'
ğŸ”§ Attempting additional fixes...
âŒ Could not auto-fix syntax errors in tasks.md
âœ… Written: experiments/out/SchedulerAPI/tasks.md

ğŸ”§ Total rule-based fixes applied: 17
ğŸ”§ Fixing parseID type mismatches...
ğŸ”§ Running rule-based auto-fix on ML-generated files...

ğŸ”§ Auto-fixing all files in: experiments/out/SchedulerAPI

ğŸ“ Fixing test function signatures...
  âœ… Fixed test signatures in scheduledjob_test.go

ğŸ“ Fixing handler function signatures...

ğŸ“ Fixing routes Register function...

âœ… Applied 1 auto-fixes
âœ… Rule-based fixes applied successfully
ğŸ” Validating Go syntax (ML-only)...
âœ… All ML-generated files have valid Go syntax
2025/11/11 19:41:19 ğŸ”§ Detected module name: github.com/eif-courses/hlabgen/experiments/out/SchedulerAPI â€” fixing imports...
2025/11/11 19:41:19   âœ… Updated imports in: cmd/main.go
2025/11/11 19:41:19   âœ… Updated imports in: internal/handlers/scheduledjob.go
2025/11/11 19:41:19   âœ… Updated imports in: internal/handlers/scheduledjob_test.go
2025/11/11 19:41:19   âœ… Updated imports in: internal/routes/routes.go
2025/11/11 19:41:19 âœ… Fixed imports in 4 file(s)
ğŸ”§ Running go mod tidy...
go: finding module for package github.com/robfig/cron/v3
go: found github.com/robfig/cron/v3 in github.com/robfig/cron/v3 v3.0.1
âœ… Dependencies tidied
âœ… ML-only generation completed (16.68s)
ğŸ”§ Injected mux import â†’ experiments/out/SchedulerAPI/internal/handlers/scheduledjob.go
ğŸ”§ Verified mux dependency and tidied module
ğŸ“ Saved per-package coverage â†’ experiments/out/SchedulerAPI/coverage.json
ğŸ§¾ Added summary row (with ML metrics) â†’ experiments/logs/coverage.csv

--- go test summary ---

--- experiments/out/SchedulerAPI/internal/handlers ---
# github.com/eif-courses/hlabgen/experiments/out/SchedulerAPI/internal/utils
../utils/cron.go:21:28: undefined: models
FAIL	github.com/eif-courses/hlabgen/experiments/out/SchedulerAPI/internal/handlers [build failed]

------------------------
âœ… Validation completed in 0.86s

ğŸ“Š Summary for SchedulerAPI (mode: ml):
  â€¢ BuildSuccess = false
  â€¢ LintWarnings = 21
  â€¢ TestsPass    = false
  â€¢ Coverage     = 0.0%
  â€¢ Generation Duration = 16.67685561s
  â€¢ Repair Attempts = 0
  â€¢ Rule Fixes   = 17
ğŸ§¾ Wrote 10 unique experiments to experiments/logs/summary.csv

ğŸ§¾ Generating Markdown summary from JSON metrics...
ğŸ“Š Markdown results saved â†’ experiments/logs/results.md
âœ… Summary successfully written to experiments/logs/results.md

âœ… Experiment complete..
\033[32mâœ… Finished generating SchedulerAPI\033[0m
make[1]: Leaving directory '/home/marius/GolandProjects/hlabgen'
make[1]: Entering directory '/home/marius/GolandProjects/hlabgen'
\033[34mğŸ“Š Generating standard Markdown report...\033[0m
ğŸ“Š Generating reports (mode: standard)...
âœ… Standard report with lint/vet warnings: experiments/logs/results.md

============================================================
ğŸ“Š REPORT GENERATION SUMMARY
============================================================
âœ… 10/10 experiments succeeded (100.0%)
ğŸ“ Reports saved in: experiments/logs/
============================================================
\033[32mâœ… Report ready: experiments/logs/results.md\033[0m
make[1]: Leaving directory '/home/marius/GolandProjects/hlabgen'
make[1]: Entering directory '/home/marius/GolandProjects/hlabgen'
\033[34mğŸš€ Generating SearchAPI in ml mode...\033[0m

ğŸš€ Starting generation for app: SearchAPI (mode=ml)
2025/11/11 19:41:20 ğŸ¤– Starting PURE ML-based generation (no rules)...
ğŸ¤– Trying model: gpt-4o
â±ï¸  Model call took 26.511127545s (model: gpt-4o, attempt: 1)
âœ… Parsed 6 files

ğŸ“Š Generation Summary:
  â€¢ Duration: 26.511606787s
  â€¢ Primary Success: true
  â€¢ Repair Attempts: 0
  â€¢ Final Success: true
  â€¢ Error: 
âœ… SearchAPI generation completed successfully
ğŸ§¾ Saved ML metrics â†’ experiments/SearchAPI/gen_metrics.json
ğŸ“ Processing: internal/models/product.go
âœ… Written: experiments/out/SearchAPI/internal/models/product.go
ğŸ“ Processing: internal/handlers/product.go
âœ… Written: experiments/out/SearchAPI/internal/handlers/product.go
ğŸ“ Processing: internal/handlers/product_test.go
ğŸ”§ Fixed test signature for TestSearchProducts
âœ… Auto-fixed test signatures in internal/handlers/product_test.go
âœ… Written: experiments/out/SearchAPI/internal/handlers/product_test.go
ğŸ“ Processing: internal/routes/routes.go
ğŸ”§ Fixed Register function parameter
âœ… Written: experiments/out/SearchAPI/internal/routes/routes.go
ğŸ“ Processing: cmd/main.go
âœ… Written: experiments/out/SearchAPI/cmd/main.go
ğŸ“ Processing: tasks.md
âš ï¸  Syntax validation failed for tasks.md: temp.go:1:1: illegal character U+0023 '#'
ğŸ”§ Attempting additional fixes...
âŒ Could not auto-fix syntax errors in tasks.md
âœ… Written: experiments/out/SearchAPI/tasks.md

ğŸ”§ Total rule-based fixes applied: 9
ğŸ”§ Fixing parseID type mismatches...
ğŸ”§ Running rule-based auto-fix on ML-generated files...

ğŸ”§ Auto-fixing all files in: experiments/out/SearchAPI

ğŸ“ Fixing test function signatures...
  âœ… Fixed test signatures in product_test.go

ğŸ“ Fixing handler function signatures...

ğŸ“ Fixing routes Register function...

âœ… Applied 1 auto-fixes
âœ… Rule-based fixes applied successfully
ğŸ” Validating Go syntax (ML-only)...
âœ… All ML-generated files have valid Go syntax
2025/11/11 19:41:47 ğŸ”§ Detected module name: github.com/eif-courses/hlabgen/experiments/out/SearchAPI â€” fixing imports...
2025/11/11 19:41:47   âœ… Updated imports in: cmd/main.go
2025/11/11 19:41:47   âœ… Updated imports in: internal/handlers/product.go
2025/11/11 19:41:47   âœ… Updated imports in: internal/handlers/product_test.go
2025/11/11 19:41:47   âœ… Updated imports in: internal/routes/routes.go
2025/11/11 19:41:47 âœ… Fixed imports in 4 file(s)
ğŸ”§ Running go mod tidy...
âœ… Dependencies tidied
âœ… ML-only generation completed (26.55s)
ğŸ”§ Verified mux dependency and tidied module
ğŸ“ Saved per-package coverage â†’ experiments/out/SearchAPI/coverage.json
ğŸ§¾ Added summary row (with ML metrics) â†’ experiments/logs/coverage.csv

--- go test summary ---

--- experiments/out/SearchAPI/internal/handlers ---
# github.com/eif-courses/hlabgen/experiments/out/SearchAPI/internal/handlers [github.com/eif-courses/hlabgen/experiments/out/SearchAPI/internal/handlers.test]
./product.go:15:11: undefined: r
./product.go:20:14: undefined: w
./product.go:47:46: too many arguments in call to sortProducts
	have ([]models.Product, unknown type, unknown type)
	want ()
./product.go:58:33: undefined: w
./product.go:59:18: undefined: w
FAIL	github.com/eif-courses/hlabgen/experiments/out/SearchAPI/internal/handlers [build failed]

------------------------
âœ… Validation completed in 0.89s

ğŸ“Š Summary for SearchAPI (mode: ml):
  â€¢ BuildSuccess = false
  â€¢ LintWarnings = 25
  â€¢ TestsPass    = false
  â€¢ Coverage     = 0.0%
  â€¢ Generation Duration = 26.547523779s
  â€¢ Repair Attempts = 0
  â€¢ Rule Fixes   = 9
ğŸ§¾ Wrote 10 unique experiments to experiments/logs/summary.csv

ğŸ§¾ Generating Markdown summary from JSON metrics...
ğŸ“Š Markdown results saved â†’ experiments/logs/results.md
âœ… Summary successfully written to experiments/logs/results.md

âœ… Experiment complete..
\033[32mâœ… Finished generating SearchAPI\033[0m
make[1]: Leaving directory '/home/marius/GolandProjects/hlabgen'
make[1]: Entering directory '/home/marius/GolandProjects/hlabgen'
\033[34mğŸ“Š Generating standard Markdown report...\033[0m
ğŸ“Š Generating reports (mode: standard)...
âœ… Standard report with lint/vet warnings: experiments/logs/results.md

============================================================
ğŸ“Š REPORT GENERATION SUMMARY
============================================================
âœ… 10/10 experiments succeeded (100.0%)
ğŸ“ Reports saved in: experiments/logs/
============================================================
\033[32mâœ… Report ready: experiments/logs/results.md\033[0m
make[1]: Leaving directory '/home/marius/GolandProjects/hlabgen'
make[1]: Entering directory '/home/marius/GolandProjects/hlabgen'
\033[34mğŸš€ Generating WorkflowAPI in ml mode...\033[0m

ğŸš€ Starting generation for app: WorkflowAPI (mode=ml)
2025/11/11 19:41:48 ğŸ¤– Starting PURE ML-based generation (no rules)...
ğŸ¤– Trying model: gpt-4o
â±ï¸  Model call took 25.469915166s (model: gpt-4o, attempt: 1)
âŒ JSON error: invalid character 'b' after object key:value pair
âš ï¸ Primary parse failed, retrying with JSON repair prompt...
ğŸ¤– Trying model: gpt-4o
â±ï¸  Model call took 1m34.132471607s (model: gpt-4o, attempt: 1)
ğŸ” Repair call took 1m34.132507596s
âŒ JSON error: invalid character 'b' after object key:value pair
--- CLEANED JSON ---
[
  {
    "filename": "internal/models/workflow.go",
    "code": "package models\n\ntype Workflow struct {\n\tID             int    `json:\"id\"`\n\tName           string `json:\"name\"`\n\tState          string `json:\"state\"`\n\tCurrentApprover string `json:\"current_approver\"`\n}\n"
  },
  {
    "filename": "internal/models/approval_record.go",
    "code": "package models\n\ntype ApprovalRecord struct {\n\tID         int    `json:\"id\"`\n\tWorkflowID int    `json:\"workflow_id\"`\n\tApprover   string `json:\"approver\"`\n\tAction     string `json:\"action\"`\n\tTimestamp  string `json:\"timestamp\"`\n}\n"
  },
  {
    "filename": "internal/handlers/workflow.go",
    "code": "package handlers\n\nimport (\n\t\"encoding/json\"\n\t\"net/http\"\n\t\"strconv\"\n\t\"WorkflowAPI/internal/models\"\n\t\"github.com/gorilla/mux\"\n)\n\nvar workflows []models.Workflow\nvar approvalRecords []models.ApprovalRecord\nvar nextWorkflowID = 1\nvar nextApprovalRecordID = 1\n\nfunc CreateWorkflow(w http.ResponseWriter, r *http.Request) {\n\tvar workflow models.Workflow\n\tif r.Body == nil {\n\t\thttp.Error(w, \"missing body\", http.StatusBadRequest)\n\t\treturn\n\t}\n\tif err := json.NewDecoder(r.Body).Decode(&workflow); err != nil {\n\t\thttp.Error(w, err.Error(), http.StatusBadRequest)\n\t\treturn\n\t}\n\tworkflow.ID = nextWorkflowID\n\tworkflow.State = \"draft\"\n\tnextWorkflowID++\n\tworkflows = append(workflows, workflow)\n\tw.WriteHeader(http.StatusCreated)\n\tw.Header().Set(\"Content-Type\", \"application/json\")\n\tjson.NewEncoder(w).Encode(workflow)\n}\n\nfunc GetWorkflows(w http.ResponseWriter, r *http.Request) {\n\tw.Header().Set(\"Content-Type\", \"application/json\")\n\tjson.NewEncoder(w).Encode(workflows)\n}\n\nfunc GetWorkflow(w http.ResponseWriter, r *http.Request) {\n\tvars := mux.Vars(r)\n\tid, err := strconv.Atoi(vars[\"id\"])\n\tif err != nil {\n\t\thttp.Error(w, \"Invalid ID\", http.StatusBadRequest)\n\t\treturn\n\t}\n\tfor _, workflow := range workflows {\n\t\tif workflow.ID == id {\n\t\t\tw.Header().Set(\"Content-Type\", \"application/json\")\n\t\t\tjson.NewEncoder(w).Encode(workflow)\n\t\t\treturn\n\t\t}\n\t}\n\thttp.Error(w, \"Workflow not found\", http.StatusNotFound)\n}\n\nfunc UpdateWorkflow(w http.ResponseWriter, r *http.Request) {\n\tvars := mux.Vars(r)\n\tid, err := strconv.Atoi(vars[\"id\"])\n\tif err != nil {\n\t\thttp.Error(w, \"Invalid ID\", http.StatusBadRequest)\n\t\treturn\n\t}\n\tvar updatedWorkflow models.Workflow\n\tif r.Body == nil {\n\t\thttp.Error(w, \"missing body\", http.StatusBadRequest)\n\t\treturn\n\t}\n\tif err := json.NewDecoder(r.Body).Decode(&updatedWorkflow); err != nil {\n\t\thttp.Error(w, err.Error(), http.StatusBadRequest)\n\t\treturn\n\t}\n\tfor i, workflow := range workflows {\n\t\tif workflow.ID == id {\n\t\t\tif workflow.State == \"approved\" {\n\t\t\t\thttp.Error(w, \"Approved workflows cannot be edited\", http.StatusForbidden)\n\t\t\t\treturn\n\t\t\t}\n\t\t\tupdatedWorkflow.ID = id\n\t\t\tworkflows[i] = updatedWorkflow\n\t\t\tw.Header().Set(\"Content-Type\", \"application/json\")\n\t\t\tjson.NewEncoder(w).Encode(updatedWorkflow)\n\t\t\treturn\n\t\t}\n\t}\n\thttp.Error(w, \"Workflow not found\", http.StatusNotFound)\n}\n\nfunc DeleteWorkflow(w http.ResponseWriter, r *http.Request) {\n\tvars := mux.Vars(r)\n\tid, err := strconv.Atoi(vars[\"id\"])\n\tif err != nil {\n\t\thttp.Error(w, \"Invalid ID\", http.StatusBadRequest)\n\t\treturn\n\t}\n\tfor i, workflow := range workflows {\n\t\tif workflow.ID == id {\n\t\t\tworkflows = append(workflows[:i], workflows[i+1:]...)\n\t\t\tw.WriteHeader(http.StatusNoContent)\n\t\t\treturn\n\t\t}\n\t}\n\thttp.Error(w, \"Workflow not found\", http.StatusNotFound)\n}\n"
  },
  {
    "filename": "internal/handlers/approval_record.go",
    "code": "package handlers\n\nimport (\n\t\"encoding/json\"\n\t\"net/http\"\n\t\"strconv\"\n\t\"time\"\n\t\"WorkflowAPI/internal/models\"\n\t\"github.com/gorilla/mux\"\n)\n\nfunc CreateApprovalRecord(w http.ResponseWriter, r *http.Request) {\n\tvar record models.ApprovalRecord\n\tif r.Body == nil {\n\t\thttp.Error(w, \"missing body\", http.StatusBadRequest)\n\t\treturn\n\t}\n\tif err := json.NewDecoder(r.Body).Decode(&record); err != nil {\n\t\thttp.Error(w, err.Error(), http.StatusBadRequest)\n\t\treturn\n\t}\n\tvars := mux.Vars(r)\n\tworkflowID, err := strconv.Atoi(vars[\"workflow_id\"])\n\tif err != nil {\n\t\thttp.Error(w, \"Invalid Workflow ID\", http.StatusBadRequest)\n\t\treturn\n\t}\n\tfor i, workflow := range workflows {\n\t\tif workflow.ID == workflowID {\n\t\t\tif workflow.CurrentApprover != record.Approver {\n\t\t\t\thttp.Error(w, \"Only current approver can approve/reject\", http.StatusForbidden)\n\t\t\t\treturn\n\t\t\t}\n\t\t\tif (workflow.State == \"draft\" && record.Action == \"submit\") ||\n\t\t\t\t(workflow.State == \"submitted\" && (record.Action == \"approve\" || record.Action == \"reject\")) ||\n\t\t\t\t(workflow.State == \"under_review\" && (record.Action == \"approve\" || record.Action == \"reject\")) {\n\t\t\t\trecord.ID = nextApprovalRecordID\n\t\t\t\trecord.WorkflowID = workflowID\n\t\t\t\trecord.Timestamp = time.Now().Format(time.RFC3339)\n\t\t\t\tnextApprovalRecordID++\n\t\t\t\tapprovalRecords = append(approvalRecords, record)\n\t\t\t\tif record.Action == \"approve\" {\n\t\t\t\t\tworkflow.State = \"approved\"\n\t\t\t\t} else if record.Action == \"reject\" {\n\t\t\t\t\tworkflow.State = \"rejected\"\n\t\t\t\t} else if record.Action == \"submit\" {\n\t\t\t\t\tworkflow.State = \"under_review\"\n\t\t\t\t}\n\t\t\t\tworkflows[i] = workflow\n\t\t\t\tw.WriteHeader(http.StatusCreated)\n\t\t\t\tw.Header().Set(\"Content-Type\", \"application/json\")\n\t\t\t\tjson.NewEncoder(w).Encode(record)\n\t\t\t\treturn\n\t\t\t} else {\n\t\t\t\thttp.Error(w, \"Invalid state transition\", http.StatusBadRequest)\n\t\t\t\treturn\n\t\t\t}\n\t\t}\n\t}\n\thttp.Error(w, \"Workflow not found\", http.StatusNotFound)\n}\n\nfunc GetApprovalRecords(w http.ResponseWriter, r *http.Request) {\n\tw.Header().Set(\"Content-Type\", \"application/json\")\n\tjson.NewEncoder(w).Encode(approvalRecords)\n}\n"
  },
  {
    "filename": "internal/handlers/workflow_test.go",
    "code": "package handlers_test\n\nimport (\n\t"bytes\"\n\t"encoding/json\"\n\t\"net/http\"\n\t\"net/http/httptest\"\n\t\"testing\"\n\t\"github.com/gorilla/mux\"\n\t\"WorkflowAPI/internal/handlers\"\n\t\"WorkflowAPI/internal/models\"\n)\n\nfunc TestCreateWorkflow(t *testing.T) {\n\tworkflow := models.Workflow{\n\t\tName: \"Test Workflow\",\n\t\tCurrentApprover: \"approver1\",\n\t}\n\tbody, _ := json.Marshal(workflow)\n\treq := httptest.NewRequest(\"POST\", \"/workflows\", bytes.NewBuffer(body))\n\treq.Header.Set(\"Content-Type\", \"application/json\")\n\tw := httptest.NewRecorder()\n\thandlers.CreateWorkflow(w, req)\n\tif w.Code != http.StatusCreated {\n\t\tt.Errorf(\"Expected 201, got %d\", w.Code)\n\t}\n}\n\nfunc TestGetWorkflows(t *testing.T) {\n\treq := httptest.NewRequest(\"GET\", \"/workflows\", nil)\n\tw := httptest.NewRecorder()\n\thandlers.GetWorkflows(w, req)\n\tif w.Code != http.StatusOK {\n\t\tt.Errorf(\"Expected 200, got %d\", w.Code)\n\t}\n}\n\nfunc TestGetWorkflow(t *testing.T) {\n\treq := httptest.NewRequest(\"GET\", \"/workflows/1\", nil)\n\treq = mux.SetURLVars(req, map[string]string{\"id\": \"1\"})\n\tw := httptest.NewRecorder()\n\thandlers.GetWorkflow(w, req)\n\tif w.Code != http.StatusOK && w.Code != http.StatusNotFound {\n\t\tt.Errorf(\"Expected 200 or 404, got %d\", w.Code)\n\t}\n}\n\nfunc TestUpdateWorkflow(t *testing.T) {\n\tworkflow := models.Workflow{\n\t\tName: \"Updated Workflow\",\n\t\tCurrentApprover: \"approver1\",\n\t}\n\tbody, _ := json.Marshal(workflow)\n\treq := httptest.NewRequest(\"PUT\", \"/workflows/1\", bytes.NewBuffer(body))\n\treq = mux.SetURLVars(req, map[string]string{\"id\": \"1\"})\n\treq.Header.Set(\"Content-Type\", \"application/json\")\n\tw := httptest.NewRecorder()\n\thandlers.UpdateWorkflow(w, req)\n\tif w.Code != http.StatusOK && w.Code != http.StatusNotFound {\n\t\tt.Errorf(\"Expected 200 or 404, got %d\", w.Code)\n\t}\n}\n\nfunc TestDeleteWorkflow(t *testing.T) {\n\treq := httptest.NewRequest(\"DELETE\", \"/workflows/1\", nil)\n\treq = mux.SetURLVars(req, map[string]string{\"id\": \"1\"})\n\tw := httptest.NewRecorder()\n\thandlers.DeleteWorkflow(w, req)\n\tif w.Code != http.StatusNoContent && w.Code != http.StatusNotFound {\n\t\tt.Errorf(\"Expected 204 or 404, got %d\", w.Code)\n\t}\n}\n"
  },
  {
    "filename": "internal/handlers/approval_record_test.go",
    "code": "package handlers_test\n\nimport (\n\t"bytes\"\n\t"encoding/json\"\n\t\"net/http\"\n\t\"net/http/httptest\"\n\t\"testing\"\n\t\"WorkflowAPI/internal/handlers\"\n\t\"WorkflowAPI/internal/models\"\n)\n\nfunc TestCreateApprovalRecord(t *testing.T) {\n\trecord := models.ApprovalRecord{\n\t\tApprover: \"approver1\",\n\t\tAction:   \"approve\",\n\t}\n\tbody, _ := json.Marshal(record)\n\treq := httptest.NewRequest(\"POST\", \"/workflows/1/approval_records\", bytes.NewBuffer(body))\n\treq.Header.Set(\"Content-Type\", \"application/json\")\n\tw := httptest.NewRecorder()\n\thandlers.CreateApprovalRecord(w, req)\n\tif w.Code != http.StatusCreated {\n\t\tt.Errorf(\"Expected 201, got %d\", w.Code)\n\t}\n}\n\nfunc TestGetApprovalRecords(t *testing.T) {\n\treq := httptest.NewRequest(\"GET\", \"/approval_records\", nil)\n\tw := httptest.NewRecorder()\n\thandlers.GetApprovalRecords(w, req)\n\tif w.Code != http.StatusOK {\n\t\tt.Errorf(\"Expected 200, got %d\", w.Code)\n\t}\n}\n"
  },
  {
    "filename": "internal/routes/routes.go",
    "code": "package routes\n\nimport (\n\t\"github.com/gorilla/mux\"\n\t\"WorkflowAPI/internal/handlers\"\n)\n\nfunc Register(r *mux.Router) {\n\tr.HandleFunc(\"/workflows\", handlers.CreateWorkflow).Methods(\"POST\")\n\tr.HandleFunc(\"/workflows\", handlers.GetWorkflows).Methods(\"GET\")\n\tr.HandleFunc(\"/workflows/{id}\", handlers.GetWorkflow).Methods(\"GET\")\n\tr.HandleFunc(\"/workflows/{id}\", handlers.UpdateWorkflow).Methods(\"PUT\")\n\tr.HandleFunc(\"/workflows/{id}\", handlers.DeleteWorkflow).Methods(\"DELETE\")\n\tr.HandleFunc(\"/workflows/{workflow_id}/approval_records\", handlers.CreateApprovalRecord).Methods(\"POST\")\n\tr.HandleFunc(\"/approval_records\", handlers.GetApprovalRecords).Methods(\"GET\")\n}\n"
  },
  {
    "filename": "cmd/main.go",
    "code": "package main\n\nimport (\n\t\"log\"\n\t\"net/http\"\n\t\"github.com/gorilla/mux\"\n\t\"WorkflowAPI/internal/routes\"\n)\n\nfunc main() {\n\tr := mux.NewRouter()\n\troutes.Register(r)\n\tlog.Println(\"Server listening on :8080\")\n\tlog.Fatal(http.ListenAndServe(\":8080\", r))\n}\n"
  },
  {
    "filename": "tasks.md",
    "code": "# Lab Tasks - Advanced Features\n\n## Completed Implementation\nâœ… All CRUD operations are fully implemented\nâœ… Complete test suite for all handlers\nâœ… Proper error handling and status codes\n\n## Optional Enhancements (Student Tasks)\n1. Add database persistence using PostgreSQL\n2. Implement authentication and authorization middleware\n3. Add request validation using a validation library\n4. Implement pagination for GetWorkflows endpoint\n5. Add filtering and sorting capabilities\n6. Create OpenAPI/Swagger documentation\n7. Implement rate limiting middleware\n8. Add logging middleware for all requests\n"
  }
]
--- END ---
ğŸ§¾ Saved ML metrics â†’ experiments/WorkflowAPI/gen_metrics.json
2025/11/11 19:43:47 âš ï¸  ML generation failed once: failed to parse repaired output: json parse error: invalid character 'b' after object key:value pair
2025/11/11 19:43:47 ğŸ” Retrying with relaxed mode...
2025/11/11 19:43:47 ğŸª„ Using relaxed ML generation mode (cleaning JSON output)...
ğŸ¤– Trying model: gpt-4o
â±ï¸  Model call took 24.809680864s (model: gpt-4o, attempt: 1)
âœ… Parsed 6 files

ğŸ“Š Generation Summary:
  â€¢ Duration: 24.809977554s
  â€¢ Primary Success: true
  â€¢ Repair Attempts: 0
  â€¢ Final Success: true
  â€¢ Error: 
âœ… WorkflowAPI generation completed successfully
ğŸ§¾ Saved ML metrics â†’ experiments/WorkflowAPI/gen_metrics.json
2025/11/11 19:44:12 âœ… Normal ML generation succeeded â€” no relaxed mode needed.
ğŸ“ Processing: internal/models/workflow.go
âœ… Written: experiments/out/WorkflowAPI/internal/models/workflow.go
ğŸ“ Processing: internal/handlers/workflow.go
ğŸ”§ Fixed handler signature for CreateWorkflow
ğŸ”§ Fixed handler signature for GetWorkflows
ğŸ”§ Fixed handler signature for GetWorkflow
ğŸ”§ Fixed handler signature for UpdateWorkflow
ğŸ”§ Fixed handler signature for DeleteWorkflow
âœ… Written: experiments/out/WorkflowAPI/internal/handlers/workflow.go
ğŸ“ Processing: internal/handlers/workflow_test.go
ğŸ”§ Fixed test signature for TestCreateWorkflow
ğŸ”§ Fixed test signature for TestGetWorkflows
ğŸ”§ Fixed test signature for TestGetWorkflow
ğŸ”§ Fixed test signature for TestUpdateWorkflow
ğŸ”§ Fixed test signature for TestDeleteWorkflow
ğŸ”§ Fixed test signature for TestTransitionWorkflow
âœ… Auto-fixed test signatures in internal/handlers/workflow_test.go
âœ… Written: experiments/out/WorkflowAPI/internal/handlers/workflow_test.go
ğŸ“ Processing: internal/routes/routes.go
ğŸ”§ Fixed Register function parameter
âœ… Written: experiments/out/WorkflowAPI/internal/routes/routes.go
ğŸ“ Processing: cmd/main.go
âœ… Written: experiments/out/WorkflowAPI/cmd/main.go
ğŸ“ Processing: tasks.md
âš ï¸  Syntax validation failed for tasks.md: temp.go:1:1: illegal character U+0023 '#'
ğŸ”§ Attempting additional fixes...
âŒ Could not auto-fix syntax errors in tasks.md
âœ… Written: experiments/out/WorkflowAPI/tasks.md

ğŸ”§ Total rule-based fixes applied: 11
ğŸ”§ Fixing parseID type mismatches...
ğŸ”§ Running rule-based auto-fix on ML-generated files...

ğŸ”§ Auto-fixing all files in: experiments/out/WorkflowAPI

ğŸ“ Fixing test function signatures...
  âœ… Fixed test signatures in workflow_test.go

ğŸ“ Fixing handler function signatures...

ğŸ“ Fixing routes Register function...

âœ… Applied 1 auto-fixes
âœ… Rule-based fixes applied successfully
ğŸ” Validating Go syntax (ML-only)...
âœ… All ML-generated files have valid Go syntax
2025/11/11 19:44:12 ğŸ”§ Detected module name: github.com/eif-courses/hlabgen/experiments/out/WorkflowAPI â€” fixing imports...
2025/11/11 19:44:12   âœ… Updated imports in: cmd/main.go
2025/11/11 19:44:12   âœ… Updated imports in: internal/handlers/workflow.go
2025/11/11 19:44:12   âœ… Updated imports in: internal/handlers/workflow_test.go
2025/11/11 19:44:12   âœ… Updated imports in: internal/routes/routes.go
2025/11/11 19:44:12 âœ… Fixed imports in 4 file(s)
ğŸ”§ Running go mod tidy...
âœ… Dependencies tidied
âœ… ML-only generation completed (24.84s)
ğŸ”§ Injected mux import â†’ experiments/out/WorkflowAPI/internal/handlers/workflow.go
ğŸ”§ Verified mux dependency and tidied module
ğŸ“ Saved per-package coverage â†’ experiments/out/WorkflowAPI/coverage.json
ğŸ§¾ Added summary row (with ML metrics) â†’ experiments/logs/coverage.csv

--- go test summary ---

--- experiments/out/WorkflowAPI/internal/handlers ---
# github.com/eif-courses/hlabgen/experiments/out/WorkflowAPI/internal/models
../models/workflow.go:9:6: ApprovalRecord redeclared in this block
	../models/approvalrecord.go:6:6: other declaration of ApprovalRecord
../models/approvalrecord.go:20:9: undefined: fmt
FAIL	github.com/eif-courses/hlabgen/experiments/out/WorkflowAPI/internal/handlers [build failed]

------------------------
âœ… Validation completed in 0.95s

ğŸ“Š Summary for WorkflowAPI (mode: ml):
  â€¢ BuildSuccess = false
  â€¢ LintWarnings = 24
  â€¢ TestsPass    = false
  â€¢ Coverage     = 0.0%
  â€¢ Generation Duration = 24.837993691s
  â€¢ Repair Attempts = 0
  â€¢ Rule Fixes   = 11
ğŸ§¾ Wrote 10 unique experiments to experiments/logs/summary.csv

ğŸ§¾ Generating Markdown summary from JSON metrics...
ğŸ“Š Markdown results saved â†’ experiments/logs/results.md
âœ… Summary successfully written to experiments/logs/results.md

âœ… Experiment complete..
\033[32mâœ… Finished generating WorkflowAPI\033[0m
make[1]: Leaving directory '/home/marius/GolandProjects/hlabgen'
make[1]: Entering directory '/home/marius/GolandProjects/hlabgen'
\033[34mğŸ“Š Generating standard Markdown report...\033[0m
ğŸ“Š Generating reports (mode: standard)...
âœ… Standard report with lint/vet warnings: experiments/logs/results.md

============================================================
ğŸ“Š REPORT GENERATION SUMMARY
============================================================
âœ… 10/10 experiments succeeded (100.0%)
ğŸ“ Reports saved in: experiments/logs/
============================================================
\033[32mâœ… Report ready: experiments/logs/results.md\033[0m
make[1]: Leaving directory '/home/marius/GolandProjects/hlabgen'
make[1]: Entering directory '/home/marius/GolandProjects/hlabgen'
\033[34mğŸš€ Generating ApprovalAPI in ml mode...\033[0m
# github.com/eif-courses/hlabgen/internal/ml
internal/ml/generate.go:69:12: assignment mismatch: 1 variable but BuildPrompt returns 2 values
make[1]: *** [Makefile:115: generate] Error 1
make[1]: Leaving directory '/home/marius/GolandProjects/hlabgen'
make: *** [Makefile:139: experiment] Error 2
make[1]: Entering directory '/home/marius/GolandProjects/hlabgen'
\033[34mğŸš€ Generating AuthAPI in ml mode...\033[0m
# github.com/eif-courses/hlabgen/internal/ml
internal/ml/generate.go:69:12: assignment mismatch: 1 variable but BuildPrompt returns 2 values
make[1]: *** [Makefile:115: generate] Error 1
make[1]: Leaving directory '/home/marius/GolandProjects/hlabgen'
make: *** [Makefile:139: experiment] Error 2
make[1]: Entering directory '/home/marius/GolandProjects/hlabgen'
\033[34mğŸš€ Generating InventoryAPI in ml mode...\033[0m
# github.com/eif-courses/hlabgen/internal/ml
internal/ml/generate.go:69:12: assignment mismatch: 1 variable but BuildPrompt returns 2 values
make[1]: *** [Makefile:115: generate] Error 1
make[1]: Leaving directory '/home/marius/GolandProjects/hlabgen'
make: *** [Makefile:139: experiment] Error 2
make[1]: Entering directory '/home/marius/GolandProjects/hlabgen'
\033[34mğŸš€ Generating NotificationAPI in ml mode...\033[0m
# github.com/eif-courses/hlabgen/internal/ml
internal/ml/generate.go:69:12: assignment mismatch: 1 variable but BuildPrompt returns 2 values
make[1]: *** [Makefile:115: generate] Error 1
make[1]: Leaving directory '/home/marius/GolandProjects/hlabgen'
make: *** [Makefile:139: experiment] Error 2
make[1]: Entering directory '/home/marius/GolandProjects/hlabgen'
\033[34mğŸš€ Generating OrderAPI in ml mode...\033[0m
# github.com/eif-courses/hlabgen/internal/ml
internal/ml/generate.go:69:12: assignment mismatch: 1 variable but BuildPrompt returns 2 values
make[1]: *** [Makefile:115: generate] Error 1
make[1]: Leaving directory '/home/marius/GolandProjects/hlabgen'
make: *** [Makefile:139: experiment] Error 2
make[1]: Entering directory '/home/marius/GolandProjects/hlabgen'
\033[34mğŸš€ Generating PaymentAPI in ml mode...\033[0m
# github.com/eif-courses/hlabgen/internal/ml
internal/ml/generate.go:69:12: assignment mismatch: 1 variable but BuildPrompt returns 2 values
make[1]: *** [Makefile:115: generate] Error 1
make[1]: Leaving directory '/home/marius/GolandProjects/hlabgen'
make: *** [Makefile:139: experiment] Error 2
make[1]: Entering directory '/home/marius/GolandProjects/hlabgen'
\033[34mğŸš€ Generating PermissionAPI in ml mode...\033[0m
# github.com/eif-courses/hlabgen/internal/ml
internal/ml/generate.go:69:12: assignment mismatch: 1 variable but BuildPrompt returns 2 values
make[1]: *** [Makefile:115: generate] Error 1
make[1]: Leaving directory '/home/marius/GolandProjects/hlabgen'
make: *** [Makefile:139: experiment] Error 2
make[1]: Entering directory '/home/marius/GolandProjects/hlabgen'
\033[34mğŸš€ Generating SchedulerAPI in ml mode...\033[0m
# github.com/eif-courses/hlabgen/internal/ml
internal/ml/generate.go:69:12: assignment mismatch: 1 variable but BuildPrompt returns 2 values
make[1]: *** [Makefile:115: generate] Error 1
make[1]: Leaving directory '/home/marius/GolandProjects/hlabgen'
make: *** [Makefile:139: experiment] Error 2
make[1]: Entering directory '/home/marius/GolandProjects/hlabgen'
\033[34mğŸš€ Generating SearchAPI in ml mode...\033[0m
# github.com/eif-courses/hlabgen/internal/ml
internal/ml/generate.go:69:12: assignment mismatch: 1 variable but BuildPrompt returns 2 values
make[1]: *** [Makefile:115: generate] Error 1
make[1]: Leaving directory '/home/marius/GolandProjects/hlabgen'
make: *** [Makefile:139: experiment] Error 2
make[1]: Entering directory '/home/marius/GolandProjects/hlabgen'
\033[34mğŸš€ Generating WorkflowAPI in ml mode...\033[0m
# github.com/eif-courses/hlabgen/internal/ml
internal/ml/generate.go:69:12: assignment mismatch: 1 variable but BuildPrompt returns 2 values
make[1]: *** [Makefile:115: generate] Error 1
make[1]: Leaving directory '/home/marius/GolandProjects/hlabgen'
make: *** [Makefile:139: experiment] Error 2
make[1]: Entering directory '/home/marius/GolandProjects/hlabgen'
\033[34mğŸš€ Generating ApprovalAPI in ml mode...\033[0m

ğŸš€ Starting generation for app: ApprovalAPI (mode=ml)
2025/11/11 21:12:52 ğŸ¤– Starting PURE ML-based generation (no rules)...
ğŸ§¾ Saved ML metrics â†’ experiments/ApprovalAPI/gen_metrics.json
2025/11/11 21:12:52 âš ï¸  ML generation failed once: parse template: template: prompt:139: function "ID" not defined
2025/11/11 21:12:52 ğŸ” Retrying with relaxed mode...
2025/11/11 21:12:52 ğŸª„ Using relaxed ML generation mode (cleaning JSON output)...
ğŸ§¾ Saved ML metrics â†’ experiments/ApprovalAPI/gen_metrics.json
2025/11/11 21:12:52 ğŸ§¹ Cleaning malformed JSON output after error: parse template: template: prompt:139: function "ID" not defined
2025/11/11 21:12:52 ğŸ” Retrying ML generation in relaxed mode (second API call)...
ğŸ§¾ Saved ML metrics â†’ experiments/ApprovalAPI/gen_metrics.json
2025/11/11 21:12:52 âŒ Relaxed ML generation still failed: parse template: template: prompt:139: function "ID" not defined
ğŸ§¾ Saved ML metrics â†’ experiments/ApprovalAPI/gen_metrics_relaxed.json
2025/11/11 21:12:52 âŒ ML generation failed completely: parse template: template: prompt:139: function "ID" not defined
ğŸ”§ Verified mux dependency and tidied module
ğŸ“ Saved per-package coverage â†’ experiments/out/ApprovalAPI/coverage.json
ğŸ§¾ Added summary row (with ML metrics) â†’ experiments/logs/coverage.csv

--- go test summary ---

--- experiments/out/ApprovalAPI/internal/handlers ---
# github.com/eif-courses/hlabgen/experiments/out/ApprovalAPI/internal/models
../models/approvalrequest.go:18:6: generateID redeclared in this block
	../models/approval.go:18:6: other declaration of generateID
../models/approvalrequest.go:19:9: undefined: fmt
../models/approval.go:19:9: undefined: fmt
FAIL	github.com/eif-courses/hlabgen/experiments/out/ApprovalAPI/internal/handlers [build failed]

------------------------
âœ… Validation completed in 0.52s

ğŸ“Š Summary for ApprovalAPI (mode: ml):
  â€¢ BuildSuccess = false
  â€¢ LintWarnings = 27
  â€¢ TestsPass    = false
  â€¢ Coverage     = 0.0%
  â€¢ Generation Duration = 101.57Âµs
  â€¢ Repair Attempts = 0
  â€¢ Rule Fixes   = 0
ğŸ§¾ Wrote 10 unique experiments to experiments/logs/summary.csv

ğŸ§¾ Generating Markdown summary from JSON metrics...
ğŸ“Š Markdown results saved â†’ experiments/logs/results.md
âœ… Summary successfully written to experiments/logs/results.md

âœ… Experiment complete..
\033[32mâœ… Finished generating ApprovalAPI\033[0m
make[1]: Leaving directory '/home/marius/GolandProjects/hlabgen'
make[1]: Entering directory '/home/marius/GolandProjects/hlabgen'
\033[34mğŸ“Š Generating standard Markdown report...\033[0m
ğŸ“Š Generating reports (mode: standard)...
âœ… Standard report with lint/vet warnings: experiments/logs/results.md

============================================================
ğŸ“Š REPORT GENERATION SUMMARY
============================================================
âœ… 10/10 experiments succeeded (100.0%)
ğŸ“ Reports saved in: experiments/logs/
============================================================
\033[32mâœ… Report ready: experiments/logs/results.md\033[0m
make[1]: Leaving directory '/home/marius/GolandProjects/hlabgen'
make[1]: Entering directory '/home/marius/GolandProjects/hlabgen'
\033[34mğŸš€ Generating AuthAPI in ml mode...\033[0m

ğŸš€ Starting generation for app: AuthAPI (mode=ml)
2025/11/11 21:12:52 ğŸ¤– Starting PURE ML-based generation (no rules)...
ğŸ§¾ Saved ML metrics â†’ experiments/AuthAPI/gen_metrics.json
2025/11/11 21:12:52 âš ï¸  ML generation failed once: parse template: template: prompt:139: function "ID" not defined
2025/11/11 21:12:52 ğŸ” Retrying with relaxed mode...
2025/11/11 21:12:52 ğŸª„ Using relaxed ML generation mode (cleaning JSON output)...
ğŸ§¾ Saved ML metrics â†’ experiments/AuthAPI/gen_metrics.json
2025/11/11 21:12:52 ğŸ§¹ Cleaning malformed JSON output after error: parse template: template: prompt:139: function "ID" not defined
2025/11/11 21:12:52 ğŸ” Retrying ML generation in relaxed mode (second API call)...
ğŸ§¾ Saved ML metrics â†’ experiments/AuthAPI/gen_metrics.json
2025/11/11 21:12:52 âŒ Relaxed ML generation still failed: parse template: template: prompt:139: function "ID" not defined
ğŸ§¾ Saved ML metrics â†’ experiments/AuthAPI/gen_metrics_relaxed.json
2025/11/11 21:12:52 âŒ ML generation failed completely: parse template: template: prompt:139: function "ID" not defined
ğŸ”§ Verified mux dependency and tidied module
ğŸ“ Saved per-package coverage â†’ experiments/out/AuthAPI/coverage.json
ğŸ§¾ Added summary row (with ML metrics) â†’ experiments/logs/coverage.csv

--- go test summary ---

--- experiments/out/AuthAPI/internal/handlers ---
# github.com/eif-courses/hlabgen/experiments/out/AuthAPI/internal/models
../models/user.go:18:6: generateID redeclared in this block
	../models/session.go:18:6: other declaration of generateID
../models/user.go:19:9: undefined: fmt
../models/session.go:19:9: undefined: fmt
FAIL	github.com/eif-courses/hlabgen/experiments/out/AuthAPI/internal/handlers [build failed]

------------------------
âœ… Validation completed in 0.48s

ğŸ“Š Summary for AuthAPI (mode: ml):
  â€¢ BuildSuccess = false
  â€¢ LintWarnings = 27
  â€¢ TestsPass    = false
  â€¢ Coverage     = 0.0%
  â€¢ Generation Duration = 104.547Âµs
  â€¢ Repair Attempts = 0
  â€¢ Rule Fixes   = 0
ğŸ§¾ Wrote 10 unique experiments to experiments/logs/summary.csv

ğŸ§¾ Generating Markdown summary from JSON metrics...
ğŸ“Š Markdown results saved â†’ experiments/logs/results.md
âœ… Summary successfully written to experiments/logs/results.md

âœ… Experiment complete..
\033[32mâœ… Finished generating AuthAPI\033[0m
make[1]: Leaving directory '/home/marius/GolandProjects/hlabgen'
make[1]: Entering directory '/home/marius/GolandProjects/hlabgen'
\033[34mğŸ“Š Generating standard Markdown report...\033[0m
ğŸ“Š Generating reports (mode: standard)...
âœ… Standard report with lint/vet warnings: experiments/logs/results.md

============================================================
ğŸ“Š REPORT GENERATION SUMMARY
============================================================
âœ… 10/10 experiments succeeded (100.0%)
ğŸ“ Reports saved in: experiments/logs/
============================================================
\033[32mâœ… Report ready: experiments/logs/results.md\033[0m
make[1]: Leaving directory '/home/marius/GolandProjects/hlabgen'
make[1]: Entering directory '/home/marius/GolandProjects/hlabgen'
\033[34mğŸš€ Generating InventoryAPI in ml mode...\033[0m

ğŸš€ Starting generation for app: InventoryAPI (mode=ml)
2025/11/11 21:12:53 ğŸ¤– Starting PURE ML-based generation (no rules)...
ğŸ§¾ Saved ML metrics â†’ experiments/InventoryAPI/gen_metrics.json
2025/11/11 21:12:53 âš ï¸  ML generation failed once: parse template: template: prompt:139: function "ID" not defined
2025/11/11 21:12:53 ğŸ” Retrying with relaxed mode...
2025/11/11 21:12:53 ğŸª„ Using relaxed ML generation mode (cleaning JSON output)...
ğŸ§¾ Saved ML metrics â†’ experiments/InventoryAPI/gen_metrics.json
2025/11/11 21:12:53 ğŸ§¹ Cleaning malformed JSON output after error: parse template: template: prompt:139: function "ID" not defined
2025/11/11 21:12:53 ğŸ” Retrying ML generation in relaxed mode (second API call)...
ğŸ§¾ Saved ML metrics â†’ experiments/InventoryAPI/gen_metrics.json
2025/11/11 21:12:53 âŒ Relaxed ML generation still failed: parse template: template: prompt:139: function "ID" not defined
ğŸ§¾ Saved ML metrics â†’ experiments/InventoryAPI/gen_metrics_relaxed.json
2025/11/11 21:12:53 âŒ ML generation failed completely: parse template: template: prompt:139: function "ID" not defined
ğŸ”§ Verified mux dependency and tidied module
ğŸ“ Saved per-package coverage â†’ experiments/out/InventoryAPI/coverage.json
ğŸ§¾ Added summary row (with ML metrics) â†’ experiments/logs/coverage.csv

--- go test summary ---

--- experiments/out/InventoryAPI/internal/handlers ---
# github.com/eif-courses/hlabgen/experiments/out/InventoryAPI/internal/models
../models/reservation.go:18:6: generateID redeclared in this block
	../models/inventoryitem.go:18:6: other declaration of generateID
../models/reservation.go:19:9: undefined: fmt
../models/inventoryitem.go:19:9: undefined: fmt
FAIL	github.com/eif-courses/hlabgen/experiments/out/InventoryAPI/internal/handlers [build failed]

------------------------
âœ… Validation completed in 0.53s

ğŸ“Š Summary for InventoryAPI (mode: ml):
  â€¢ BuildSuccess = false
  â€¢ LintWarnings = 27
  â€¢ TestsPass    = false
  â€¢ Coverage     = 0.0%
  â€¢ Generation Duration = 103.92Âµs
  â€¢ Repair Attempts = 0
  â€¢ Rule Fixes   = 0
ğŸ§¾ Wrote 10 unique experiments to experiments/logs/summary.csv

ğŸ§¾ Generating Markdown summary from JSON metrics...
ğŸ“Š Markdown results saved â†’ experiments/logs/results.md
âœ… Summary successfully written to experiments/logs/results.md

âœ… Experiment complete..
\033[32mâœ… Finished generating InventoryAPI\033[0m
make[1]: Leaving directory '/home/marius/GolandProjects/hlabgen'
make[1]: Entering directory '/home/marius/GolandProjects/hlabgen'
\033[34mğŸ“Š Generating standard Markdown report...\033[0m
ğŸ“Š Generating reports (mode: standard)...
âœ… Standard report with lint/vet warnings: experiments/logs/results.md

============================================================
ğŸ“Š REPORT GENERATION SUMMARY
============================================================
âœ… 10/10 experiments succeeded (100.0%)
ğŸ“ Reports saved in: experiments/logs/
============================================================
\033[32mâœ… Report ready: experiments/logs/results.md\033[0m
make[1]: Leaving directory '/home/marius/GolandProjects/hlabgen'
make[1]: Entering directory '/home/marius/GolandProjects/hlabgen'
\033[34mğŸš€ Generating NotificationAPI in ml mode...\033[0m

ğŸš€ Starting generation for app: NotificationAPI (mode=ml)
2025/11/11 21:12:53 ğŸ¤– Starting PURE ML-based generation (no rules)...
ğŸ§¾ Saved ML metrics â†’ experiments/NotificationAPI/gen_metrics.json
2025/11/11 21:12:53 âš ï¸  ML generation failed once: parse template: template: prompt:139: function "ID" not defined
2025/11/11 21:12:53 ğŸ” Retrying with relaxed mode...
2025/11/11 21:12:53 ğŸª„ Using relaxed ML generation mode (cleaning JSON output)...
ğŸ§¾ Saved ML metrics â†’ experiments/NotificationAPI/gen_metrics.json
2025/11/11 21:12:53 ğŸ§¹ Cleaning malformed JSON output after error: parse template: template: prompt:139: function "ID" not defined
2025/11/11 21:12:53 ğŸ” Retrying ML generation in relaxed mode (second API call)...
ğŸ§¾ Saved ML metrics â†’ experiments/NotificationAPI/gen_metrics.json
2025/11/11 21:12:53 âŒ Relaxed ML generation still failed: parse template: template: prompt:139: function "ID" not defined
ğŸ§¾ Saved ML metrics â†’ experiments/NotificationAPI/gen_metrics_relaxed.json
2025/11/11 21:12:53 âŒ ML generation failed completely: parse template: template: prompt:139: function "ID" not defined
ğŸ”§ Verified mux dependency and tidied module
ğŸ“ Saved per-package coverage â†’ experiments/out/NotificationAPI/coverage.json
ğŸ§¾ Added summary row (with ML metrics) â†’ experiments/logs/coverage.csv

--- go test summary ---

--- experiments/out/NotificationAPI/internal/handlers ---
# github.com/eif-courses/hlabgen/experiments/out/NotificationAPI/internal/models
../models/notification.go:20:9: undefined: fmt
FAIL	github.com/eif-courses/hlabgen/experiments/out/NotificationAPI/internal/handlers [build failed]

------------------------
âœ… Validation completed in 0.50s

ğŸ“Š Summary for NotificationAPI (mode: ml):
  â€¢ BuildSuccess = false
  â€¢ LintWarnings = 12
  â€¢ TestsPass    = false
  â€¢ Coverage     = 0.0%
  â€¢ Generation Duration = 74.78Âµs
  â€¢ Repair Attempts = 0
  â€¢ Rule Fixes   = 0
ğŸ§¾ Wrote 10 unique experiments to experiments/logs/summary.csv

ğŸ§¾ Generating Markdown summary from JSON metrics...
ğŸ“Š Markdown results saved â†’ experiments/logs/results.md
âœ… Summary successfully written to experiments/logs/results.md

âœ… Experiment complete..
\033[32mâœ… Finished generating NotificationAPI\033[0m
make[1]: Leaving directory '/home/marius/GolandProjects/hlabgen'
make[1]: Entering directory '/home/marius/GolandProjects/hlabgen'
\033[34mğŸ“Š Generating standard Markdown report...\033[0m
ğŸ“Š Generating reports (mode: standard)...
âœ… Standard report with lint/vet warnings: experiments/logs/results.md

============================================================
ğŸ“Š REPORT GENERATION SUMMARY
============================================================
âœ… 10/10 experiments succeeded (100.0%)
ğŸ“ Reports saved in: experiments/logs/
============================================================
\033[32mâœ… Report ready: experiments/logs/results.md\033[0m
make[1]: Leaving directory '/home/marius/GolandProjects/hlabgen'
make[1]: Entering directory '/home/marius/GolandProjects/hlabgen'
\033[34mğŸš€ Generating OrderAPI in ml mode...\033[0m

ğŸš€ Starting generation for app: OrderAPI (mode=ml)
2025/11/11 21:12:54 ğŸ¤– Starting PURE ML-based generation (no rules)...
ğŸ§¾ Saved ML metrics â†’ experiments/OrderAPI/gen_metrics.json
2025/11/11 21:12:54 âš ï¸  ML generation failed once: parse template: template: prompt:139: function "ID" not defined
2025/11/11 21:12:54 ğŸ” Retrying with relaxed mode...
2025/11/11 21:12:54 ğŸª„ Using relaxed ML generation mode (cleaning JSON output)...
ğŸ§¾ Saved ML metrics â†’ experiments/OrderAPI/gen_metrics.json
2025/11/11 21:12:54 ğŸ§¹ Cleaning malformed JSON output after error: parse template: template: prompt:139: function "ID" not defined
2025/11/11 21:12:54 ğŸ” Retrying ML generation in relaxed mode (second API call)...
ğŸ§¾ Saved ML metrics â†’ experiments/OrderAPI/gen_metrics.json
2025/11/11 21:12:54 âŒ Relaxed ML generation still failed: parse template: template: prompt:139: function "ID" not defined
ğŸ§¾ Saved ML metrics â†’ experiments/OrderAPI/gen_metrics_relaxed.json
2025/11/11 21:12:54 âŒ ML generation failed completely: parse template: template: prompt:139: function "ID" not defined
ğŸ”§ Verified mux dependency and tidied module
ğŸ“ Saved per-package coverage â†’ experiments/out/OrderAPI/coverage.json
ğŸ§¾ Added summary row (with ML metrics) â†’ experiments/logs/coverage.csv

--- go test summary ---

--- experiments/out/OrderAPI/internal/handlers ---
# github.com/eif-courses/hlabgen/experiments/out/OrderAPI/internal/models
../models/orderitem.go:24:6: generateID redeclared in this block
	../models/order.go:24:6: other declaration of generateID
../models/orderitem.go:25:9: undefined: fmt
../models/order.go:25:9: undefined: fmt
FAIL	github.com/eif-courses/hlabgen/experiments/out/OrderAPI/internal/handlers [build failed]

------------------------
âœ… Validation completed in 0.73s

ğŸ“Š Summary for OrderAPI (mode: ml):
  â€¢ BuildSuccess = false
  â€¢ LintWarnings = 27
  â€¢ TestsPass    = false
  â€¢ Coverage     = 0.0%
  â€¢ Generation Duration = 164.944Âµs
  â€¢ Repair Attempts = 0
  â€¢ Rule Fixes   = 0
ğŸ§¾ Wrote 10 unique experiments to experiments/logs/summary.csv

ğŸ§¾ Generating Markdown summary from JSON metrics...
ğŸ“Š Markdown results saved â†’ experiments/logs/results.md
âœ… Summary successfully written to experiments/logs/results.md

âœ… Experiment complete..
\033[32mâœ… Finished generating OrderAPI\033[0m
make[1]: Leaving directory '/home/marius/GolandProjects/hlabgen'
make[1]: Entering directory '/home/marius/GolandProjects/hlabgen'
\033[34mğŸ“Š Generating standard Markdown report...\033[0m
ğŸ“Š Generating reports (mode: standard)...
âœ… Standard report with lint/vet warnings: experiments/logs/results.md

============================================================
ğŸ“Š REPORT GENERATION SUMMARY
============================================================
âœ… 10/10 experiments succeeded (100.0%)
ğŸ“ Reports saved in: experiments/logs/
============================================================
\033[32mâœ… Report ready: experiments/logs/results.md\033[0m
make[1]: Leaving directory '/home/marius/GolandProjects/hlabgen'
make[1]: Entering directory '/home/marius/GolandProjects/hlabgen'
\033[34mğŸš€ Generating PaymentAPI in ml mode...\033[0m

ğŸš€ Starting generation for app: PaymentAPI (mode=ml)
2025/11/11 21:12:55 ğŸ¤– Starting PURE ML-based generation (no rules)...
ğŸ§¾ Saved ML metrics â†’ experiments/PaymentAPI/gen_metrics.json
2025/11/11 21:12:55 âš ï¸  ML generation failed once: parse template: template: prompt:139: function "ID" not defined
2025/11/11 21:12:55 ğŸ” Retrying with relaxed mode...
2025/11/11 21:12:55 ğŸª„ Using relaxed ML generation mode (cleaning JSON output)...
ğŸ§¾ Saved ML metrics â†’ experiments/PaymentAPI/gen_metrics.json
2025/11/11 21:12:55 ğŸ§¹ Cleaning malformed JSON output after error: parse template: template: prompt:139: function "ID" not defined
2025/11/11 21:12:55 ğŸ” Retrying ML generation in relaxed mode (second API call)...
ğŸ§¾ Saved ML metrics â†’ experiments/PaymentAPI/gen_metrics.json
2025/11/11 21:12:55 âŒ Relaxed ML generation still failed: parse template: template: prompt:139: function "ID" not defined
ğŸ§¾ Saved ML metrics â†’ experiments/PaymentAPI/gen_metrics_relaxed.json
2025/11/11 21:12:55 âŒ ML generation failed completely: parse template: template: prompt:139: function "ID" not defined
ğŸ”§ Verified mux dependency and tidied module
ğŸ“ Saved per-package coverage â†’ experiments/out/PaymentAPI/coverage.json
ğŸ§¾ Added summary row (with ML metrics) â†’ experiments/logs/coverage.csv

--- go test summary ---

--- experiments/out/PaymentAPI/internal/handlers ---
# github.com/eif-courses/hlabgen/experiments/out/PaymentAPI/internal/models
../models/payment.go:20:9: undefined: fmt
FAIL	github.com/eif-courses/hlabgen/experiments/out/PaymentAPI/internal/handlers [build failed]

------------------------
âœ… Validation completed in 0.49s

ğŸ“Š Summary for PaymentAPI (mode: ml):
  â€¢ BuildSuccess = false
  â€¢ LintWarnings = 12
  â€¢ TestsPass    = false
  â€¢ Coverage     = 0.0%
  â€¢ Generation Duration = 61.525Âµs
  â€¢ Repair Attempts = 0
  â€¢ Rule Fixes   = 0
ğŸ§¾ Wrote 10 unique experiments to experiments/logs/summary.csv

ğŸ§¾ Generating Markdown summary from JSON metrics...
ğŸ“Š Markdown results saved â†’ experiments/logs/results.md
âœ… Summary successfully written to experiments/logs/results.md

âœ… Experiment complete..
\033[32mâœ… Finished generating PaymentAPI\033[0m
make[1]: Leaving directory '/home/marius/GolandProjects/hlabgen'
make[1]: Entering directory '/home/marius/GolandProjects/hlabgen'
\033[34mğŸ“Š Generating standard Markdown report...\033[0m
ğŸ“Š Generating reports (mode: standard)...
âœ… Standard report with lint/vet warnings: experiments/logs/results.md

============================================================
ğŸ“Š REPORT GENERATION SUMMARY
============================================================
âœ… 10/10 experiments succeeded (100.0%)
ğŸ“ Reports saved in: experiments/logs/
============================================================
\033[32mâœ… Report ready: experiments/logs/results.md\033[0m
make[1]: Leaving directory '/home/marius/GolandProjects/hlabgen'
make[1]: Entering directory '/home/marius/GolandProjects/hlabgen'
\033[34mğŸš€ Generating PermissionAPI in ml mode...\033[0m

ğŸš€ Starting generation for app: PermissionAPI (mode=ml)
2025/11/11 21:12:55 ğŸ¤– Starting PURE ML-based generation (no rules)...
ğŸ§¾ Saved ML metrics â†’ experiments/PermissionAPI/gen_metrics.json
2025/11/11 21:12:55 âš ï¸  ML generation failed once: parse template: template: prompt:139: function "ID" not defined
2025/11/11 21:12:55 ğŸ” Retrying with relaxed mode...
2025/11/11 21:12:55 ğŸª„ Using relaxed ML generation mode (cleaning JSON output)...
ğŸ§¾ Saved ML metrics â†’ experiments/PermissionAPI/gen_metrics.json
2025/11/11 21:12:55 ğŸ§¹ Cleaning malformed JSON output after error: parse template: template: prompt:139: function "ID" not defined
2025/11/11 21:12:55 ğŸ” Retrying ML generation in relaxed mode (second API call)...
ğŸ§¾ Saved ML metrics â†’ experiments/PermissionAPI/gen_metrics.json
2025/11/11 21:12:55 âŒ Relaxed ML generation still failed: parse template: template: prompt:139: function "ID" not defined
ğŸ§¾ Saved ML metrics â†’ experiments/PermissionAPI/gen_metrics_relaxed.json
2025/11/11 21:12:55 âŒ ML generation failed completely: parse template: template: prompt:139: function "ID" not defined
ğŸ”§ Verified mux dependency and tidied module
ğŸ“ Saved per-package coverage â†’ experiments/out/PermissionAPI/coverage.json
ğŸ§¾ Added summary row (with ML metrics) â†’ experiments/logs/coverage.csv

--- go test summary ---

--- experiments/out/PermissionAPI/internal/handlers ---
# github.com/eif-courses/hlabgen/experiments/out/PermissionAPI/internal/models
../models/userrole.go:18:6: generateID redeclared in this block
	../models/role.go:18:6: other declaration of generateID
../models/userrole.go:19:9: undefined: fmt
../models/role.go:19:9: undefined: fmt
FAIL	github.com/eif-courses/hlabgen/experiments/out/PermissionAPI/internal/handlers [build failed]

------------------------
âœ… Validation completed in 0.48s

ğŸ“Š Summary for PermissionAPI (mode: ml):
  â€¢ BuildSuccess = false
  â€¢ LintWarnings = 27
  â€¢ TestsPass    = false
  â€¢ Coverage     = 0.0%
  â€¢ Generation Duration = 109.745Âµs
  â€¢ Repair Attempts = 0
  â€¢ Rule Fixes   = 0
ğŸ§¾ Wrote 10 unique experiments to experiments/logs/summary.csv

ğŸ§¾ Generating Markdown summary from JSON metrics...
ğŸ“Š Markdown results saved â†’ experiments/logs/results.md
âœ… Summary successfully written to experiments/logs/results.md

âœ… Experiment complete..
\033[32mâœ… Finished generating PermissionAPI\033[0m
make[1]: Leaving directory '/home/marius/GolandProjects/hlabgen'
make[1]: Entering directory '/home/marius/GolandProjects/hlabgen'
\033[34mğŸ“Š Generating standard Markdown report...\033[0m
ğŸ“Š Generating reports (mode: standard)...
âœ… Standard report with lint/vet warnings: experiments/logs/results.md

============================================================
ğŸ“Š REPORT GENERATION SUMMARY
============================================================
âœ… 10/10 experiments succeeded (100.0%)
ğŸ“ Reports saved in: experiments/logs/
============================================================
\033[32mâœ… Report ready: experiments/logs/results.md\033[0m
make[1]: Leaving directory '/home/marius/GolandProjects/hlabgen'
make[1]: Entering directory '/home/marius/GolandProjects/hlabgen'
\033[34mğŸš€ Generating SchedulerAPI in ml mode...\033[0m

ğŸš€ Starting generation for app: SchedulerAPI (mode=ml)
2025/11/11 21:12:56 ğŸ¤– Starting PURE ML-based generation (no rules)...
ğŸ§¾ Saved ML metrics â†’ experiments/SchedulerAPI/gen_metrics.json
2025/11/11 21:12:56 âš ï¸  ML generation failed once: parse template: template: prompt:139: function "ID" not defined
2025/11/11 21:12:56 ğŸ” Retrying with relaxed mode...
2025/11/11 21:12:56 ğŸª„ Using relaxed ML generation mode (cleaning JSON output)...
ğŸ§¾ Saved ML metrics â†’ experiments/SchedulerAPI/gen_metrics.json
2025/11/11 21:12:56 ğŸ§¹ Cleaning malformed JSON output after error: parse template: template: prompt:139: function "ID" not defined
2025/11/11 21:12:56 ğŸ” Retrying ML generation in relaxed mode (second API call)...
ğŸ§¾ Saved ML metrics â†’ experiments/SchedulerAPI/gen_metrics.json
2025/11/11 21:12:56 âŒ Relaxed ML generation still failed: parse template: template: prompt:139: function "ID" not defined
ğŸ§¾ Saved ML metrics â†’ experiments/SchedulerAPI/gen_metrics_relaxed.json
2025/11/11 21:12:56 âŒ ML generation failed completely: parse template: template: prompt:139: function "ID" not defined
ğŸ”§ Verified mux dependency and tidied module
ğŸ“ Saved per-package coverage â†’ experiments/out/SchedulerAPI/coverage.json
ğŸ§¾ Added summary row (with ML metrics) â†’ experiments/logs/coverage.csv

--- go test summary ---

--- experiments/out/SchedulerAPI/internal/handlers ---
# github.com/eif-courses/hlabgen/experiments/out/SchedulerAPI/internal/models
../models/scheduledjob.go:18:6: generateID redeclared in this block
	../models/executionlog.go:18:6: other declaration of generateID
../models/scheduledjob.go:19:9: undefined: fmt
../models/executionlog.go:19:9: undefined: fmt
FAIL	github.com/eif-courses/hlabgen/experiments/out/SchedulerAPI/internal/handlers [build failed]

------------------------
âœ… Validation completed in 0.48s

ğŸ“Š Summary for SchedulerAPI (mode: ml):
  â€¢ BuildSuccess = false
  â€¢ LintWarnings = 27
  â€¢ TestsPass    = false
  â€¢ Coverage     = 0.0%
  â€¢ Generation Duration = 187.844Âµs
  â€¢ Repair Attempts = 0
  â€¢ Rule Fixes   = 0
ğŸ§¾ Wrote 10 unique experiments to experiments/logs/summary.csv

ğŸ§¾ Generating Markdown summary from JSON metrics...
ğŸ“Š Markdown results saved â†’ experiments/logs/results.md
âœ… Summary successfully written to experiments/logs/results.md

âœ… Experiment complete..
\033[32mâœ… Finished generating SchedulerAPI\033[0m
make[1]: Leaving directory '/home/marius/GolandProjects/hlabgen'
make[1]: Entering directory '/home/marius/GolandProjects/hlabgen'
\033[34mğŸ“Š Generating standard Markdown report...\033[0m
ğŸ“Š Generating reports (mode: standard)...
âœ… Standard report with lint/vet warnings: experiments/logs/results.md

============================================================
ğŸ“Š REPORT GENERATION SUMMARY
============================================================
âœ… 10/10 experiments succeeded (100.0%)
ğŸ“ Reports saved in: experiments/logs/
============================================================
\033[32mâœ… Report ready: experiments/logs/results.md\033[0m
make[1]: Leaving directory '/home/marius/GolandProjects/hlabgen'
make[1]: Entering directory '/home/marius/GolandProjects/hlabgen'
\033[34mğŸš€ Generating SearchAPI in ml mode...\033[0m

ğŸš€ Starting generation for app: SearchAPI (mode=ml)
2025/11/11 21:12:57 ğŸ¤– Starting PURE ML-based generation (no rules)...
ğŸ§¾ Saved ML metrics â†’ experiments/SearchAPI/gen_metrics.json
2025/11/11 21:12:57 âš ï¸  ML generation failed once: parse template: template: prompt:139: function "ID" not defined
2025/11/11 21:12:57 ğŸ” Retrying with relaxed mode...
2025/11/11 21:12:57 ğŸª„ Using relaxed ML generation mode (cleaning JSON output)...
ğŸ§¾ Saved ML metrics â†’ experiments/SearchAPI/gen_metrics.json
2025/11/11 21:12:57 ğŸ§¹ Cleaning malformed JSON output after error: parse template: template: prompt:139: function "ID" not defined
2025/11/11 21:12:57 ğŸ” Retrying ML generation in relaxed mode (second API call)...
ğŸ§¾ Saved ML metrics â†’ experiments/SearchAPI/gen_metrics.json
2025/11/11 21:12:57 âŒ Relaxed ML generation still failed: parse template: template: prompt:139: function "ID" not defined
ğŸ§¾ Saved ML metrics â†’ experiments/SearchAPI/gen_metrics_relaxed.json
2025/11/11 21:12:57 âŒ ML generation failed completely: parse template: template: prompt:139: function "ID" not defined
ğŸ”§ Verified mux dependency and tidied module
ğŸ“ Saved per-package coverage â†’ experiments/out/SearchAPI/coverage.json
ğŸ§¾ Added summary row (with ML metrics) â†’ experiments/logs/coverage.csv

--- go test summary ---

--- experiments/out/SearchAPI/internal/handlers ---
# github.com/eif-courses/hlabgen/experiments/out/SearchAPI/internal/models
../models/product.go:19:9: undefined: fmt
FAIL	github.com/eif-courses/hlabgen/experiments/out/SearchAPI/internal/handlers [build failed]

------------------------
âœ… Validation completed in 0.47s

ğŸ“Š Summary for SearchAPI (mode: ml):
  â€¢ BuildSuccess = false
  â€¢ LintWarnings = 12
  â€¢ TestsPass    = false
  â€¢ Coverage     = 0.0%
  â€¢ Generation Duration = 48.247Âµs
  â€¢ Repair Attempts = 0
  â€¢ Rule Fixes   = 0
ğŸ§¾ Wrote 10 unique experiments to experiments/logs/summary.csv

ğŸ§¾ Generating Markdown summary from JSON metrics...
ğŸ“Š Markdown results saved â†’ experiments/logs/results.md
âœ… Summary successfully written to experiments/logs/results.md

âœ… Experiment complete..
\033[32mâœ… Finished generating SearchAPI\033[0m
make[1]: Leaving directory '/home/marius/GolandProjects/hlabgen'
make[1]: Entering directory '/home/marius/GolandProjects/hlabgen'
\033[34mğŸ“Š Generating standard Markdown report...\033[0m
ğŸ“Š Generating reports (mode: standard)...
âœ… Standard report with lint/vet warnings: experiments/logs/results.md

============================================================
ğŸ“Š REPORT GENERATION SUMMARY
============================================================
âœ… 10/10 experiments succeeded (100.0%)
ğŸ“ Reports saved in: experiments/logs/
============================================================
\033[32mâœ… Report ready: experiments/logs/results.md\033[0m
make[1]: Leaving directory '/home/marius/GolandProjects/hlabgen'
make[1]: Entering directory '/home/marius/GolandProjects/hlabgen'
\033[34mğŸš€ Generating WorkflowAPI in ml mode...\033[0m

ğŸš€ Starting generation for app: WorkflowAPI (mode=ml)
2025/11/11 21:12:57 ğŸ¤– Starting PURE ML-based generation (no rules)...
ğŸ§¾ Saved ML metrics â†’ experiments/WorkflowAPI/gen_metrics.json
2025/11/11 21:12:57 âš ï¸  ML generation failed once: parse template: template: prompt:139: function "ID" not defined
2025/11/11 21:12:57 ğŸ” Retrying with relaxed mode...
2025/11/11 21:12:57 ğŸª„ Using relaxed ML generation mode (cleaning JSON output)...
ğŸ§¾ Saved ML metrics â†’ experiments/WorkflowAPI/gen_metrics.json
2025/11/11 21:12:57 ğŸ§¹ Cleaning malformed JSON output after error: parse template: template: prompt:139: function "ID" not defined
2025/11/11 21:12:57 ğŸ” Retrying ML generation in relaxed mode (second API call)...
ğŸ§¾ Saved ML metrics â†’ experiments/WorkflowAPI/gen_metrics.json
2025/11/11 21:12:57 âŒ Relaxed ML generation still failed: parse template: template: prompt:139: function "ID" not defined
ğŸ§¾ Saved ML metrics â†’ experiments/WorkflowAPI/gen_metrics_relaxed.json
2025/11/11 21:12:57 âŒ ML generation failed completely: parse template: template: prompt:139: function "ID" not defined
ğŸ”§ Verified mux dependency and tidied module
ğŸ“ Saved per-package coverage â†’ experiments/out/WorkflowAPI/coverage.json
ğŸ§¾ Added summary row (with ML metrics) â†’ experiments/logs/coverage.csv

--- go test summary ---

--- experiments/out/WorkflowAPI/internal/handlers ---
# github.com/eif-courses/hlabgen/experiments/out/WorkflowAPI/internal/models
../models/workflow.go:19:6: generateID redeclared in this block
	../models/approvalrecord.go:19:6: other declaration of generateID
../models/workflow.go:20:9: undefined: fmt
../models/approvalrecord.go:20:9: undefined: fmt
FAIL	github.com/eif-courses/hlabgen/experiments/out/WorkflowAPI/internal/handlers [build failed]

------------------------
âœ… Validation completed in 0.49s

ğŸ“Š Summary for WorkflowAPI (mode: ml):
  â€¢ BuildSuccess = false
  â€¢ LintWarnings = 27
  â€¢ TestsPass    = false
  â€¢ Coverage     = 0.0%
  â€¢ Generation Duration = 79.216Âµs
  â€¢ Repair Attempts = 0
  â€¢ Rule Fixes   = 0
ğŸ§¾ Wrote 10 unique experiments to experiments/logs/summary.csv

ğŸ§¾ Generating Markdown summary from JSON metrics...
ğŸ“Š Markdown results saved â†’ experiments/logs/results.md
âœ… Summary successfully written to experiments/logs/results.md

âœ… Experiment complete..
\033[32mâœ… Finished generating WorkflowAPI\033[0m
make[1]: Leaving directory '/home/marius/GolandProjects/hlabgen'
make[1]: Entering directory '/home/marius/GolandProjects/hlabgen'
\033[34mğŸ“Š Generating standard Markdown report...\033[0m
ğŸ“Š Generating reports (mode: standard)...
âœ… Standard report with lint/vet warnings: experiments/logs/results.md

============================================================
ğŸ“Š REPORT GENERATION SUMMARY
============================================================
âœ… 10/10 experiments succeeded (100.0%)
ğŸ“ Reports saved in: experiments/logs/
============================================================
\033[32mâœ… Report ready: experiments/logs/results.md\033[0m
make[1]: Leaving directory '/home/marius/GolandProjects/hlabgen'
make[1]: Entering directory '/home/marius/GolandProjects/hlabgen'
\033[34mğŸš€ Generating ApprovalAPI in ml mode...\033[0m

ğŸš€ Starting generation for app: ApprovalAPI (mode=ml)
2025/11/11 22:01:53 ğŸ¤– Starting PURE ML-based generation (no rules)...
ğŸ§¾ Saved ML metrics â†’ experiments/ApprovalAPI/gen_metrics.json
2025/11/11 22:01:53 âš ï¸  ML generation failed once: parse template: template: prompt:139: function "ID" not defined
2025/11/11 22:01:53 ğŸ” Retrying with relaxed mode...
2025/11/11 22:01:53 ğŸª„ Using relaxed ML generation mode (cleaning JSON output)...
ğŸ§¾ Saved ML metrics â†’ experiments/ApprovalAPI/gen_metrics.json
2025/11/11 22:01:53 ğŸ§¹ Cleaning malformed JSON output after error: parse template: template: prompt:139: function "ID" not defined
2025/11/11 22:01:53 ğŸ” Retrying ML generation in relaxed mode (second API call)...
ğŸ§¾ Saved ML metrics â†’ experiments/ApprovalAPI/gen_metrics.json
2025/11/11 22:01:53 âŒ Relaxed ML generation still failed: parse template: template: prompt:139: function "ID" not defined
ğŸ§¾ Saved ML metrics â†’ experiments/ApprovalAPI/gen_metrics_relaxed.json
2025/11/11 22:01:53 âŒ ML generation failed completely: parse template: template: prompt:139: function "ID" not defined
ğŸ”§ Verified mux dependency and tidied module
ğŸ“ Saved per-package coverage â†’ experiments/out/ApprovalAPI/coverage.json
ğŸ§¾ Added summary row (with ML metrics) â†’ experiments/logs/coverage.csv

--- go test summary ---

--- experiments/out/ApprovalAPI/internal/handlers ---
# ApprovalAPI/internal/models
../models/approvalrequest.go:18:6: generateID redeclared in this block
	../models/approval.go:18:6: other declaration of generateID
../models/approvalrequest.go:19:9: undefined: fmt
../models/approval.go:19:9: undefined: fmt
FAIL	ApprovalAPI/internal/handlers [build failed]

------------------------
âœ… Validation completed in 0.57s

ğŸ“Š Summary for ApprovalAPI (mode: ml):
  â€¢ BuildSuccess = false
  â€¢ LintWarnings = 27
  â€¢ TestsPass    = false
  â€¢ Coverage     = 0.0%
  â€¢ Generation Duration = 102.861Âµs
  â€¢ Repair Attempts = 0
  â€¢ Rule Fixes   = 0
ğŸ§¾ Wrote 10 unique experiments to experiments/logs/summary.csv

ğŸ§¾ Generating Markdown summary from JSON metrics...
ğŸ“Š Markdown results saved â†’ experiments/logs/results.md
âœ… Summary successfully written to experiments/logs/results.md

âœ… Experiment complete..
\033[32mâœ… Finished generating ApprovalAPI\033[0m
make[1]: Leaving directory '/home/marius/GolandProjects/hlabgen'
make[1]: Entering directory '/home/marius/GolandProjects/hlabgen'
\033[34mğŸ“Š Generating standard Markdown report...\033[0m
ğŸ“Š Generating reports (mode: standard)...
âœ… Standard report with lint/vet warnings: experiments/logs/results.md

============================================================
ğŸ“Š REPORT GENERATION SUMMARY
============================================================
âœ… 10/10 experiments succeeded (100.0%)
ğŸ“ Reports saved in: experiments/logs/
============================================================
\033[32mâœ… Report ready: experiments/logs/results.md\033[0m
make[1]: Leaving directory '/home/marius/GolandProjects/hlabgen'
make[1]: Entering directory '/home/marius/GolandProjects/hlabgen'
\033[34mğŸš€ Generating AuthAPI in ml mode...\033[0m

ğŸš€ Starting generation for app: AuthAPI (mode=ml)
2025/11/11 22:01:54 ğŸ¤– Starting PURE ML-based generation (no rules)...
ğŸ§¾ Saved ML metrics â†’ experiments/AuthAPI/gen_metrics.json
2025/11/11 22:01:54 âš ï¸  ML generation failed once: parse template: template: prompt:139: function "ID" not defined
2025/11/11 22:01:54 ğŸ” Retrying with relaxed mode...
2025/11/11 22:01:54 ğŸª„ Using relaxed ML generation mode (cleaning JSON output)...
ğŸ§¾ Saved ML metrics â†’ experiments/AuthAPI/gen_metrics.json
2025/11/11 22:01:54 ğŸ§¹ Cleaning malformed JSON output after error: parse template: template: prompt:139: function "ID" not defined
2025/11/11 22:01:54 ğŸ” Retrying ML generation in relaxed mode (second API call)...
ğŸ§¾ Saved ML metrics â†’ experiments/AuthAPI/gen_metrics.json
2025/11/11 22:01:54 âŒ Relaxed ML generation still failed: parse template: template: prompt:139: function "ID" not defined
ğŸ§¾ Saved ML metrics â†’ experiments/AuthAPI/gen_metrics_relaxed.json
2025/11/11 22:01:54 âŒ ML generation failed completely: parse template: template: prompt:139: function "ID" not defined
ğŸ”§ Verified mux dependency and tidied module
ğŸ“ Saved per-package coverage â†’ experiments/out/AuthAPI/coverage.json
ğŸ§¾ Added summary row (with ML metrics) â†’ experiments/logs/coverage.csv

--- go test summary ---

--- experiments/out/AuthAPI/internal/handlers ---
# AuthAPI/internal/models
../models/user.go:18:6: generateID redeclared in this block
	../models/session.go:18:6: other declaration of generateID
../models/user.go:19:9: undefined: fmt
../models/session.go:19:9: undefined: fmt
FAIL	AuthAPI/internal/handlers [build failed]

------------------------
âœ… Validation completed in 0.47s

ğŸ“Š Summary for AuthAPI (mode: ml):
  â€¢ BuildSuccess = false
  â€¢ LintWarnings = 27
  â€¢ TestsPass    = false
  â€¢ Coverage     = 0.0%
  â€¢ Generation Duration = 110.221Âµs
  â€¢ Repair Attempts = 0
  â€¢ Rule Fixes   = 0
ğŸ§¾ Wrote 10 unique experiments to experiments/logs/summary.csv

ğŸ§¾ Generating Markdown summary from JSON metrics...
ğŸ“Š Markdown results saved â†’ experiments/logs/results.md
âœ… Summary successfully written to experiments/logs/results.md

âœ… Experiment complete..
\033[32mâœ… Finished generating AuthAPI\033[0m
make[1]: Leaving directory '/home/marius/GolandProjects/hlabgen'
make[1]: Entering directory '/home/marius/GolandProjects/hlabgen'
\033[34mğŸ“Š Generating standard Markdown report...\033[0m
ğŸ“Š Generating reports (mode: standard)...
âœ… Standard report with lint/vet warnings: experiments/logs/results.md

============================================================
ğŸ“Š REPORT GENERATION SUMMARY
============================================================
âœ… 10/10 experiments succeeded (100.0%)
ğŸ“ Reports saved in: experiments/logs/
============================================================
\033[32mâœ… Report ready: experiments/logs/results.md\033[0m
make[1]: Leaving directory '/home/marius/GolandProjects/hlabgen'
make[1]: Entering directory '/home/marius/GolandProjects/hlabgen'
\033[34mğŸš€ Generating InventoryAPI in ml mode...\033[0m

ğŸš€ Starting generation for app: InventoryAPI (mode=ml)
2025/11/11 22:01:55 ğŸ¤– Starting PURE ML-based generation (no rules)...
ğŸ§¾ Saved ML metrics â†’ experiments/InventoryAPI/gen_metrics.json
2025/11/11 22:01:55 âš ï¸  ML generation failed once: parse template: template: prompt:139: function "ID" not defined
2025/11/11 22:01:55 ğŸ” Retrying with relaxed mode...
2025/11/11 22:01:55 ğŸª„ Using relaxed ML generation mode (cleaning JSON output)...
ğŸ§¾ Saved ML metrics â†’ experiments/InventoryAPI/gen_metrics.json
2025/11/11 22:01:55 ğŸ§¹ Cleaning malformed JSON output after error: parse template: template: prompt:139: function "ID" not defined
2025/11/11 22:01:55 ğŸ” Retrying ML generation in relaxed mode (second API call)...
ğŸ§¾ Saved ML metrics â†’ experiments/InventoryAPI/gen_metrics.json
2025/11/11 22:01:55 âŒ Relaxed ML generation still failed: parse template: template: prompt:139: function "ID" not defined
ğŸ§¾ Saved ML metrics â†’ experiments/InventoryAPI/gen_metrics_relaxed.json
2025/11/11 22:01:55 âŒ ML generation failed completely: parse template: template: prompt:139: function "ID" not defined
ğŸ”§ Verified mux dependency and tidied module
ğŸ“ Saved per-package coverage â†’ experiments/out/InventoryAPI/coverage.json
ğŸ§¾ Added summary row (with ML metrics) â†’ experiments/logs/coverage.csv

--- go test summary ---

--- experiments/out/InventoryAPI/internal/handlers ---
# InventoryAPI/internal/models
../models/reservation.go:18:6: generateID redeclared in this block
	../models/inventoryitem.go:18:6: other declaration of generateID
../models/reservation.go:19:9: undefined: fmt
../models/inventoryitem.go:19:9: undefined: fmt
FAIL	InventoryAPI/internal/handlers [build failed]

------------------------
âœ… Validation completed in 0.48s

ğŸ“Š Summary for InventoryAPI (mode: ml):
  â€¢ BuildSuccess = false
  â€¢ LintWarnings = 27
  â€¢ TestsPass    = false
  â€¢ Coverage     = 0.0%
  â€¢ Generation Duration = 64.833Âµs
  â€¢ Repair Attempts = 0
  â€¢ Rule Fixes   = 0
ğŸ§¾ Wrote 10 unique experiments to experiments/logs/summary.csv

ğŸ§¾ Generating Markdown summary from JSON metrics...
ğŸ“Š Markdown results saved â†’ experiments/logs/results.md
âœ… Summary successfully written to experiments/logs/results.md

âœ… Experiment complete..
\033[32mâœ… Finished generating InventoryAPI\033[0m
make[1]: Leaving directory '/home/marius/GolandProjects/hlabgen'
make[1]: Entering directory '/home/marius/GolandProjects/hlabgen'
\033[34mğŸ“Š Generating standard Markdown report...\033[0m
ğŸ“Š Generating reports (mode: standard)...
âœ… Standard report with lint/vet warnings: experiments/logs/results.md

============================================================
ğŸ“Š REPORT GENERATION SUMMARY
============================================================
âœ… 10/10 experiments succeeded (100.0%)
ğŸ“ Reports saved in: experiments/logs/
============================================================
\033[32mâœ… Report ready: experiments/logs/results.md\033[0m
make[1]: Leaving directory '/home/marius/GolandProjects/hlabgen'
make[1]: Entering directory '/home/marius/GolandProjects/hlabgen'
\033[34mğŸš€ Generating NotificationAPI in ml mode...\033[0m

ğŸš€ Starting generation for app: NotificationAPI (mode=ml)
2025/11/11 22:01:55 ğŸ¤– Starting PURE ML-based generation (no rules)...
ğŸ§¾ Saved ML metrics â†’ experiments/NotificationAPI/gen_metrics.json
2025/11/11 22:01:55 âš ï¸  ML generation failed once: parse template: template: prompt:139: function "ID" not defined
2025/11/11 22:01:55 ğŸ” Retrying with relaxed mode...
2025/11/11 22:01:55 ğŸª„ Using relaxed ML generation mode (cleaning JSON output)...
ğŸ§¾ Saved ML metrics â†’ experiments/NotificationAPI/gen_metrics.json
2025/11/11 22:01:55 ğŸ§¹ Cleaning malformed JSON output after error: parse template: template: prompt:139: function "ID" not defined
2025/11/11 22:01:55 ğŸ” Retrying ML generation in relaxed mode (second API call)...
ğŸ§¾ Saved ML metrics â†’ experiments/NotificationAPI/gen_metrics.json
2025/11/11 22:01:55 âŒ Relaxed ML generation still failed: parse template: template: prompt:139: function "ID" not defined
ğŸ§¾ Saved ML metrics â†’ experiments/NotificationAPI/gen_metrics_relaxed.json
2025/11/11 22:01:55 âŒ ML generation failed completely: parse template: template: prompt:139: function "ID" not defined
ğŸ”§ Verified mux dependency and tidied module
ğŸ“ Saved per-package coverage â†’ experiments/out/NotificationAPI/coverage.json
ğŸ§¾ Added summary row (with ML metrics) â†’ experiments/logs/coverage.csv

--- go test summary ---

--- experiments/out/NotificationAPI/internal/handlers ---
# NotificationAPI/internal/models
../models/notification.go:20:9: undefined: fmt
FAIL	NotificationAPI/internal/handlers [build failed]

------------------------
âœ… Validation completed in 0.49s

ğŸ“Š Summary for NotificationAPI (mode: ml):
  â€¢ BuildSuccess = false
  â€¢ LintWarnings = 12
  â€¢ TestsPass    = false
  â€¢ Coverage     = 0.0%
  â€¢ Generation Duration = 43.648Âµs
  â€¢ Repair Attempts = 0
  â€¢ Rule Fixes   = 0
ğŸ§¾ Wrote 10 unique experiments to experiments/logs/summary.csv

ğŸ§¾ Generating Markdown summary from JSON metrics...
ğŸ“Š Markdown results saved â†’ experiments/logs/results.md
âœ… Summary successfully written to experiments/logs/results.md

âœ… Experiment complete..
\033[32mâœ… Finished generating NotificationAPI\033[0m
make[1]: Leaving directory '/home/marius/GolandProjects/hlabgen'
make[1]: Entering directory '/home/marius/GolandProjects/hlabgen'
\033[34mğŸ“Š Generating standard Markdown report...\033[0m
ğŸ“Š Generating reports (mode: standard)...
âœ… Standard report with lint/vet warnings: experiments/logs/results.md

============================================================
ğŸ“Š REPORT GENERATION SUMMARY
============================================================
âœ… 10/10 experiments succeeded (100.0%)
ğŸ“ Reports saved in: experiments/logs/
============================================================
\033[32mâœ… Report ready: experiments/logs/results.md\033[0m
make[1]: Leaving directory '/home/marius/GolandProjects/hlabgen'
make[1]: Entering directory '/home/marius/GolandProjects/hlabgen'
\033[34mğŸš€ Generating OrderAPI in ml mode...\033[0m

ğŸš€ Starting generation for app: OrderAPI (mode=ml)
2025/11/11 22:01:56 ğŸ¤– Starting PURE ML-based generation (no rules)...
ğŸ§¾ Saved ML metrics â†’ experiments/OrderAPI/gen_metrics.json
2025/11/11 22:01:56 âš ï¸  ML generation failed once: parse template: template: prompt:139: function "ID" not defined
2025/11/11 22:01:56 ğŸ” Retrying with relaxed mode...
2025/11/11 22:01:56 ğŸª„ Using relaxed ML generation mode (cleaning JSON output)...
ğŸ§¾ Saved ML metrics â†’ experiments/OrderAPI/gen_metrics.json
2025/11/11 22:01:56 ğŸ§¹ Cleaning malformed JSON output after error: parse template: template: prompt:139: function "ID" not defined
2025/11/11 22:01:56 ğŸ” Retrying ML generation in relaxed mode (second API call)...
ğŸ§¾ Saved ML metrics â†’ experiments/OrderAPI/gen_metrics.json
2025/11/11 22:01:56 âŒ Relaxed ML generation still failed: parse template: template: prompt:139: function "ID" not defined
ğŸ§¾ Saved ML metrics â†’ experiments/OrderAPI/gen_metrics_relaxed.json
2025/11/11 22:01:56 âŒ ML generation failed completely: parse template: template: prompt:139: function "ID" not defined
ğŸ”§ Verified mux dependency and tidied module
ğŸ“ Saved per-package coverage â†’ experiments/out/OrderAPI/coverage.json
ğŸ§¾ Added summary row (with ML metrics) â†’ experiments/logs/coverage.csv

--- go test summary ---

--- experiments/out/OrderAPI/internal/handlers ---
# OrderAPI/internal/models
../models/orderitem.go:24:6: generateID redeclared in this block
	../models/order.go:24:6: other declaration of generateID
../models/orderitem.go:25:9: undefined: fmt
../models/order.go:25:9: undefined: fmt
FAIL	OrderAPI/internal/handlers [build failed]

------------------------
âœ… Validation completed in 0.43s

ğŸ“Š Summary for OrderAPI (mode: ml):
  â€¢ BuildSuccess = false
  â€¢ LintWarnings = 27
  â€¢ TestsPass    = false
  â€¢ Coverage     = 0.0%
  â€¢ Generation Duration = 132.35Âµs
  â€¢ Repair Attempts = 0
  â€¢ Rule Fixes   = 0
ğŸ§¾ Wrote 10 unique experiments to experiments/logs/summary.csv

ğŸ§¾ Generating Markdown summary from JSON metrics...
ğŸ“Š Markdown results saved â†’ experiments/logs/results.md
âœ… Summary successfully written to experiments/logs/results.md

âœ… Experiment complete..
\033[32mâœ… Finished generating OrderAPI\033[0m
make[1]: Leaving directory '/home/marius/GolandProjects/hlabgen'
make[1]: Entering directory '/home/marius/GolandProjects/hlabgen'
\033[34mğŸ“Š Generating standard Markdown report...\033[0m
ğŸ“Š Generating reports (mode: standard)...
âœ… Standard report with lint/vet warnings: experiments/logs/results.md

============================================================
ğŸ“Š REPORT GENERATION SUMMARY
============================================================
âœ… 10/10 experiments succeeded (100.0%)
ğŸ“ Reports saved in: experiments/logs/
============================================================
\033[32mâœ… Report ready: experiments/logs/results.md\033[0m
make[1]: Leaving directory '/home/marius/GolandProjects/hlabgen'
make[1]: Entering directory '/home/marius/GolandProjects/hlabgen'
\033[34mğŸš€ Generating PaymentAPI in ml mode...\033[0m

ğŸš€ Starting generation for app: PaymentAPI (mode=ml)
2025/11/11 22:01:56 ğŸ¤– Starting PURE ML-based generation (no rules)...
ğŸ§¾ Saved ML metrics â†’ experiments/PaymentAPI/gen_metrics.json
2025/11/11 22:01:56 âš ï¸  ML generation failed once: parse template: template: prompt:139: function "ID" not defined
2025/11/11 22:01:56 ğŸ” Retrying with relaxed mode...
2025/11/11 22:01:56 ğŸª„ Using relaxed ML generation mode (cleaning JSON output)...
ğŸ§¾ Saved ML metrics â†’ experiments/PaymentAPI/gen_metrics.json
2025/11/11 22:01:56 ğŸ§¹ Cleaning malformed JSON output after error: parse template: template: prompt:139: function "ID" not defined
2025/11/11 22:01:56 ğŸ” Retrying ML generation in relaxed mode (second API call)...
ğŸ§¾ Saved ML metrics â†’ experiments/PaymentAPI/gen_metrics.json
2025/11/11 22:01:56 âŒ Relaxed ML generation still failed: parse template: template: prompt:139: function "ID" not defined
ğŸ§¾ Saved ML metrics â†’ experiments/PaymentAPI/gen_metrics_relaxed.json
2025/11/11 22:01:56 âŒ ML generation failed completely: parse template: template: prompt:139: function "ID" not defined
ğŸ”§ Verified mux dependency and tidied module
ğŸ“ Saved per-package coverage â†’ experiments/out/PaymentAPI/coverage.json
ğŸ§¾ Added summary row (with ML metrics) â†’ experiments/logs/coverage.csv

--- go test summary ---

--- experiments/out/PaymentAPI/internal/handlers ---
# PaymentAPI/internal/models
../models/payment.go:20:9: undefined: fmt
FAIL	PaymentAPI/internal/handlers [build failed]

------------------------
âœ… Validation completed in 0.48s

ğŸ“Š Summary for PaymentAPI (mode: ml):
  â€¢ BuildSuccess = false
  â€¢ LintWarnings = 12
  â€¢ TestsPass    = false
  â€¢ Coverage     = 0.0%
  â€¢ Generation Duration = 103.619Âµs
  â€¢ Repair Attempts = 0
  â€¢ Rule Fixes   = 0
ğŸ§¾ Wrote 10 unique experiments to experiments/logs/summary.csv

ğŸ§¾ Generating Markdown summary from JSON metrics...
ğŸ“Š Markdown results saved â†’ experiments/logs/results.md
âœ… Summary successfully written to experiments/logs/results.md

âœ… Experiment complete..
\033[32mâœ… Finished generating PaymentAPI\033[0m
make[1]: Leaving directory '/home/marius/GolandProjects/hlabgen'
make[1]: Entering directory '/home/marius/GolandProjects/hlabgen'
\033[34mğŸ“Š Generating standard Markdown report...\033[0m
ğŸ“Š Generating reports (mode: standard)...
âœ… Standard report with lint/vet warnings: experiments/logs/results.md

============================================================
ğŸ“Š REPORT GENERATION SUMMARY
============================================================
âœ… 10/10 experiments succeeded (100.0%)
ğŸ“ Reports saved in: experiments/logs/
============================================================
\033[32mâœ… Report ready: experiments/logs/results.md\033[0m
make[1]: Leaving directory '/home/marius/GolandProjects/hlabgen'
make[1]: Entering directory '/home/marius/GolandProjects/hlabgen'
\033[34mğŸš€ Generating PermissionAPI in ml mode...\033[0m

ğŸš€ Starting generation for app: PermissionAPI (mode=ml)
2025/11/11 22:01:57 ğŸ¤– Starting PURE ML-based generation (no rules)...
ğŸ§¾ Saved ML metrics â†’ experiments/PermissionAPI/gen_metrics.json
2025/11/11 22:01:57 âš ï¸  ML generation failed once: parse template: template: prompt:139: function "ID" not defined
2025/11/11 22:01:57 ğŸ” Retrying with relaxed mode...
2025/11/11 22:01:57 ğŸª„ Using relaxed ML generation mode (cleaning JSON output)...
ğŸ§¾ Saved ML metrics â†’ experiments/PermissionAPI/gen_metrics.json
2025/11/11 22:01:57 ğŸ§¹ Cleaning malformed JSON output after error: parse template: template: prompt:139: function "ID" not defined
2025/11/11 22:01:57 ğŸ” Retrying ML generation in relaxed mode (second API call)...
ğŸ§¾ Saved ML metrics â†’ experiments/PermissionAPI/gen_metrics.json
2025/11/11 22:01:57 âŒ Relaxed ML generation still failed: parse template: template: prompt:139: function "ID" not defined
ğŸ§¾ Saved ML metrics â†’ experiments/PermissionAPI/gen_metrics_relaxed.json
2025/11/11 22:01:57 âŒ ML generation failed completely: parse template: template: prompt:139: function "ID" not defined
ğŸ”§ Verified mux dependency and tidied module
ğŸ“ Saved per-package coverage â†’ experiments/out/PermissionAPI/coverage.json
ğŸ§¾ Added summary row (with ML metrics) â†’ experiments/logs/coverage.csv

--- go test summary ---

--- experiments/out/PermissionAPI/internal/handlers ---
# PermissionAPI/internal/models
../models/userrole.go:18:6: generateID redeclared in this block
	../models/role.go:18:6: other declaration of generateID
../models/userrole.go:19:9: undefined: fmt
../models/role.go:19:9: undefined: fmt
FAIL	PermissionAPI/internal/handlers [build failed]

------------------------
âœ… Validation completed in 0.44s

ğŸ“Š Summary for PermissionAPI (mode: ml):
  â€¢ BuildSuccess = false
  â€¢ LintWarnings = 27
  â€¢ TestsPass    = false
  â€¢ Coverage     = 0.0%
  â€¢ Generation Duration = 201.988Âµs
  â€¢ Repair Attempts = 0
  â€¢ Rule Fixes   = 0
ğŸ§¾ Wrote 10 unique experiments to experiments/logs/summary.csv

ğŸ§¾ Generating Markdown summary from JSON metrics...
ğŸ“Š Markdown results saved â†’ experiments/logs/results.md
âœ… Summary successfully written to experiments/logs/results.md

âœ… Experiment complete..
\033[32mâœ… Finished generating PermissionAPI\033[0m
make[1]: Leaving directory '/home/marius/GolandProjects/hlabgen'
make[1]: Entering directory '/home/marius/GolandProjects/hlabgen'
\033[34mğŸ“Š Generating standard Markdown report...\033[0m
ğŸ“Š Generating reports (mode: standard)...
âœ… Standard report with lint/vet warnings: experiments/logs/results.md

============================================================
ğŸ“Š REPORT GENERATION SUMMARY
============================================================
âœ… 10/10 experiments succeeded (100.0%)
ğŸ“ Reports saved in: experiments/logs/
============================================================
\033[32mâœ… Report ready: experiments/logs/results.md\033[0m
make[1]: Leaving directory '/home/marius/GolandProjects/hlabgen'
make[1]: Entering directory '/home/marius/GolandProjects/hlabgen'
\033[34mğŸš€ Generating SchedulerAPI in ml mode...\033[0m

ğŸš€ Starting generation for app: SchedulerAPI (mode=ml)
2025/11/11 22:01:57 ğŸ¤– Starting PURE ML-based generation (no rules)...
ğŸ§¾ Saved ML metrics â†’ experiments/SchedulerAPI/gen_metrics.json
2025/11/11 22:01:57 âš ï¸  ML generation failed once: parse template: template: prompt:139: function "ID" not defined
2025/11/11 22:01:57 ğŸ” Retrying with relaxed mode...
2025/11/11 22:01:57 ğŸª„ Using relaxed ML generation mode (cleaning JSON output)...
ğŸ§¾ Saved ML metrics â†’ experiments/SchedulerAPI/gen_metrics.json
2025/11/11 22:01:57 ğŸ§¹ Cleaning malformed JSON output after error: parse template: template: prompt:139: function "ID" not defined
2025/11/11 22:01:57 ğŸ” Retrying ML generation in relaxed mode (second API call)...
ğŸ§¾ Saved ML metrics â†’ experiments/SchedulerAPI/gen_metrics.json
2025/11/11 22:01:57 âŒ Relaxed ML generation still failed: parse template: template: prompt:139: function "ID" not defined
ğŸ§¾ Saved ML metrics â†’ experiments/SchedulerAPI/gen_metrics_relaxed.json
2025/11/11 22:01:57 âŒ ML generation failed completely: parse template: template: prompt:139: function "ID" not defined
ğŸ”§ Verified mux dependency and tidied module
ğŸ“ Saved per-package coverage â†’ experiments/out/SchedulerAPI/coverage.json
ğŸ§¾ Added summary row (with ML metrics) â†’ experiments/logs/coverage.csv

--- go test summary ---

--- experiments/out/SchedulerAPI/internal/handlers ---
# SchedulerAPI/internal/models
../models/scheduledjob.go:18:6: generateID redeclared in this block
	../models/executionlog.go:18:6: other declaration of generateID
../models/scheduledjob.go:19:9: undefined: fmt
../models/executionlog.go:19:9: undefined: fmt
FAIL	SchedulerAPI/internal/handlers [build failed]

------------------------
âœ… Validation completed in 0.46s

ğŸ“Š Summary for SchedulerAPI (mode: ml):
  â€¢ BuildSuccess = false
  â€¢ LintWarnings = 27
  â€¢ TestsPass    = false
  â€¢ Coverage     = 0.0%
  â€¢ Generation Duration = 133.533Âµs
  â€¢ Repair Attempts = 0
  â€¢ Rule Fixes   = 0
ğŸ§¾ Wrote 10 unique experiments to experiments/logs/summary.csv

ğŸ§¾ Generating Markdown summary from JSON metrics...
ğŸ“Š Markdown results saved â†’ experiments/logs/results.md
âœ… Summary successfully written to experiments/logs/results.md

âœ… Experiment complete..
\033[32mâœ… Finished generating SchedulerAPI\033[0m
make[1]: Leaving directory '/home/marius/GolandProjects/hlabgen'
make[1]: Entering directory '/home/marius/GolandProjects/hlabgen'
\033[34mğŸ“Š Generating standard Markdown report...\033[0m
ğŸ“Š Generating reports (mode: standard)...
âœ… Standard report with lint/vet warnings: experiments/logs/results.md

============================================================
ğŸ“Š REPORT GENERATION SUMMARY
============================================================
âœ… 10/10 experiments succeeded (100.0%)
ğŸ“ Reports saved in: experiments/logs/
============================================================
\033[32mâœ… Report ready: experiments/logs/results.md\033[0m
make[1]: Leaving directory '/home/marius/GolandProjects/hlabgen'
make[1]: Entering directory '/home/marius/GolandProjects/hlabgen'
\033[34mğŸš€ Generating SearchAPI in ml mode...\033[0m

ğŸš€ Starting generation for app: SearchAPI (mode=ml)
2025/11/11 22:01:58 ğŸ¤– Starting PURE ML-based generation (no rules)...
ğŸ§¾ Saved ML metrics â†’ experiments/SearchAPI/gen_metrics.json
2025/11/11 22:01:58 âš ï¸  ML generation failed once: parse template: template: prompt:139: function "ID" not defined
2025/11/11 22:01:58 ğŸ” Retrying with relaxed mode...
2025/11/11 22:01:58 ğŸª„ Using relaxed ML generation mode (cleaning JSON output)...
ğŸ§¾ Saved ML metrics â†’ experiments/SearchAPI/gen_metrics.json
2025/11/11 22:01:58 ğŸ§¹ Cleaning malformed JSON output after error: parse template: template: prompt:139: function "ID" not defined
2025/11/11 22:01:58 ğŸ” Retrying ML generation in relaxed mode (second API call)...
ğŸ§¾ Saved ML metrics â†’ experiments/SearchAPI/gen_metrics.json
2025/11/11 22:01:58 âŒ Relaxed ML generation still failed: parse template: template: prompt:139: function "ID" not defined
ğŸ§¾ Saved ML metrics â†’ experiments/SearchAPI/gen_metrics_relaxed.json
2025/11/11 22:01:58 âŒ ML generation failed completely: parse template: template: prompt:139: function "ID" not defined
ğŸ”§ Verified mux dependency and tidied module
ğŸ“ Saved per-package coverage â†’ experiments/out/SearchAPI/coverage.json
ğŸ§¾ Added summary row (with ML metrics) â†’ experiments/logs/coverage.csv

--- go test summary ---

--- experiments/out/SearchAPI/internal/handlers ---
# SearchAPI/internal/models
../models/product.go:19:9: undefined: fmt
FAIL	SearchAPI/internal/handlers [build failed]

------------------------
âœ… Validation completed in 0.44s

ğŸ“Š Summary for SearchAPI (mode: ml):
  â€¢ BuildSuccess = false
  â€¢ LintWarnings = 12
  â€¢ TestsPass    = false
  â€¢ Coverage     = 0.0%
  â€¢ Generation Duration = 45.383Âµs
  â€¢ Repair Attempts = 0
  â€¢ Rule Fixes   = 0
ğŸ§¾ Wrote 10 unique experiments to experiments/logs/summary.csv

ğŸ§¾ Generating Markdown summary from JSON metrics...
ğŸ“Š Markdown results saved â†’ experiments/logs/results.md
âœ… Summary successfully written to experiments/logs/results.md

âœ… Experiment complete..
\033[32mâœ… Finished generating SearchAPI\033[0m
make[1]: Leaving directory '/home/marius/GolandProjects/hlabgen'
make[1]: Entering directory '/home/marius/GolandProjects/hlabgen'
\033[34mğŸ“Š Generating standard Markdown report...\033[0m
ğŸ“Š Generating reports (mode: standard)...
âœ… Standard report with lint/vet warnings: experiments/logs/results.md

============================================================
ğŸ“Š REPORT GENERATION SUMMARY
============================================================
âœ… 10/10 experiments succeeded (100.0%)
ğŸ“ Reports saved in: experiments/logs/
============================================================
\033[32mâœ… Report ready: experiments/logs/results.md\033[0m
make[1]: Leaving directory '/home/marius/GolandProjects/hlabgen'
make[1]: Entering directory '/home/marius/GolandProjects/hlabgen'
\033[34mğŸš€ Generating WorkflowAPI in ml mode...\033[0m

ğŸš€ Starting generation for app: WorkflowAPI (mode=ml)
2025/11/11 22:01:58 ğŸ¤– Starting PURE ML-based generation (no rules)...
ğŸ§¾ Saved ML metrics â†’ experiments/WorkflowAPI/gen_metrics.json
2025/11/11 22:01:58 âš ï¸  ML generation failed once: parse template: template: prompt:139: function "ID" not defined
2025/11/11 22:01:58 ğŸ” Retrying with relaxed mode...
2025/11/11 22:01:58 ğŸª„ Using relaxed ML generation mode (cleaning JSON output)...
ğŸ§¾ Saved ML metrics â†’ experiments/WorkflowAPI/gen_metrics.json
2025/11/11 22:01:58 ğŸ§¹ Cleaning malformed JSON output after error: parse template: template: prompt:139: function "ID" not defined
2025/11/11 22:01:58 ğŸ” Retrying ML generation in relaxed mode (second API call)...
ğŸ§¾ Saved ML metrics â†’ experiments/WorkflowAPI/gen_metrics.json
2025/11/11 22:01:58 âŒ Relaxed ML generation still failed: parse template: template: prompt:139: function "ID" not defined
ğŸ§¾ Saved ML metrics â†’ experiments/WorkflowAPI/gen_metrics_relaxed.json
2025/11/11 22:01:58 âŒ ML generation failed completely: parse template: template: prompt:139: function "ID" not defined
ğŸ”§ Verified mux dependency and tidied module
ğŸ“ Saved per-package coverage â†’ experiments/out/WorkflowAPI/coverage.json
ğŸ§¾ Added summary row (with ML metrics) â†’ experiments/logs/coverage.csv

--- go test summary ---

--- experiments/out/WorkflowAPI/internal/handlers ---
# WorkflowAPI/internal/models
../models/workflow.go:19:6: generateID redeclared in this block
	../models/approvalrecord.go:19:6: other declaration of generateID
../models/workflow.go:20:9: undefined: fmt
../models/approvalrecord.go:20:9: undefined: fmt
FAIL	WorkflowAPI/internal/handlers [build failed]

------------------------
âœ… Validation completed in 0.45s

ğŸ“Š Summary for WorkflowAPI (mode: ml):
  â€¢ BuildSuccess = false
  â€¢ LintWarnings = 27
  â€¢ TestsPass    = false
  â€¢ Coverage     = 0.0%
  â€¢ Generation Duration = 48.562Âµs
  â€¢ Repair Attempts = 0
  â€¢ Rule Fixes   = 0
ğŸ§¾ Wrote 10 unique experiments to experiments/logs/summary.csv

ğŸ§¾ Generating Markdown summary from JSON metrics...
ğŸ“Š Markdown results saved â†’ experiments/logs/results.md
âœ… Summary successfully written to experiments/logs/results.md

âœ… Experiment complete..
\033[32mâœ… Finished generating WorkflowAPI\033[0m
make[1]: Leaving directory '/home/marius/GolandProjects/hlabgen'
make[1]: Entering directory '/home/marius/GolandProjects/hlabgen'
\033[34mğŸ“Š Generating standard Markdown report...\033[0m
ğŸ“Š Generating reports (mode: standard)...
âœ… Standard report with lint/vet warnings: experiments/logs/results.md

============================================================
ğŸ“Š REPORT GENERATION SUMMARY
============================================================
âœ… 10/10 experiments succeeded (100.0%)
ğŸ“ Reports saved in: experiments/logs/
============================================================
\033[32mâœ… Report ready: experiments/logs/results.md\033[0m
make[1]: Leaving directory '/home/marius/GolandProjects/hlabgen'
make[1]: Entering directory '/home/marius/GolandProjects/hlabgen'
\033[34mğŸš€ Generating ApprovalAPI in ml mode...\033[0m

ğŸš€ Starting generation for app: ApprovalAPI (mode=ml)
2025/11/12 09:27:14 ğŸ¤– Starting PURE ML-based generation (no rules)...
ğŸ§¾ Saved ML metrics â†’ experiments/ApprovalAPI/gen_metrics.json
2025/11/12 09:27:14 âš ï¸  ML generation failed once: parse template: template: prompt:139: function "ID" not defined
2025/11/12 09:27:14 ğŸ” Retrying with relaxed mode...
2025/11/12 09:27:14 ğŸª„ Using relaxed ML generation mode (cleaning JSON output)...
ğŸ§¾ Saved ML metrics â†’ experiments/ApprovalAPI/gen_metrics.json
2025/11/12 09:27:14 ğŸ§¹ Cleaning malformed JSON output after error: parse template: template: prompt:139: function "ID" not defined
2025/11/12 09:27:14 ğŸ” Retrying ML generation in relaxed mode (second API call)...
ğŸ§¾ Saved ML metrics â†’ experiments/ApprovalAPI/gen_metrics.json
2025/11/12 09:27:14 âŒ Relaxed ML generation still failed: parse template: template: prompt:139: function "ID" not defined
ğŸ§¾ Saved ML metrics â†’ experiments/ApprovalAPI/gen_metrics_relaxed.json
2025/11/12 09:27:14 âŒ ML generation failed completely: parse template: template: prompt:139: function "ID" not defined
ğŸ”§ Verified mux dependency and tidied module
ğŸ“ Saved per-package coverage â†’ experiments/out/ApprovalAPI/coverage.json
ğŸ§¾ Added summary row (with ML metrics) â†’ experiments/logs/coverage.csv

--- go test summary ---

--- experiments/out/ApprovalAPI/internal/handlers ---
# github.com/eif-courses/hlabgen/experiments/out/ApprovalAPI/internal/models
../models/approvalrequest.go:18:6: generateID redeclared in this block
	../models/approval.go:18:6: other declaration of generateID
../models/approvalrequest.go:19:9: undefined: fmt
../models/approval.go:19:9: undefined: fmt
FAIL	github.com/eif-courses/hlabgen/experiments/out/ApprovalAPI/internal/handlers [build failed]

------------------------
âœ… Validation completed in 0.65s

ğŸ“Š Summary for ApprovalAPI (mode: ml):
  â€¢ BuildSuccess = false
  â€¢ LintWarnings = 27
  â€¢ TestsPass    = false
  â€¢ Coverage     = 0.0%
  â€¢ Generation Duration = 95.798Âµs
  â€¢ Repair Attempts = 0
  â€¢ Rule Fixes   = 0
ğŸ§¾ Wrote 10 unique experiments to experiments/logs/summary.csv

ğŸ§¾ Generating Markdown summary from JSON metrics...
ğŸ“Š Markdown results saved â†’ experiments/logs/results.md
âœ… Summary successfully written to experiments/logs/results.md

âœ… Experiment complete..
\033[32mâœ… Finished generating ApprovalAPI\033[0m
make[1]: Leaving directory '/home/marius/GolandProjects/hlabgen'
make[1]: Entering directory '/home/marius/GolandProjects/hlabgen'
\033[34mğŸ“Š Generating standard Markdown report...\033[0m
ğŸ“Š Generating reports (mode: standard)...
âœ… Standard report with lint/vet warnings: experiments/logs/results.md

============================================================
ğŸ“Š REPORT GENERATION SUMMARY
============================================================
âœ… 10/10 experiments succeeded (100.0%)
ğŸ“ Reports saved in: experiments/logs/
============================================================
\033[32mâœ… Report ready: experiments/logs/results.md\033[0m
make[1]: Leaving directory '/home/marius/GolandProjects/hlabgen'
make[1]: Entering directory '/home/marius/GolandProjects/hlabgen'
\033[34mğŸš€ Generating AuthAPI in ml mode...\033[0m

ğŸš€ Starting generation for app: AuthAPI (mode=ml)
2025/11/12 09:27:15 ğŸ¤– Starting PURE ML-based generation (no rules)...
ğŸ§¾ Saved ML metrics â†’ experiments/AuthAPI/gen_metrics.json
2025/11/12 09:27:15 âš ï¸  ML generation failed once: parse template: template: prompt:139: function "ID" not defined
2025/11/12 09:27:15 ğŸ” Retrying with relaxed mode...
2025/11/12 09:27:15 ğŸª„ Using relaxed ML generation mode (cleaning JSON output)...
ğŸ§¾ Saved ML metrics â†’ experiments/AuthAPI/gen_metrics.json
2025/11/12 09:27:15 ğŸ§¹ Cleaning malformed JSON output after error: parse template: template: prompt:139: function "ID" not defined
2025/11/12 09:27:15 ğŸ” Retrying ML generation in relaxed mode (second API call)...
ğŸ§¾ Saved ML metrics â†’ experiments/AuthAPI/gen_metrics.json
2025/11/12 09:27:15 âŒ Relaxed ML generation still failed: parse template: template: prompt:139: function "ID" not defined
ğŸ§¾ Saved ML metrics â†’ experiments/AuthAPI/gen_metrics_relaxed.json
2025/11/12 09:27:15 âŒ ML generation failed completely: parse template: template: prompt:139: function "ID" not defined
ğŸ”§ Verified mux dependency and tidied module
ğŸ“ Saved per-package coverage â†’ experiments/out/AuthAPI/coverage.json
ğŸ§¾ Added summary row (with ML metrics) â†’ experiments/logs/coverage.csv

--- go test summary ---

--- experiments/out/AuthAPI/internal/handlers ---
# github.com/eif-courses/hlabgen/experiments/out/AuthAPI/internal/models
../models/user.go:18:6: generateID redeclared in this block
	../models/session.go:18:6: other declaration of generateID
../models/user.go:19:9: undefined: fmt
../models/session.go:19:9: undefined: fmt
FAIL	github.com/eif-courses/hlabgen/experiments/out/AuthAPI/internal/handlers [build failed]

------------------------
âœ… Validation completed in 0.47s

ğŸ“Š Summary for AuthAPI (mode: ml):
  â€¢ BuildSuccess = false
  â€¢ LintWarnings = 27
  â€¢ TestsPass    = false
  â€¢ Coverage     = 0.0%
  â€¢ Generation Duration = 59.912Âµs
  â€¢ Repair Attempts = 0
  â€¢ Rule Fixes   = 0
ğŸ§¾ Wrote 10 unique experiments to experiments/logs/summary.csv

ğŸ§¾ Generating Markdown summary from JSON metrics...
ğŸ“Š Markdown results saved â†’ experiments/logs/results.md
âœ… Summary successfully written to experiments/logs/results.md

âœ… Experiment complete..
\033[32mâœ… Finished generating AuthAPI\033[0m
make[1]: Leaving directory '/home/marius/GolandProjects/hlabgen'
make[1]: Entering directory '/home/marius/GolandProjects/hlabgen'
\033[34mğŸ“Š Generating standard Markdown report...\033[0m
ğŸ“Š Generating reports (mode: standard)...
âœ… Standard report with lint/vet warnings: experiments/logs/results.md

============================================================
ğŸ“Š REPORT GENERATION SUMMARY
============================================================
âœ… 10/10 experiments succeeded (100.0%)
ğŸ“ Reports saved in: experiments/logs/
============================================================
\033[32mâœ… Report ready: experiments/logs/results.md\033[0m
make[1]: Leaving directory '/home/marius/GolandProjects/hlabgen'
make[1]: Entering directory '/home/marius/GolandProjects/hlabgen'
\033[34mğŸš€ Generating InventoryAPI in ml mode...\033[0m

ğŸš€ Starting generation for app: InventoryAPI (mode=ml)
2025/11/12 09:27:15 ğŸ¤– Starting PURE ML-based generation (no rules)...
ğŸ§¾ Saved ML metrics â†’ experiments/InventoryAPI/gen_metrics.json
2025/11/12 09:27:15 âš ï¸  ML generation failed once: parse template: template: prompt:139: function "ID" not defined
2025/11/12 09:27:15 ğŸ” Retrying with relaxed mode...
2025/11/12 09:27:15 ğŸª„ Using relaxed ML generation mode (cleaning JSON output)...
ğŸ§¾ Saved ML metrics â†’ experiments/InventoryAPI/gen_metrics.json
2025/11/12 09:27:15 ğŸ§¹ Cleaning malformed JSON output after error: parse template: template: prompt:139: function "ID" not defined
2025/11/12 09:27:15 ğŸ” Retrying ML generation in relaxed mode (second API call)...
ğŸ§¾ Saved ML metrics â†’ experiments/InventoryAPI/gen_metrics.json
2025/11/12 09:27:15 âŒ Relaxed ML generation still failed: parse template: template: prompt:139: function "ID" not defined
ğŸ§¾ Saved ML metrics â†’ experiments/InventoryAPI/gen_metrics_relaxed.json
2025/11/12 09:27:15 âŒ ML generation failed completely: parse template: template: prompt:139: function "ID" not defined
ğŸ”§ Verified mux dependency and tidied module
ğŸ“ Saved per-package coverage â†’ experiments/out/InventoryAPI/coverage.json
ğŸ§¾ Added summary row (with ML metrics) â†’ experiments/logs/coverage.csv

--- go test summary ---

--- experiments/out/InventoryAPI/internal/handlers ---
# github.com/eif-courses/hlabgen/experiments/out/InventoryAPI/internal/models
../models/reservation.go:18:6: generateID redeclared in this block
	../models/inventoryitem.go:18:6: other declaration of generateID
../models/reservation.go:19:9: undefined: fmt
../models/inventoryitem.go:19:9: undefined: fmt
FAIL	github.com/eif-courses/hlabgen/experiments/out/InventoryAPI/internal/handlers [build failed]

------------------------
âœ… Validation completed in 0.62s

ğŸ“Š Summary for InventoryAPI (mode: ml):
  â€¢ BuildSuccess = false
  â€¢ LintWarnings = 27
  â€¢ TestsPass    = false
  â€¢ Coverage     = 0.0%
  â€¢ Generation Duration = 149.099Âµs
  â€¢ Repair Attempts = 0
  â€¢ Rule Fixes   = 0
ğŸ§¾ Wrote 10 unique experiments to experiments/logs/summary.csv

ğŸ§¾ Generating Markdown summary from JSON metrics...
ğŸ“Š Markdown results saved â†’ experiments/logs/results.md
âœ… Summary successfully written to experiments/logs/results.md

âœ… Experiment complete..
\033[32mâœ… Finished generating InventoryAPI\033[0m
make[1]: Leaving directory '/home/marius/GolandProjects/hlabgen'
make[1]: Entering directory '/home/marius/GolandProjects/hlabgen'
\033[34mğŸ“Š Generating standard Markdown report...\033[0m
ğŸ“Š Generating reports (mode: standard)...
âœ… Standard report with lint/vet warnings: experiments/logs/results.md

============================================================
ğŸ“Š REPORT GENERATION SUMMARY
============================================================
âœ… 10/10 experiments succeeded (100.0%)
ğŸ“ Reports saved in: experiments/logs/
============================================================
\033[32mâœ… Report ready: experiments/logs/results.md\033[0m
make[1]: Leaving directory '/home/marius/GolandProjects/hlabgen'
make[1]: Entering directory '/home/marius/GolandProjects/hlabgen'
\033[34mğŸš€ Generating NotificationAPI in ml mode...\033[0m

ğŸš€ Starting generation for app: NotificationAPI (mode=ml)
2025/11/12 09:27:16 ğŸ¤– Starting PURE ML-based generation (no rules)...
ğŸ§¾ Saved ML metrics â†’ experiments/NotificationAPI/gen_metrics.json
2025/11/12 09:27:16 âš ï¸  ML generation failed once: parse template: template: prompt:139: function "ID" not defined
2025/11/12 09:27:16 ğŸ” Retrying with relaxed mode...
2025/11/12 09:27:16 ğŸª„ Using relaxed ML generation mode (cleaning JSON output)...
ğŸ§¾ Saved ML metrics â†’ experiments/NotificationAPI/gen_metrics.json
2025/11/12 09:27:16 ğŸ§¹ Cleaning malformed JSON output after error: parse template: template: prompt:139: function "ID" not defined
2025/11/12 09:27:16 ğŸ” Retrying ML generation in relaxed mode (second API call)...
ğŸ§¾ Saved ML metrics â†’ experiments/NotificationAPI/gen_metrics.json
2025/11/12 09:27:16 âŒ Relaxed ML generation still failed: parse template: template: prompt:139: function "ID" not defined
ğŸ§¾ Saved ML metrics â†’ experiments/NotificationAPI/gen_metrics_relaxed.json
2025/11/12 09:27:16 âŒ ML generation failed completely: parse template: template: prompt:139: function "ID" not defined
ğŸ”§ Verified mux dependency and tidied module
ğŸ“ Saved per-package coverage â†’ experiments/out/NotificationAPI/coverage.json
ğŸ§¾ Added summary row (with ML metrics) â†’ experiments/logs/coverage.csv

--- go test summary ---

--- experiments/out/NotificationAPI/internal/handlers ---
# github.com/eif-courses/hlabgen/experiments/out/NotificationAPI/internal/models
../models/notification.go:20:9: undefined: fmt
FAIL	github.com/eif-courses/hlabgen/experiments/out/NotificationAPI/internal/handlers [build failed]

------------------------
âœ… Validation completed in 0.55s

ğŸ“Š Summary for NotificationAPI (mode: ml):
  â€¢ BuildSuccess = false
  â€¢ LintWarnings = 12
  â€¢ TestsPass    = false
  â€¢ Coverage     = 0.0%
  â€¢ Generation Duration = 96.449Âµs
  â€¢ Repair Attempts = 0
  â€¢ Rule Fixes   = 0
ğŸ§¾ Wrote 10 unique experiments to experiments/logs/summary.csv

ğŸ§¾ Generating Markdown summary from JSON metrics...
ğŸ“Š Markdown results saved â†’ experiments/logs/results.md
âœ… Summary successfully written to experiments/logs/results.md

âœ… Experiment complete..
\033[32mâœ… Finished generating NotificationAPI\033[0m
make[1]: Leaving directory '/home/marius/GolandProjects/hlabgen'
make[1]: Entering directory '/home/marius/GolandProjects/hlabgen'
\033[34mğŸ“Š Generating standard Markdown report...\033[0m
ğŸ“Š Generating reports (mode: standard)...
âœ… Standard report with lint/vet warnings: experiments/logs/results.md

============================================================
ğŸ“Š REPORT GENERATION SUMMARY
============================================================
âœ… 10/10 experiments succeeded (100.0%)
ğŸ“ Reports saved in: experiments/logs/
============================================================
\033[32mâœ… Report ready: experiments/logs/results.md\033[0m
make[1]: Leaving directory '/home/marius/GolandProjects/hlabgen'
make[1]: Entering directory '/home/marius/GolandProjects/hlabgen'
\033[34mğŸš€ Generating OrderAPI in ml mode...\033[0m

ğŸš€ Starting generation for app: OrderAPI (mode=ml)
2025/11/12 09:27:16 ğŸ¤– Starting PURE ML-based generation (no rules)...
ğŸ§¾ Saved ML metrics â†’ experiments/OrderAPI/gen_metrics.json
2025/11/12 09:27:16 âš ï¸  ML generation failed once: parse template: template: prompt:139: function "ID" not defined
2025/11/12 09:27:16 ğŸ” Retrying with relaxed mode...
2025/11/12 09:27:16 ğŸª„ Using relaxed ML generation mode (cleaning JSON output)...
ğŸ§¾ Saved ML metrics â†’ experiments/OrderAPI/gen_metrics.json
2025/11/12 09:27:16 ğŸ§¹ Cleaning malformed JSON output after error: parse template: template: prompt:139: function "ID" not defined
2025/11/12 09:27:16 ğŸ” Retrying ML generation in relaxed mode (second API call)...
ğŸ§¾ Saved ML metrics â†’ experiments/OrderAPI/gen_metrics.json
2025/11/12 09:27:16 âŒ Relaxed ML generation still failed: parse template: template: prompt:139: function "ID" not defined
ğŸ§¾ Saved ML metrics â†’ experiments/OrderAPI/gen_metrics_relaxed.json
2025/11/12 09:27:16 âŒ ML generation failed completely: parse template: template: prompt:139: function "ID" not defined
ğŸ”§ Verified mux dependency and tidied module
ğŸ“ Saved per-package coverage â†’ experiments/out/OrderAPI/coverage.json
ğŸ§¾ Added summary row (with ML metrics) â†’ experiments/logs/coverage.csv

--- go test summary ---

--- experiments/out/OrderAPI/internal/handlers ---
# github.com/eif-courses/hlabgen/experiments/out/OrderAPI/internal/models
../models/orderitem.go:24:6: generateID redeclared in this block
	../models/order.go:24:6: other declaration of generateID
../models/orderitem.go:25:9: undefined: fmt
../models/order.go:25:9: undefined: fmt
FAIL	github.com/eif-courses/hlabgen/experiments/out/OrderAPI/internal/handlers [build failed]

------------------------
âœ… Validation completed in 0.53s

ğŸ“Š Summary for OrderAPI (mode: ml):
  â€¢ BuildSuccess = false
  â€¢ LintWarnings = 27
  â€¢ TestsPass    = false
  â€¢ Coverage     = 0.0%
  â€¢ Generation Duration = 97.556Âµs
  â€¢ Repair Attempts = 0
  â€¢ Rule Fixes   = 0
ğŸ§¾ Wrote 10 unique experiments to experiments/logs/summary.csv

ğŸ§¾ Generating Markdown summary from JSON metrics...
ğŸ“Š Markdown results saved â†’ experiments/logs/results.md
âœ… Summary successfully written to experiments/logs/results.md

âœ… Experiment complete..
\033[32mâœ… Finished generating OrderAPI\033[0m
make[1]: Leaving directory '/home/marius/GolandProjects/hlabgen'
make[1]: Entering directory '/home/marius/GolandProjects/hlabgen'
\033[34mğŸ“Š Generating standard Markdown report...\033[0m
ğŸ“Š Generating reports (mode: standard)...
âœ… Standard report with lint/vet warnings: experiments/logs/results.md

============================================================
ğŸ“Š REPORT GENERATION SUMMARY
============================================================
âœ… 10/10 experiments succeeded (100.0%)
ğŸ“ Reports saved in: experiments/logs/
============================================================
\033[32mâœ… Report ready: experiments/logs/results.md\033[0m
make[1]: Leaving directory '/home/marius/GolandProjects/hlabgen'
make[1]: Entering directory '/home/marius/GolandProjects/hlabgen'
\033[34mğŸš€ Generating PaymentAPI in ml mode...\033[0m

ğŸš€ Starting generation for app: PaymentAPI (mode=ml)
2025/11/12 09:27:17 ğŸ¤– Starting PURE ML-based generation (no rules)...
ğŸ§¾ Saved ML metrics â†’ experiments/PaymentAPI/gen_metrics.json
2025/11/12 09:27:17 âš ï¸  ML generation failed once: parse template: template: prompt:139: function "ID" not defined
2025/11/12 09:27:17 ğŸ” Retrying with relaxed mode...
2025/11/12 09:27:17 ğŸª„ Using relaxed ML generation mode (cleaning JSON output)...
ğŸ§¾ Saved ML metrics â†’ experiments/PaymentAPI/gen_metrics.json
2025/11/12 09:27:17 ğŸ§¹ Cleaning malformed JSON output after error: parse template: template: prompt:139: function "ID" not defined
2025/11/12 09:27:17 ğŸ” Retrying ML generation in relaxed mode (second API call)...
ğŸ§¾ Saved ML metrics â†’ experiments/PaymentAPI/gen_metrics.json
2025/11/12 09:27:17 âŒ Relaxed ML generation still failed: parse template: template: prompt:139: function "ID" not defined
ğŸ§¾ Saved ML metrics â†’ experiments/PaymentAPI/gen_metrics_relaxed.json
2025/11/12 09:27:17 âŒ ML generation failed completely: parse template: template: prompt:139: function "ID" not defined
ğŸ”§ Verified mux dependency and tidied module
ğŸ“ Saved per-package coverage â†’ experiments/out/PaymentAPI/coverage.json
ğŸ§¾ Added summary row (with ML metrics) â†’ experiments/logs/coverage.csv

--- go test summary ---

--- experiments/out/PaymentAPI/internal/handlers ---
# github.com/eif-courses/hlabgen/experiments/out/PaymentAPI/internal/models
../models/payment.go:20:9: undefined: fmt
FAIL	github.com/eif-courses/hlabgen/experiments/out/PaymentAPI/internal/handlers [build failed]

------------------------
âœ… Validation completed in 0.48s

ğŸ“Š Summary for PaymentAPI (mode: ml):
  â€¢ BuildSuccess = false
  â€¢ LintWarnings = 12
  â€¢ TestsPass    = false
  â€¢ Coverage     = 0.0%
  â€¢ Generation Duration = 956.348Âµs
  â€¢ Repair Attempts = 0
  â€¢ Rule Fixes   = 0
ğŸ§¾ Wrote 10 unique experiments to experiments/logs/summary.csv

ğŸ§¾ Generating Markdown summary from JSON metrics...
ğŸ“Š Markdown results saved â†’ experiments/logs/results.md
âœ… Summary successfully written to experiments/logs/results.md

âœ… Experiment complete..
\033[32mâœ… Finished generating PaymentAPI\033[0m
make[1]: Leaving directory '/home/marius/GolandProjects/hlabgen'
make[1]: Entering directory '/home/marius/GolandProjects/hlabgen'
\033[34mğŸ“Š Generating standard Markdown report...\033[0m
ğŸ“Š Generating reports (mode: standard)...
âœ… Standard report with lint/vet warnings: experiments/logs/results.md

============================================================
ğŸ“Š REPORT GENERATION SUMMARY
============================================================
âœ… 10/10 experiments succeeded (100.0%)
ğŸ“ Reports saved in: experiments/logs/
============================================================
\033[32mâœ… Report ready: experiments/logs/results.md\033[0m
make[1]: Leaving directory '/home/marius/GolandProjects/hlabgen'
make[1]: Entering directory '/home/marius/GolandProjects/hlabgen'
\033[34mğŸš€ Generating PermissionAPI in ml mode...\033[0m

ğŸš€ Starting generation for app: PermissionAPI (mode=ml)
2025/11/12 09:27:18 ğŸ¤– Starting PURE ML-based generation (no rules)...
ğŸ§¾ Saved ML metrics â†’ experiments/PermissionAPI/gen_metrics.json
2025/11/12 09:27:18 âš ï¸  ML generation failed once: parse template: template: prompt:139: function "ID" not defined
2025/11/12 09:27:18 ğŸ” Retrying with relaxed mode...
2025/11/12 09:27:18 ğŸª„ Using relaxed ML generation mode (cleaning JSON output)...
ğŸ§¾ Saved ML metrics â†’ experiments/PermissionAPI/gen_metrics.json
2025/11/12 09:27:18 ğŸ§¹ Cleaning malformed JSON output after error: parse template: template: prompt:139: function "ID" not defined
2025/11/12 09:27:18 ğŸ” Retrying ML generation in relaxed mode (second API call)...
ğŸ§¾ Saved ML metrics â†’ experiments/PermissionAPI/gen_metrics.json
2025/11/12 09:27:18 âŒ Relaxed ML generation still failed: parse template: template: prompt:139: function "ID" not defined
ğŸ§¾ Saved ML metrics â†’ experiments/PermissionAPI/gen_metrics_relaxed.json
2025/11/12 09:27:18 âŒ ML generation failed completely: parse template: template: prompt:139: function "ID" not defined
ğŸ”§ Verified mux dependency and tidied module
ğŸ“ Saved per-package coverage â†’ experiments/out/PermissionAPI/coverage.json
ğŸ§¾ Added summary row (with ML metrics) â†’ experiments/logs/coverage.csv

--- go test summary ---

--- experiments/out/PermissionAPI/internal/handlers ---
# github.com/eif-courses/hlabgen/experiments/out/PermissionAPI/internal/models
../models/userrole.go:18:6: generateID redeclared in this block
	../models/role.go:18:6: other declaration of generateID
../models/userrole.go:19:9: undefined: fmt
../models/role.go:19:9: undefined: fmt
FAIL	github.com/eif-courses/hlabgen/experiments/out/PermissionAPI/internal/handlers [build failed]

------------------------
âœ… Validation completed in 0.42s

ğŸ“Š Summary for PermissionAPI (mode: ml):
  â€¢ BuildSuccess = false
  â€¢ LintWarnings = 27
  â€¢ TestsPass    = false
  â€¢ Coverage     = 0.0%
  â€¢ Generation Duration = 50.903Âµs
  â€¢ Repair Attempts = 0
  â€¢ Rule Fixes   = 0
ğŸ§¾ Wrote 10 unique experiments to experiments/logs/summary.csv

ğŸ§¾ Generating Markdown summary from JSON metrics...
ğŸ“Š Markdown results saved â†’ experiments/logs/results.md
âœ… Summary successfully written to experiments/logs/results.md

âœ… Experiment complete..
\033[32mâœ… Finished generating PermissionAPI\033[0m
make[1]: Leaving directory '/home/marius/GolandProjects/hlabgen'
make[1]: Entering directory '/home/marius/GolandProjects/hlabgen'
\033[34mğŸ“Š Generating standard Markdown report...\033[0m
ğŸ“Š Generating reports (mode: standard)...
âœ… Standard report with lint/vet warnings: experiments/logs/results.md

============================================================
ğŸ“Š REPORT GENERATION SUMMARY
============================================================
âœ… 10/10 experiments succeeded (100.0%)
ğŸ“ Reports saved in: experiments/logs/
============================================================
\033[32mâœ… Report ready: experiments/logs/results.md\033[0m
make[1]: Leaving directory '/home/marius/GolandProjects/hlabgen'
make[1]: Entering directory '/home/marius/GolandProjects/hlabgen'
\033[34mğŸš€ Generating SchedulerAPI in ml mode...\033[0m

ğŸš€ Starting generation for app: SchedulerAPI (mode=ml)
2025/11/12 09:27:18 ğŸ¤– Starting PURE ML-based generation (no rules)...
ğŸ§¾ Saved ML metrics â†’ experiments/SchedulerAPI/gen_metrics.json
2025/11/12 09:27:18 âš ï¸  ML generation failed once: parse template: template: prompt:139: function "ID" not defined
2025/11/12 09:27:18 ğŸ” Retrying with relaxed mode...
2025/11/12 09:27:18 ğŸª„ Using relaxed ML generation mode (cleaning JSON output)...
ğŸ§¾ Saved ML metrics â†’ experiments/SchedulerAPI/gen_metrics.json
2025/11/12 09:27:18 ğŸ§¹ Cleaning malformed JSON output after error: parse template: template: prompt:139: function "ID" not defined
2025/11/12 09:27:18 ğŸ” Retrying ML generation in relaxed mode (second API call)...
ğŸ§¾ Saved ML metrics â†’ experiments/SchedulerAPI/gen_metrics.json
2025/11/12 09:27:18 âŒ Relaxed ML generation still failed: parse template: template: prompt:139: function "ID" not defined
ğŸ§¾ Saved ML metrics â†’ experiments/SchedulerAPI/gen_metrics_relaxed.json
2025/11/12 09:27:18 âŒ ML generation failed completely: parse template: template: prompt:139: function "ID" not defined
ğŸ”§ Verified mux dependency and tidied module
ğŸ“ Saved per-package coverage â†’ experiments/out/SchedulerAPI/coverage.json
ğŸ§¾ Added summary row (with ML metrics) â†’ experiments/logs/coverage.csv

--- go test summary ---

--- experiments/out/SchedulerAPI/internal/handlers ---
# github.com/eif-courses/hlabgen/experiments/out/SchedulerAPI/internal/models
../models/scheduledjob.go:18:6: generateID redeclared in this block
	../models/executionlog.go:18:6: other declaration of generateID
../models/scheduledjob.go:19:9: undefined: fmt
../models/executionlog.go:19:9: undefined: fmt
FAIL	github.com/eif-courses/hlabgen/experiments/out/SchedulerAPI/internal/handlers [build failed]

------------------------
âœ… Validation completed in 0.64s

ğŸ“Š Summary for SchedulerAPI (mode: ml):
  â€¢ BuildSuccess = false
  â€¢ LintWarnings = 27
  â€¢ TestsPass    = false
  â€¢ Coverage     = 0.0%
  â€¢ Generation Duration = 83.064Âµs
  â€¢ Repair Attempts = 0
  â€¢ Rule Fixes   = 0
ğŸ§¾ Wrote 10 unique experiments to experiments/logs/summary.csv

ğŸ§¾ Generating Markdown summary from JSON metrics...
ğŸ“Š Markdown results saved â†’ experiments/logs/results.md
âœ… Summary successfully written to experiments/logs/results.md

âœ… Experiment complete..
\033[32mâœ… Finished generating SchedulerAPI\033[0m
make[1]: Leaving directory '/home/marius/GolandProjects/hlabgen'
make[1]: Entering directory '/home/marius/GolandProjects/hlabgen'
\033[34mğŸ“Š Generating standard Markdown report...\033[0m
ğŸ“Š Generating reports (mode: standard)...
âœ… Standard report with lint/vet warnings: experiments/logs/results.md

============================================================
ğŸ“Š REPORT GENERATION SUMMARY
============================================================
âœ… 10/10 experiments succeeded (100.0%)
ğŸ“ Reports saved in: experiments/logs/
============================================================
\033[32mâœ… Report ready: experiments/logs/results.md\033[0m
make[1]: Leaving directory '/home/marius/GolandProjects/hlabgen'
make[1]: Entering directory '/home/marius/GolandProjects/hlabgen'
\033[34mğŸš€ Generating SearchAPI in ml mode...\033[0m

ğŸš€ Starting generation for app: SearchAPI (mode=ml)
2025/11/12 09:27:19 ğŸ¤– Starting PURE ML-based generation (no rules)...
ğŸ§¾ Saved ML metrics â†’ experiments/SearchAPI/gen_metrics.json
2025/11/12 09:27:19 âš ï¸  ML generation failed once: parse template: template: prompt:139: function "ID" not defined
2025/11/12 09:27:19 ğŸ” Retrying with relaxed mode...
2025/11/12 09:27:19 ğŸª„ Using relaxed ML generation mode (cleaning JSON output)...
ğŸ§¾ Saved ML metrics â†’ experiments/SearchAPI/gen_metrics.json
2025/11/12 09:27:19 ğŸ§¹ Cleaning malformed JSON output after error: parse template: template: prompt:139: function "ID" not defined
2025/11/12 09:27:19 ğŸ” Retrying ML generation in relaxed mode (second API call)...
ğŸ§¾ Saved ML metrics â†’ experiments/SearchAPI/gen_metrics.json
2025/11/12 09:27:19 âŒ Relaxed ML generation still failed: parse template: template: prompt:139: function "ID" not defined
ğŸ§¾ Saved ML metrics â†’ experiments/SearchAPI/gen_metrics_relaxed.json
2025/11/12 09:27:19 âŒ ML generation failed completely: parse template: template: prompt:139: function "ID" not defined
ğŸ”§ Verified mux dependency and tidied module
ğŸ“ Saved per-package coverage â†’ experiments/out/SearchAPI/coverage.json
ğŸ§¾ Added summary row (with ML metrics) â†’ experiments/logs/coverage.csv

--- go test summary ---

--- experiments/out/SearchAPI/internal/handlers ---
# github.com/eif-courses/hlabgen/experiments/out/SearchAPI/internal/models
../models/product.go:19:9: undefined: fmt
FAIL	github.com/eif-courses/hlabgen/experiments/out/SearchAPI/internal/handlers [build failed]

------------------------
âœ… Validation completed in 0.49s

ğŸ“Š Summary for SearchAPI (mode: ml):
  â€¢ BuildSuccess = false
  â€¢ LintWarnings = 12
  â€¢ TestsPass    = false
  â€¢ Coverage     = 0.0%
  â€¢ Generation Duration = 65.33Âµs
  â€¢ Repair Attempts = 0
  â€¢ Rule Fixes   = 0
ğŸ§¾ Wrote 10 unique experiments to experiments/logs/summary.csv

ğŸ§¾ Generating Markdown summary from JSON metrics...
ğŸ“Š Markdown results saved â†’ experiments/logs/results.md
âœ… Summary successfully written to experiments/logs/results.md

âœ… Experiment complete..
\033[32mâœ… Finished generating SearchAPI\033[0m
make[1]: Leaving directory '/home/marius/GolandProjects/hlabgen'
make[1]: Entering directory '/home/marius/GolandProjects/hlabgen'
\033[34mğŸ“Š Generating standard Markdown report...\033[0m
ğŸ“Š Generating reports (mode: standard)...
âœ… Standard report with lint/vet warnings: experiments/logs/results.md

============================================================
ğŸ“Š REPORT GENERATION SUMMARY
============================================================
âœ… 10/10 experiments succeeded (100.0%)
ğŸ“ Reports saved in: experiments/logs/
============================================================
\033[32mâœ… Report ready: experiments/logs/results.md\033[0m
make[1]: Leaving directory '/home/marius/GolandProjects/hlabgen'
make[1]: Entering directory '/home/marius/GolandProjects/hlabgen'
\033[34mğŸš€ Generating WorkflowAPI in ml mode...\033[0m

ğŸš€ Starting generation for app: WorkflowAPI (mode=ml)
2025/11/12 09:27:20 ğŸ¤– Starting PURE ML-based generation (no rules)...
ğŸ§¾ Saved ML metrics â†’ experiments/WorkflowAPI/gen_metrics.json
2025/11/12 09:27:20 âš ï¸  ML generation failed once: parse template: template: prompt:139: function "ID" not defined
2025/11/12 09:27:20 ğŸ” Retrying with relaxed mode...
2025/11/12 09:27:20 ğŸª„ Using relaxed ML generation mode (cleaning JSON output)...
ğŸ§¾ Saved ML metrics â†’ experiments/WorkflowAPI/gen_metrics.json
2025/11/12 09:27:20 ğŸ§¹ Cleaning malformed JSON output after error: parse template: template: prompt:139: function "ID" not defined
2025/11/12 09:27:20 ğŸ” Retrying ML generation in relaxed mode (second API call)...
ğŸ§¾ Saved ML metrics â†’ experiments/WorkflowAPI/gen_metrics.json
2025/11/12 09:27:20 âŒ Relaxed ML generation still failed: parse template: template: prompt:139: function "ID" not defined
ğŸ§¾ Saved ML metrics â†’ experiments/WorkflowAPI/gen_metrics_relaxed.json
2025/11/12 09:27:20 âŒ ML generation failed completely: parse template: template: prompt:139: function "ID" not defined
ğŸ”§ Verified mux dependency and tidied module
ğŸ“ Saved per-package coverage â†’ experiments/out/WorkflowAPI/coverage.json
ğŸ§¾ Added summary row (with ML metrics) â†’ experiments/logs/coverage.csv

--- go test summary ---

--- experiments/out/WorkflowAPI/internal/handlers ---
# github.com/eif-courses/hlabgen/experiments/out/WorkflowAPI/internal/models
../models/workflow.go:19:6: generateID redeclared in this block
	../models/approvalrecord.go:19:6: other declaration of generateID
../models/workflow.go:20:9: undefined: fmt
../models/approvalrecord.go:20:9: undefined: fmt
FAIL	github.com/eif-courses/hlabgen/experiments/out/WorkflowAPI/internal/handlers [build failed]

------------------------
âœ… Validation completed in 0.53s

ğŸ“Š Summary for WorkflowAPI (mode: ml):
  â€¢ BuildSuccess = false
  â€¢ LintWarnings = 27
  â€¢ TestsPass    = false
  â€¢ Coverage     = 0.0%
  â€¢ Generation Duration = 106.388Âµs
  â€¢ Repair Attempts = 0
  â€¢ Rule Fixes   = 0
ğŸ§¾ Wrote 10 unique experiments to experiments/logs/summary.csv

ğŸ§¾ Generating Markdown summary from JSON metrics...
ğŸ“Š Markdown results saved â†’ experiments/logs/results.md
âœ… Summary successfully written to experiments/logs/results.md

âœ… Experiment complete..
\033[32mâœ… Finished generating WorkflowAPI\033[0m
make[1]: Leaving directory '/home/marius/GolandProjects/hlabgen'
make[1]: Entering directory '/home/marius/GolandProjects/hlabgen'
\033[34mğŸ“Š Generating standard Markdown report...\033[0m
ğŸ“Š Generating reports (mode: standard)...
âœ… Standard report with lint/vet warnings: experiments/logs/results.md

============================================================
ğŸ“Š REPORT GENERATION SUMMARY
============================================================
âœ… 10/10 experiments succeeded (100.0%)
ğŸ“ Reports saved in: experiments/logs/
============================================================
\033[32mâœ… Report ready: experiments/logs/results.md\033[0m
make[1]: Leaving directory '/home/marius/GolandProjects/hlabgen'
